Performing Curl Test HAVE_FSETXATTR_6 failed with the following output:
Change Dir: '/home/munyaantony/enpm702_cpp_ws/enpm702_fall2024/cmake-3.22.1/cmake-3.28.1/CMakeFiles/CMakeTmp'

Run Build Command(s): /home/munyaantony/enpm702_cpp_ws/enpm702_fall2024/cmake-3.22.1/cmake-3.28.1/Bootstrap.cmk/cmake -E env VERBOSE=1 /usr/bin/gmake -f Makefile cmTC_b757d/fast
gmake  -f CMakeFiles/cmTC_b757d.dir/build.make CMakeFiles/cmTC_b757d.dir/build
gmake[1]: Entering directory '/home/munyaantony/enpm702_cpp_ws/enpm702_fall2024/cmake-3.22.1/cmake-3.28.1/CMakeFiles/CMakeTmp'
Building C object CMakeFiles/cmTC_b757d.dir/CurlTests.c.o
/usr/bin/gcc   -w -DHAVE_FSETXATTR_6  -DHAVE_INTTYPES_H -DHAVE_SYS_WAIT_H -DHAVE_SYS_IOCTL_H -DHAVE_SYS_PARAM_H -DHAVE_SYS_POLL_H -DHAVE_SYS_RESOURCE_H -DHAVE_SYS_SELECT_H -DHAVE_SYS_SOCKET_H -DHAVE_SYS_STAT_H -DHAVE_SYS_TIME_H -DHAVE_SYS_TYPES_H -DHAVE_SYS_UN_H -DHAVE_SYS_XATTR_H -DHAVE_ARPA_INET_H -DHAVE_FCNTL_H -DHAVE_IFADDRS_H -DHAVE_LIBGEN_H -DHAVE_LOCALE_H -DHAVE_NET_IF_H -DHAVE_NETDB_H -DHAVE_NETINET_IN_H -DHAVE_NETINET_TCP_H -DHAVE_NETINET_UDP_H -DHAVE_POLL_H -DHAVE_PWD_H -DHAVE_STDBOOL_H -DHAVE_STDINT_H -DHAVE_STRINGS_H -DHAVE_TERMIO_H -DHAVE_TERMIOS_H -DHAVE_UNISTD_H -DHAVE_UTIME_H -std=gnu11 -o CMakeFiles/cmTC_b757d.dir/CurlTests.c.o -c /home/munyaantony/enpm702_cpp_ws/enpm702_fall2024/cmake-3.22.1/cmake-3.28.1/Utilities/cmcurl/CMake/CurlTests.c
/home/munyaantony/enpm702_cpp_ws/enpm702_fall2024/cmake-3.22.1/cmake-3.28.1/Utilities/cmcurl/CMake/CurlTests.c: In function ‘main’:
/home/munyaantony/enpm702_cpp_ws/enpm702_fall2024/cmake-3.22.1/cmake-3.28.1/Utilities/cmcurl/CMake/CurlTests.c:406:3: error: too many arguments to function ‘fsetxattr’
  406 |   fsetxattr(0, 0, 0, 0, 0, 0);
      |   ^~~~~~~~~
In file included from /home/munyaantony/enpm702_cpp_ws/enpm702_fall2024/cmake-3.22.1/cmake-3.28.1/Utilities/cmcurl/CMake/CurlTests.c:403:
/usr/include/x86_64-linux-gnu/sys/xattr.h:54:12: note: declared here
   54 | extern int fsetxattr (int __fd, const char *__name, const void *__value,
      |            ^~~~~~~~~
gmake[1]: *** [CMakeFiles/cmTC_b757d.dir/build.make:78: CMakeFiles/cmTC_b757d.dir/CurlTests.c.o] Error 1
gmake[1]: Leaving directory '/home/munyaantony/enpm702_cpp_ws/enpm702_fall2024/cmake-3.22.1/cmake-3.28.1/CMakeFiles/CMakeTmp'
gmake: *** [Makefile:127: cmTC_b757d/fast] Error 2


Performing Curl Test HAVE_IOCTLSOCKET failed with the following output:
Change Dir: '/home/munyaantony/enpm702_cpp_ws/enpm702_fall2024/cmake-3.22.1/cmake-3.28.1/CMakeFiles/CMakeTmp'

Run Build Command(s): /home/munyaantony/enpm702_cpp_ws/enpm702_fall2024/cmake-3.22.1/cmake-3.28.1/Bootstrap.cmk/cmake -E env VERBOSE=1 /usr/bin/gmake -f Makefile cmTC_93a8c/fast
gmake  -f CMakeFiles/cmTC_93a8c.dir/build.make CMakeFiles/cmTC_93a8c.dir/build
gmake[1]: Entering directory '/home/munyaantony/enpm702_cpp_ws/enpm702_fall2024/cmake-3.22.1/cmake-3.28.1/CMakeFiles/CMakeTmp'
Building C object CMakeFiles/cmTC_93a8c.dir/CurlTests.c.o
/usr/bin/gcc   -w -DHAVE_IOCTLSOCKET  -DHAVE_INTTYPES_H -DHAVE_SYS_WAIT_H -DHAVE_SYS_IOCTL_H -DHAVE_SYS_PARAM_H -DHAVE_SYS_POLL_H -DHAVE_SYS_RESOURCE_H -DHAVE_SYS_SELECT_H -DHAVE_SYS_SOCKET_H -DHAVE_SYS_STAT_H -DHAVE_SYS_TIME_H -DHAVE_SYS_TYPES_H -DHAVE_SYS_UN_H -DHAVE_SYS_XATTR_H -DHAVE_ARPA_INET_H -DHAVE_FCNTL_H -DHAVE_IFADDRS_H -DHAVE_LIBGEN_H -DHAVE_LOCALE_H -DHAVE_NET_IF_H -DHAVE_NETDB_H -DHAVE_NETINET_IN_H -DHAVE_NETINET_TCP_H -DHAVE_NETINET_UDP_H -DHAVE_POLL_H -DHAVE_PWD_H -DHAVE_STDBOOL_H -DHAVE_STDINT_H -DHAVE_STRINGS_H -DHAVE_TERMIO_H -DHAVE_TERMIOS_H -DHAVE_UNISTD_H -DHAVE_UTIME_H -std=gnu11 -o CMakeFiles/cmTC_93a8c.dir/CurlTests.c.o -c /home/munyaantony/enpm702_cpp_ws/enpm702_fall2024/cmake-3.22.1/cmake-3.28.1/Utilities/cmcurl/CMake/CurlTests.c
/home/munyaantony/enpm702_cpp_ws/enpm702_fall2024/cmake-3.22.1/cmake-3.28.1/Utilities/cmcurl/CMake/CurlTests.c: In function ‘main’:
/home/munyaantony/enpm702_cpp_ws/enpm702_fall2024/cmake-3.22.1/cmake-3.28.1/Utilities/cmcurl/CMake/CurlTests.c:204:44: error: ‘FIONBIO’ undeclared (first use in this function)
  204 |  unsigned long flags = ioctlsocket(socket, FIONBIO, &flags);
      |                                            ^~~~~~~
/home/munyaantony/enpm702_cpp_ws/enpm702_fall2024/cmake-3.22.1/cmake-3.28.1/Utilities/cmcurl/CMake/CurlTests.c:204:44: note: each undeclared identifier is reported only once for each function it appears in
gmake[1]: *** [CMakeFiles/cmTC_93a8c.dir/build.make:78: CMakeFiles/cmTC_93a8c.dir/CurlTests.c.o] Error 1
gmake[1]: Leaving directory '/home/munyaantony/enpm702_cpp_ws/enpm702_fall2024/cmake-3.22.1/cmake-3.28.1/CMakeFiles/CMakeTmp'
gmake: *** [Makefile:127: cmTC_93a8c/fast] Error 2


Performing Curl Test HAVE_IOCTLSOCKET_CAMEL failed with the following output:
Change Dir: '/home/munyaantony/enpm702_cpp_ws/enpm702_fall2024/cmake-3.22.1/cmake-3.28.1/CMakeFiles/CMakeTmp'

Run Build Command(s): /home/munyaantony/enpm702_cpp_ws/enpm702_fall2024/cmake-3.22.1/cmake-3.28.1/Bootstrap.cmk/cmake -E env VERBOSE=1 /usr/bin/gmake -f Makefile cmTC_211f5/fast
gmake  -f CMakeFiles/cmTC_211f5.dir/build.make CMakeFiles/cmTC_211f5.dir/build
gmake[1]: Entering directory '/home/munyaantony/enpm702_cpp_ws/enpm702_fall2024/cmake-3.22.1/cmake-3.28.1/CMakeFiles/CMakeTmp'
Building C object CMakeFiles/cmTC_211f5.dir/CurlTests.c.o
/usr/bin/gcc   -w -DHAVE_IOCTLSOCKET_CAMEL  -DHAVE_INTTYPES_H -DHAVE_SYS_WAIT_H -DHAVE_SYS_IOCTL_H -DHAVE_SYS_PARAM_H -DHAVE_SYS_POLL_H -DHAVE_SYS_RESOURCE_H -DHAVE_SYS_SELECT_H -DHAVE_SYS_SOCKET_H -DHAVE_SYS_STAT_H -DHAVE_SYS_TIME_H -DHAVE_SYS_TYPES_H -DHAVE_SYS_UN_H -DHAVE_SYS_XATTR_H -DHAVE_ARPA_INET_H -DHAVE_FCNTL_H -DHAVE_IFADDRS_H -DHAVE_LIBGEN_H -DHAVE_LOCALE_H -DHAVE_NET_IF_H -DHAVE_NETDB_H -DHAVE_NETINET_IN_H -DHAVE_NETINET_TCP_H -DHAVE_NETINET_UDP_H -DHAVE_POLL_H -DHAVE_PWD_H -DHAVE_STDBOOL_H -DHAVE_STDINT_H -DHAVE_STRINGS_H -DHAVE_TERMIO_H -DHAVE_TERMIOS_H -DHAVE_UNISTD_H -DHAVE_UTIME_H -std=gnu11 -o CMakeFiles/cmTC_211f5.dir/CurlTests.c.o -c /home/munyaantony/enpm702_cpp_ws/enpm702_fall2024/cmake-3.22.1/cmake-3.28.1/Utilities/cmcurl/CMake/CurlTests.c
Linking C executable cmTC_211f5
/home/munyaantony/enpm702_cpp_ws/enpm702_fall2024/cmake-3.22.1/cmake-3.28.1/Bootstrap.cmk/cmake -E cmake_link_script CMakeFiles/cmTC_211f5.dir/link.txt --verbose=1
/usr/bin/gcc  -w -DHAVE_IOCTLSOCKET_CAMEL  -DHAVE_INTTYPES_H -DHAVE_SYS_WAIT_H -DHAVE_SYS_IOCTL_H -DHAVE_SYS_PARAM_H -DHAVE_SYS_POLL_H -DHAVE_SYS_RESOURCE_H -DHAVE_SYS_SELECT_H -DHAVE_SYS_SOCKET_H -DHAVE_SYS_STAT_H -DHAVE_SYS_TIME_H -DHAVE_SYS_TYPES_H -DHAVE_SYS_UN_H -DHAVE_SYS_XATTR_H -DHAVE_ARPA_INET_H -DHAVE_FCNTL_H -DHAVE_IFADDRS_H -DHAVE_LIBGEN_H -DHAVE_LOCALE_H -DHAVE_NET_IF_H -DHAVE_NETDB_H -DHAVE_NETINET_IN_H -DHAVE_NETINET_TCP_H -DHAVE_NETINET_UDP_H -DHAVE_POLL_H -DHAVE_PWD_H -DHAVE_STDBOOL_H -DHAVE_STDINT_H -DHAVE_STRINGS_H -DHAVE_TERMIO_H -DHAVE_TERMIOS_H -DHAVE_UNISTD_H -DHAVE_UTIME_H CMakeFiles/cmTC_211f5.dir/CurlTests.c.o -o cmTC_211f5 
/usr/bin/ld: CMakeFiles/cmTC_211f5.dir/CurlTests.c.o: in function `main':
CurlTests.c:(.text+0x1d): undefined reference to `IoctlSocket'
collect2: error: ld returned 1 exit status
gmake[1]: *** [CMakeFiles/cmTC_211f5.dir/build.make:99: cmTC_211f5] Error 1
gmake[1]: Leaving directory '/home/munyaantony/enpm702_cpp_ws/enpm702_fall2024/cmake-3.22.1/cmake-3.28.1/CMakeFiles/CMakeTmp'
gmake: *** [Makefile:127: cmTC_211f5/fast] Error 2


Performing Curl Test HAVE_IOCTLSOCKET_CAMEL_FIONBIO failed with the following output:
Change Dir: '/home/munyaantony/enpm702_cpp_ws/enpm702_fall2024/cmake-3.22.1/cmake-3.28.1/CMakeFiles/CMakeTmp'

Run Build Command(s): /home/munyaantony/enpm702_cpp_ws/enpm702_fall2024/cmake-3.22.1/cmake-3.28.1/Bootstrap.cmk/cmake -E env VERBOSE=1 /usr/bin/gmake -f Makefile cmTC_22883/fast
gmake  -f CMakeFiles/cmTC_22883.dir/build.make CMakeFiles/cmTC_22883.dir/build
gmake[1]: Entering directory '/home/munyaantony/enpm702_cpp_ws/enpm702_fall2024/cmake-3.22.1/cmake-3.28.1/CMakeFiles/CMakeTmp'
Building C object CMakeFiles/cmTC_22883.dir/CurlTests.c.o
/usr/bin/gcc   -w -DHAVE_IOCTLSOCKET_CAMEL_FIONBIO  -DHAVE_INTTYPES_H -DHAVE_SYS_WAIT_H -DHAVE_SYS_IOCTL_H -DHAVE_SYS_PARAM_H -DHAVE_SYS_POLL_H -DHAVE_SYS_RESOURCE_H -DHAVE_SYS_SELECT_H -DHAVE_SYS_SOCKET_H -DHAVE_SYS_STAT_H -DHAVE_SYS_TIME_H -DHAVE_SYS_TYPES_H -DHAVE_SYS_UN_H -DHAVE_SYS_XATTR_H -DHAVE_ARPA_INET_H -DHAVE_FCNTL_H -DHAVE_IFADDRS_H -DHAVE_LIBGEN_H -DHAVE_LOCALE_H -DHAVE_NET_IF_H -DHAVE_NETDB_H -DHAVE_NETINET_IN_H -DHAVE_NETINET_TCP_H -DHAVE_NETINET_UDP_H -DHAVE_POLL_H -DHAVE_PWD_H -DHAVE_STDBOOL_H -DHAVE_STDINT_H -DHAVE_STRINGS_H -DHAVE_TERMIO_H -DHAVE_TERMIOS_H -DHAVE_UNISTD_H -DHAVE_UTIME_H -std=gnu11 -o CMakeFiles/cmTC_22883.dir/CurlTests.c.o -c /home/munyaantony/enpm702_cpp_ws/enpm702_fall2024/cmake-3.22.1/cmake-3.28.1/Utilities/cmcurl/CMake/CurlTests.c
/home/munyaantony/enpm702_cpp_ws/enpm702_fall2024/cmake-3.22.1/cmake-3.28.1/Utilities/cmcurl/CMake/CurlTests.c: In function ‘main’:
/home/munyaantony/enpm702_cpp_ws/enpm702_fall2024/cmake-3.22.1/cmake-3.28.1/Utilities/cmcurl/CMake/CurlTests.c:252:32: error: ‘FIONBIO’ undeclared (first use in this function)
  252 |         if(0 != IoctlSocket(0, FIONBIO, &flags))
      |                                ^~~~~~~
/home/munyaantony/enpm702_cpp_ws/enpm702_fall2024/cmake-3.22.1/cmake-3.28.1/Utilities/cmcurl/CMake/CurlTests.c:252:32: note: each undeclared identifier is reported only once for each function it appears in
gmake[1]: *** [CMakeFiles/cmTC_22883.dir/build.make:78: CMakeFiles/cmTC_22883.dir/CurlTests.c.o] Error 1
gmake[1]: Leaving directory '/home/munyaantony/enpm702_cpp_ws/enpm702_fall2024/cmake-3.22.1/cmake-3.28.1/CMakeFiles/CMakeTmp'
gmake: *** [Makefile:127: cmTC_22883/fast] Error 2


Performing Curl Test HAVE_IOCTLSOCKET_FIONBIO failed with the following output:
Change Dir: '/home/munyaantony/enpm702_cpp_ws/enpm702_fall2024/cmake-3.22.1/cmake-3.28.1/CMakeFiles/CMakeTmp'

Run Build Command(s): /home/munyaantony/enpm702_cpp_ws/enpm702_fall2024/cmake-3.22.1/cmake-3.28.1/Bootstrap.cmk/cmake -E env VERBOSE=1 /usr/bin/gmake -f Makefile cmTC_e5a1a/fast
gmake  -f CMakeFiles/cmTC_e5a1a.dir/build.make CMakeFiles/cmTC_e5a1a.dir/build
gmake[1]: Entering directory '/home/munyaantony/enpm702_cpp_ws/enpm702_fall2024/cmake-3.22.1/cmake-3.28.1/CMakeFiles/CMakeTmp'
Building C object CMakeFiles/cmTC_e5a1a.dir/CurlTests.c.o
/usr/bin/gcc   -w -DHAVE_IOCTLSOCKET_FIONBIO  -DHAVE_INTTYPES_H -DHAVE_SYS_WAIT_H -DHAVE_SYS_IOCTL_H -DHAVE_SYS_PARAM_H -DHAVE_SYS_POLL_H -DHAVE_SYS_RESOURCE_H -DHAVE_SYS_SELECT_H -DHAVE_SYS_SOCKET_H -DHAVE_SYS_STAT_H -DHAVE_SYS_TIME_H -DHAVE_SYS_TYPES_H -DHAVE_SYS_UN_H -DHAVE_SYS_XATTR_H -DHAVE_ARPA_INET_H -DHAVE_FCNTL_H -DHAVE_IFADDRS_H -DHAVE_LIBGEN_H -DHAVE_LOCALE_H -DHAVE_NET_IF_H -DHAVE_NETDB_H -DHAVE_NETINET_IN_H -DHAVE_NETINET_TCP_H -DHAVE_NETINET_UDP_H -DHAVE_POLL_H -DHAVE_PWD_H -DHAVE_STDBOOL_H -DHAVE_STDINT_H -DHAVE_STRINGS_H -DHAVE_TERMIO_H -DHAVE_TERMIOS_H -DHAVE_UNISTD_H -DHAVE_UTIME_H -std=gnu11 -o CMakeFiles/cmTC_e5a1a.dir/CurlTests.c.o -c /home/munyaantony/enpm702_cpp_ws/enpm702_fall2024/cmake-3.22.1/cmake-3.28.1/Utilities/cmcurl/CMake/CurlTests.c
/home/munyaantony/enpm702_cpp_ws/enpm702_fall2024/cmake-3.22.1/cmake-3.28.1/Utilities/cmcurl/CMake/CurlTests.c: In function ‘main’:
/home/munyaantony/enpm702_cpp_ws/enpm702_fall2024/cmake-3.22.1/cmake-3.28.1/Utilities/cmcurl/CMake/CurlTests.c:275:32: error: ‘FIONBIO’ undeclared (first use in this function)
  275 |         if(0 != ioctlsocket(0, FIONBIO, &flags))
      |                                ^~~~~~~
/home/munyaantony/enpm702_cpp_ws/enpm702_fall2024/cmake-3.22.1/cmake-3.28.1/Utilities/cmcurl/CMake/CurlTests.c:275:32: note: each undeclared identifier is reported only once for each function it appears in
gmake[1]: *** [CMakeFiles/cmTC_e5a1a.dir/build.make:78: CMakeFiles/cmTC_e5a1a.dir/CurlTests.c.o] Error 1
gmake[1]: Leaving directory '/home/munyaantony/enpm702_cpp_ws/enpm702_fall2024/cmake-3.22.1/cmake-3.28.1/CMakeFiles/CMakeTmp'
gmake: *** [Makefile:127: cmTC_e5a1a/fast] Error 2


Performing Curl Test HAVE_SETSOCKOPT_SO_NONBLOCK failed with the following output:
Change Dir: '/home/munyaantony/enpm702_cpp_ws/enpm702_fall2024/cmake-3.22.1/cmake-3.28.1/CMakeFiles/CMakeTmp'

Run Build Command(s): /home/munyaantony/enpm702_cpp_ws/enpm702_fall2024/cmake-3.22.1/cmake-3.28.1/Bootstrap.cmk/cmake -E env VERBOSE=1 /usr/bin/gmake -f Makefile cmTC_c8780/fast
gmake  -f CMakeFiles/cmTC_c8780.dir/build.make CMakeFiles/cmTC_c8780.dir/build
gmake[1]: Entering directory '/home/munyaantony/enpm702_cpp_ws/enpm702_fall2024/cmake-3.22.1/cmake-3.28.1/CMakeFiles/CMakeTmp'
Building C object CMakeFiles/cmTC_c8780.dir/CurlTests.c.o
/usr/bin/gcc   -w -DHAVE_SETSOCKOPT_SO_NONBLOCK  -DHAVE_INTTYPES_H -DHAVE_SYS_WAIT_H -DHAVE_SYS_IOCTL_H -DHAVE_SYS_PARAM_H -DHAVE_SYS_POLL_H -DHAVE_SYS_RESOURCE_H -DHAVE_SYS_SELECT_H -DHAVE_SYS_SOCKET_H -DHAVE_SYS_STAT_H -DHAVE_SYS_TIME_H -DHAVE_SYS_TYPES_H -DHAVE_SYS_UN_H -DHAVE_SYS_XATTR_H -DHAVE_ARPA_INET_H -DHAVE_FCNTL_H -DHAVE_IFADDRS_H -DHAVE_LIBGEN_H -DHAVE_LOCALE_H -DHAVE_NET_IF_H -DHAVE_NETDB_H -DHAVE_NETINET_IN_H -DHAVE_NETINET_TCP_H -DHAVE_NETINET_UDP_H -DHAVE_POLL_H -DHAVE_PWD_H -DHAVE_STDBOOL_H -DHAVE_STDINT_H -DHAVE_STRINGS_H -DHAVE_TERMIO_H -DHAVE_TERMIOS_H -DHAVE_UNISTD_H -DHAVE_UTIME_H -std=gnu11 -o CMakeFiles/cmTC_c8780.dir/CurlTests.c.o -c /home/munyaantony/enpm702_cpp_ws/enpm702_fall2024/cmake-3.22.1/cmake-3.28.1/Utilities/cmcurl/CMake/CurlTests.c
/home/munyaantony/enpm702_cpp_ws/enpm702_fall2024/cmake-3.22.1/cmake-3.28.1/Utilities/cmcurl/CMake/CurlTests.c: In function ‘main’:
/home/munyaantony/enpm702_cpp_ws/enpm702_fall2024/cmake-3.22.1/cmake-3.28.1/Utilities/cmcurl/CMake/CurlTests.c:367:43: error: ‘SO_NONBLOCK’ undeclared (first use in this function); did you mean ‘SOCK_NONBLOCK’?
  367 |         if(0 != setsockopt(0, SOL_SOCKET, SO_NONBLOCK, 0, 0))
      |                                           ^~~~~~~~~~~
      |                                           SOCK_NONBLOCK
/home/munyaantony/enpm702_cpp_ws/enpm702_fall2024/cmake-3.22.1/cmake-3.28.1/Utilities/cmcurl/CMake/CurlTests.c:367:43: note: each undeclared identifier is reported only once for each function it appears in
gmake[1]: *** [CMakeFiles/cmTC_c8780.dir/build.make:78: CMakeFiles/cmTC_c8780.dir/CurlTests.c.o] Error 1
gmake[1]: Leaving directory '/home/munyaantony/enpm702_cpp_ws/enpm702_fall2024/cmake-3.22.1/cmake-3.28.1/CMakeFiles/CMakeTmp'
gmake: *** [Makefile:127: cmTC_c8780/fast] Error 2


Performing Curl Test HAVE_O_NONBLOCK failed with the following output:
Change Dir: '/home/munyaantony/enpm702_cpp_ws/enpm702_fall2024/cmake-3.22.1/cmake-3.28.1/CMakeFiles/CMakeTmp'

Run Build Command(s): /home/munyaantony/enpm702_cpp_ws/enpm702_fall2024/cmake-3.22.1/cmake-3.28.1/Bootstrap.cmk/cmake -E env VERBOSE=1 /usr/bin/gmake -f Makefile cmTC_c8586/fast
gmake  -f CMakeFiles/cmTC_c8586.dir/build.make CMakeFiles/cmTC_c8586.dir/build
gmake[1]: Entering directory '/home/munyaantony/enpm702_cpp_ws/enpm702_fall2024/cmake-3.22.1/cmake-3.28.1/CMakeFiles/CMakeTmp'
Building C object CMakeFiles/cmTC_c8586.dir/CurlTests.c.o
/usr/bin/gcc   -w -DHAVE_O_NONBLOCK  -DHAVE_INTTYPES_H -DHAVE_SYS_WAIT_H -DHAVE_SYS_IOCTL_H -DHAVE_SYS_PARAM_H -DHAVE_SYS_POLL_H -DHAVE_SYS_RESOURCE_H -DHAVE_SYS_SELECT_H -DHAVE_SYS_SOCKET_H -DHAVE_SYS_STAT_H -DHAVE_SYS_TIME_H -DHAVE_SYS_TYPES_H -DHAVE_SYS_UN_H -DHAVE_SYS_XATTR_H -DHAVE_ARPA_INET_H -DHAVE_FCNTL_H -DHAVE_IFADDRS_H -DHAVE_LIBGEN_H -DHAVE_LOCALE_H -DHAVE_NET_IF_H -DHAVE_NETDB_H -DHAVE_NETINET_IN_H -DHAVE_NETINET_TCP_H -DHAVE_NETINET_UDP_H -DHAVE_POLL_H -DHAVE_PWD_H -DHAVE_STDBOOL_H -DHAVE_STDINT_H -DHAVE_STRINGS_H -DHAVE_TERMIO_H -DHAVE_TERMIOS_H -DHAVE_UNISTD_H -DHAVE_UTIME_H -std=gnu11 -o CMakeFiles/cmTC_c8586.dir/CurlTests.c.o -c /home/munyaantony/enpm702_cpp_ws/enpm702_fall2024/cmake-3.22.1/cmake-3.28.1/Utilities/cmcurl/CMake/CurlTests.c
Linking C executable cmTC_c8586
/home/munyaantony/enpm702_cpp_ws/enpm702_fall2024/cmake-3.22.1/cmake-3.28.1/Bootstrap.cmk/cmake -E cmake_link_script CMakeFiles/cmTC_c8586.dir/link.txt --verbose=1
/usr/bin/gcc  -w -DHAVE_O_NONBLOCK  -DHAVE_INTTYPES_H -DHAVE_SYS_WAIT_H -DHAVE_SYS_IOCTL_H -DHAVE_SYS_PARAM_H -DHAVE_SYS_POLL_H -DHAVE_SYS_RESOURCE_H -DHAVE_SYS_SELECT_H -DHAVE_SYS_SOCKET_H -DHAVE_SYS_STAT_H -DHAVE_SYS_TIME_H -DHAVE_SYS_TYPES_H -DHAVE_SYS_UN_H -DHAVE_SYS_XATTR_H -DHAVE_ARPA_INET_H -DHAVE_FCNTL_H -DHAVE_IFADDRS_H -DHAVE_LIBGEN_H -DHAVE_LOCALE_H -DHAVE_NET_IF_H -DHAVE_NETDB_H -DHAVE_NETINET_IN_H -DHAVE_NETINET_TCP_H -DHAVE_NETINET_UDP_H -DHAVE_POLL_H -DHAVE_PWD_H -DHAVE_STDBOOL_H -DHAVE_STDINT_H -DHAVE_STRINGS_H -DHAVE_TERMIO_H -DHAVE_TERMIOS_H -DHAVE_UNISTD_H -DHAVE_UTIME_H CMakeFiles/cmTC_c8586.dir/CurlTests.c.o -o cmTC_c8586 
/usr/bin/ld: /usr/lib/gcc/x86_64-linux-gnu/11/../../../x86_64-linux-gnu/Scrt1.o: in function `_start':
(.text+0x1b): undefined reference to `main'
collect2: error: ld returned 1 exit status
gmake[1]: *** [CMakeFiles/cmTC_c8586.dir/build.make:99: cmTC_c8586] Error 1
gmake[1]: Leaving directory '/home/munyaantony/enpm702_cpp_ws/enpm702_fall2024/cmake-3.22.1/cmake-3.28.1/CMakeFiles/CMakeTmp'
gmake: *** [Makefile:127: cmTC_c8586/fast] Error 2


Performing Curl Test HAVE_GETHOSTBYNAME_R_3 failed with the following output:
Change Dir: '/home/munyaantony/enpm702_cpp_ws/enpm702_fall2024/cmake-3.22.1/cmake-3.28.1/CMakeFiles/CMakeTmp'

Run Build Command(s): /home/munyaantony/enpm702_cpp_ws/enpm702_fall2024/cmake-3.22.1/cmake-3.28.1/Bootstrap.cmk/cmake -E env VERBOSE=1 /usr/bin/gmake -f Makefile cmTC_15ec2/fast
gmake  -f CMakeFiles/cmTC_15ec2.dir/build.make CMakeFiles/cmTC_15ec2.dir/build
gmake[1]: Entering directory '/home/munyaantony/enpm702_cpp_ws/enpm702_fall2024/cmake-3.22.1/cmake-3.28.1/CMakeFiles/CMakeTmp'
Building C object CMakeFiles/cmTC_15ec2.dir/CurlTests.c.o
/usr/bin/gcc   -w -DHAVE_GETHOSTBYNAME_R_3  -DHAVE_INTTYPES_H -DHAVE_SYS_WAIT_H -DHAVE_SYS_IOCTL_H -DHAVE_SYS_PARAM_H -DHAVE_SYS_POLL_H -DHAVE_SYS_RESOURCE_H -DHAVE_SYS_SELECT_H -DHAVE_SYS_SOCKET_H -DHAVE_SYS_STAT_H -DHAVE_SYS_TIME_H -DHAVE_SYS_TYPES_H -DHAVE_SYS_UN_H -DHAVE_SYS_XATTR_H -DHAVE_ARPA_INET_H -DHAVE_FCNTL_H -DHAVE_IFADDRS_H -DHAVE_LIBGEN_H -DHAVE_LOCALE_H -DHAVE_NET_IF_H -DHAVE_NETDB_H -DHAVE_NETINET_IN_H -DHAVE_NETINET_TCP_H -DHAVE_NETINET_UDP_H -DHAVE_POLL_H -DHAVE_PWD_H -DHAVE_STDBOOL_H -DHAVE_STDINT_H -DHAVE_STRINGS_H -DHAVE_TERMIO_H -DHAVE_TERMIOS_H -DHAVE_UNISTD_H -DHAVE_UTIME_H -std=gnu11 -o CMakeFiles/cmTC_15ec2.dir/CurlTests.c.o -c /home/munyaantony/enpm702_cpp_ws/enpm702_fall2024/cmake-3.22.1/cmake-3.28.1/Utilities/cmcurl/CMake/CurlTests.c
/home/munyaantony/enpm702_cpp_ws/enpm702_fall2024/cmake-3.22.1/cmake-3.28.1/Utilities/cmcurl/CMake/CurlTests.c: In function ‘main’:
/home/munyaantony/enpm702_cpp_ws/enpm702_fall2024/cmake-3.22.1/cmake-3.28.1/Utilities/cmcurl/CMake/CurlTests.c:82:23: error: storage size of ‘hdata’ isn’t known
   82 |   struct hostent_data hdata;
      |                       ^~~~~
/home/munyaantony/enpm702_cpp_ws/enpm702_fall2024/cmake-3.22.1/cmake-3.28.1/Utilities/cmcurl/CMake/CurlTests.c:94:8: error: too few arguments to function ‘gethostbyname_r’
   94 |   rc = gethostbyname_r(address, &h, &hdata);
      |        ^~~~~~~~~~~~~~~
In file included from /home/munyaantony/enpm702_cpp_ws/enpm702_fall2024/cmake-3.22.1/cmake-3.28.1/Utilities/cmcurl/CMake/CurlTests.c:72:
/usr/include/netdb.h:177:12: note: declared here
  177 | extern int gethostbyname_r (const char *__restrict __name,
      |            ^~~~~~~~~~~~~~~
gmake[1]: *** [CMakeFiles/cmTC_15ec2.dir/build.make:78: CMakeFiles/cmTC_15ec2.dir/CurlTests.c.o] Error 1
gmake[1]: Leaving directory '/home/munyaantony/enpm702_cpp_ws/enpm702_fall2024/cmake-3.22.1/cmake-3.28.1/CMakeFiles/CMakeTmp'
gmake: *** [Makefile:127: cmTC_15ec2/fast] Error 2


Performing Curl Test HAVE_GETHOSTBYNAME_R_5 failed with the following output:
Change Dir: '/home/munyaantony/enpm702_cpp_ws/enpm702_fall2024/cmake-3.22.1/cmake-3.28.1/CMakeFiles/CMakeTmp'

Run Build Command(s): /home/munyaantony/enpm702_cpp_ws/enpm702_fall2024/cmake-3.22.1/cmake-3.28.1/Bootstrap.cmk/cmake -E env VERBOSE=1 /usr/bin/gmake -f Makefile cmTC_25b06/fast
gmake  -f CMakeFiles/cmTC_25b06.dir/build.make CMakeFiles/cmTC_25b06.dir/build
gmake[1]: Entering directory '/home/munyaantony/enpm702_cpp_ws/enpm702_fall2024/cmake-3.22.1/cmake-3.28.1/CMakeFiles/CMakeTmp'
Building C object CMakeFiles/cmTC_25b06.dir/CurlTests.c.o
/usr/bin/gcc   -w -DHAVE_GETHOSTBYNAME_R_5  -DHAVE_INTTYPES_H -DHAVE_SYS_WAIT_H -DHAVE_SYS_IOCTL_H -DHAVE_SYS_PARAM_H -DHAVE_SYS_POLL_H -DHAVE_SYS_RESOURCE_H -DHAVE_SYS_SELECT_H -DHAVE_SYS_SOCKET_H -DHAVE_SYS_STAT_H -DHAVE_SYS_TIME_H -DHAVE_SYS_TYPES_H -DHAVE_SYS_UN_H -DHAVE_SYS_XATTR_H -DHAVE_ARPA_INET_H -DHAVE_FCNTL_H -DHAVE_IFADDRS_H -DHAVE_LIBGEN_H -DHAVE_LOCALE_H -DHAVE_NET_IF_H -DHAVE_NETDB_H -DHAVE_NETINET_IN_H -DHAVE_NETINET_TCP_H -DHAVE_NETINET_UDP_H -DHAVE_POLL_H -DHAVE_PWD_H -DHAVE_STDBOOL_H -DHAVE_STDINT_H -DHAVE_STRINGS_H -DHAVE_TERMIO_H -DHAVE_TERMIOS_H -DHAVE_UNISTD_H -DHAVE_UTIME_H -std=gnu11 -o CMakeFiles/cmTC_25b06.dir/CurlTests.c.o -c /home/munyaantony/enpm702_cpp_ws/enpm702_fall2024/cmake-3.22.1/cmake-3.28.1/Utilities/cmcurl/CMake/CurlTests.c
/home/munyaantony/enpm702_cpp_ws/enpm702_fall2024/cmake-3.22.1/cmake-3.28.1/Utilities/cmcurl/CMake/CurlTests.c: In function ‘main’:
/home/munyaantony/enpm702_cpp_ws/enpm702_fall2024/cmake-3.22.1/cmake-3.28.1/Utilities/cmcurl/CMake/CurlTests.c:97:8: error: too few arguments to function ‘gethostbyname_r’
   97 |   rc = gethostbyname_r(address, &h, buffer, 8192, &h_errnop);
      |        ^~~~~~~~~~~~~~~
In file included from /home/munyaantony/enpm702_cpp_ws/enpm702_fall2024/cmake-3.22.1/cmake-3.28.1/Utilities/cmcurl/CMake/CurlTests.c:72:
/usr/include/netdb.h:177:12: note: declared here
  177 | extern int gethostbyname_r (const char *__restrict __name,
      |            ^~~~~~~~~~~~~~~
gmake[1]: *** [CMakeFiles/cmTC_25b06.dir/build.make:78: CMakeFiles/cmTC_25b06.dir/CurlTests.c.o] Error 1
gmake[1]: Leaving directory '/home/munyaantony/enpm702_cpp_ws/enpm702_fall2024/cmake-3.22.1/cmake-3.28.1/CMakeFiles/CMakeTmp'
gmake: *** [Makefile:127: cmTC_25b06/fast] Error 2


Performing Curl Test HAVE_GETHOSTBYNAME_R_3_REENTRANT failed with the following output:
Change Dir: '/home/munyaantony/enpm702_cpp_ws/enpm702_fall2024/cmake-3.22.1/cmake-3.28.1/CMakeFiles/CMakeTmp'

Run Build Command(s): /home/munyaantony/enpm702_cpp_ws/enpm702_fall2024/cmake-3.22.1/cmake-3.28.1/Bootstrap.cmk/cmake -E env VERBOSE=1 /usr/bin/gmake -f Makefile cmTC_993f3/fast
gmake  -f CMakeFiles/cmTC_993f3.dir/build.make CMakeFiles/cmTC_993f3.dir/build
gmake[1]: Entering directory '/home/munyaantony/enpm702_cpp_ws/enpm702_fall2024/cmake-3.22.1/cmake-3.28.1/CMakeFiles/CMakeTmp'
Building C object CMakeFiles/cmTC_993f3.dir/CurlTests.c.o
/usr/bin/gcc   -w -DHAVE_GETHOSTBYNAME_R_3_REENTRANT  -DHAVE_INTTYPES_H -DHAVE_SYS_WAIT_H -DHAVE_SYS_IOCTL_H -DHAVE_SYS_PARAM_H -DHAVE_SYS_POLL_H -DHAVE_SYS_RESOURCE_H -DHAVE_SYS_SELECT_H -DHAVE_SYS_SOCKET_H -DHAVE_SYS_STAT_H -DHAVE_SYS_TIME_H -DHAVE_SYS_TYPES_H -DHAVE_SYS_UN_H -DHAVE_SYS_XATTR_H -DHAVE_ARPA_INET_H -DHAVE_FCNTL_H -DHAVE_IFADDRS_H -DHAVE_LIBGEN_H -DHAVE_LOCALE_H -DHAVE_NET_IF_H -DHAVE_NETDB_H -DHAVE_NETINET_IN_H -DHAVE_NETINET_TCP_H -DHAVE_NETINET_UDP_H -DHAVE_POLL_H -DHAVE_PWD_H -DHAVE_STDBOOL_H -DHAVE_STDINT_H -DHAVE_STRINGS_H -DHAVE_TERMIO_H -DHAVE_TERMIOS_H -DHAVE_UNISTD_H -DHAVE_UTIME_H -std=gnu11 -o CMakeFiles/cmTC_993f3.dir/CurlTests.c.o -c /home/munyaantony/enpm702_cpp_ws/enpm702_fall2024/cmake-3.22.1/cmake-3.28.1/Utilities/cmcurl/CMake/CurlTests.c
/home/munyaantony/enpm702_cpp_ws/enpm702_fall2024/cmake-3.22.1/cmake-3.28.1/Utilities/cmcurl/CMake/CurlTests.c: In function ‘main’:
/home/munyaantony/enpm702_cpp_ws/enpm702_fall2024/cmake-3.22.1/cmake-3.28.1/Utilities/cmcurl/CMake/CurlTests.c:82:23: error: storage size of ‘hdata’ isn’t known
   82 |   struct hostent_data hdata;
      |                       ^~~~~
/home/munyaantony/enpm702_cpp_ws/enpm702_fall2024/cmake-3.22.1/cmake-3.28.1/Utilities/cmcurl/CMake/CurlTests.c:94:8: error: too few arguments to function ‘gethostbyname_r’
   94 |   rc = gethostbyname_r(address, &h, &hdata);
      |        ^~~~~~~~~~~~~~~
In file included from /home/munyaantony/enpm702_cpp_ws/enpm702_fall2024/cmake-3.22.1/cmake-3.28.1/Utilities/cmcurl/CMake/CurlTests.c:72:
/usr/include/netdb.h:177:12: note: declared here
  177 | extern int gethostbyname_r (const char *__restrict __name,
      |            ^~~~~~~~~~~~~~~
gmake[1]: *** [CMakeFiles/cmTC_993f3.dir/build.make:78: CMakeFiles/cmTC_993f3.dir/CurlTests.c.o] Error 1
gmake[1]: Leaving directory '/home/munyaantony/enpm702_cpp_ws/enpm702_fall2024/cmake-3.22.1/cmake-3.28.1/CMakeFiles/CMakeTmp'
gmake: *** [Makefile:127: cmTC_993f3/fast] Error 2


Performing Curl Test HAVE_GETHOSTBYNAME_R_5_REENTRANT failed with the following output:
Change Dir: '/home/munyaantony/enpm702_cpp_ws/enpm702_fall2024/cmake-3.22.1/cmake-3.28.1/CMakeFiles/CMakeTmp'

Run Build Command(s): /home/munyaantony/enpm702_cpp_ws/enpm702_fall2024/cmake-3.22.1/cmake-3.28.1/Bootstrap.cmk/cmake -E env VERBOSE=1 /usr/bin/gmake -f Makefile cmTC_deae4/fast
gmake  -f CMakeFiles/cmTC_deae4.dir/build.make CMakeFiles/cmTC_deae4.dir/build
gmake[1]: Entering directory '/home/munyaantony/enpm702_cpp_ws/enpm702_fall2024/cmake-3.22.1/cmake-3.28.1/CMakeFiles/CMakeTmp'
Building C object CMakeFiles/cmTC_deae4.dir/CurlTests.c.o
/usr/bin/gcc   -w -DHAVE_GETHOSTBYNAME_R_5_REENTRANT  -DHAVE_INTTYPES_H -DHAVE_SYS_WAIT_H -DHAVE_SYS_IOCTL_H -DHAVE_SYS_PARAM_H -DHAVE_SYS_POLL_H -DHAVE_SYS_RESOURCE_H -DHAVE_SYS_SELECT_H -DHAVE_SYS_SOCKET_H -DHAVE_SYS_STAT_H -DHAVE_SYS_TIME_H -DHAVE_SYS_TYPES_H -DHAVE_SYS_UN_H -DHAVE_SYS_XATTR_H -DHAVE_ARPA_INET_H -DHAVE_FCNTL_H -DHAVE_IFADDRS_H -DHAVE_LIBGEN_H -DHAVE_LOCALE_H -DHAVE_NET_IF_H -DHAVE_NETDB_H -DHAVE_NETINET_IN_H -DHAVE_NETINET_TCP_H -DHAVE_NETINET_UDP_H -DHAVE_POLL_H -DHAVE_PWD_H -DHAVE_STDBOOL_H -DHAVE_STDINT_H -DHAVE_STRINGS_H -DHAVE_TERMIO_H -DHAVE_TERMIOS_H -DHAVE_UNISTD_H -DHAVE_UTIME_H -std=gnu11 -o CMakeFiles/cmTC_deae4.dir/CurlTests.c.o -c /home/munyaantony/enpm702_cpp_ws/enpm702_fall2024/cmake-3.22.1/cmake-3.28.1/Utilities/cmcurl/CMake/CurlTests.c
/home/munyaantony/enpm702_cpp_ws/enpm702_fall2024/cmake-3.22.1/cmake-3.28.1/Utilities/cmcurl/CMake/CurlTests.c: In function ‘main’:
/home/munyaantony/enpm702_cpp_ws/enpm702_fall2024/cmake-3.22.1/cmake-3.28.1/Utilities/cmcurl/CMake/CurlTests.c:97:8: error: too few arguments to function ‘gethostbyname_r’
   97 |   rc = gethostbyname_r(address, &h, buffer, 8192, &h_errnop);
      |        ^~~~~~~~~~~~~~~
In file included from /home/munyaantony/enpm702_cpp_ws/enpm702_fall2024/cmake-3.22.1/cmake-3.28.1/Utilities/cmcurl/CMake/CurlTests.c:72:
/usr/include/netdb.h:177:12: note: declared here
  177 | extern int gethostbyname_r (const char *__restrict __name,
      |            ^~~~~~~~~~~~~~~
gmake[1]: *** [CMakeFiles/cmTC_deae4.dir/build.make:78: CMakeFiles/cmTC_deae4.dir/CurlTests.c.o] Error 1
gmake[1]: Leaving directory '/home/munyaantony/enpm702_cpp_ws/enpm702_fall2024/cmake-3.22.1/cmake-3.28.1/CMakeFiles/CMakeTmp'
gmake: *** [Makefile:127: cmTC_deae4/fast] Error 2


Performing Curl Test HAVE_GLIBC_STRERROR_R failed with the following output:
Change Dir: '/home/munyaantony/enpm702_cpp_ws/enpm702_fall2024/cmake-3.22.1/cmake-3.28.1/CMakeFiles/CMakeTmp'

Run Build Command(s): /home/munyaantony/enpm702_cpp_ws/enpm702_fall2024/cmake-3.22.1/cmake-3.28.1/Bootstrap.cmk/cmake -E env VERBOSE=1 /usr/bin/gmake -f Makefile cmTC_e4c0a/fast
gmake  -f CMakeFiles/cmTC_e4c0a.dir/build.make CMakeFiles/cmTC_e4c0a.dir/build
gmake[1]: Entering directory '/home/munyaantony/enpm702_cpp_ws/enpm702_fall2024/cmake-3.22.1/cmake-3.28.1/CMakeFiles/CMakeTmp'
Building C object CMakeFiles/cmTC_e4c0a.dir/CurlTests.c.o
/usr/bin/gcc   -w -DHAVE_GLIBC_STRERROR_R  -DHAVE_INTTYPES_H -DHAVE_SYS_WAIT_H -DHAVE_SYS_IOCTL_H -DHAVE_SYS_PARAM_H -DHAVE_SYS_POLL_H -DHAVE_SYS_RESOURCE_H -DHAVE_SYS_SELECT_H -DHAVE_SYS_SOCKET_H -DHAVE_SYS_STAT_H -DHAVE_SYS_TIME_H -DHAVE_SYS_TYPES_H -DHAVE_SYS_UN_H -DHAVE_SYS_XATTR_H -DHAVE_ARPA_INET_H -DHAVE_FCNTL_H -DHAVE_IFADDRS_H -DHAVE_LIBGEN_H -DHAVE_LOCALE_H -DHAVE_NET_IF_H -DHAVE_NETDB_H -DHAVE_NETINET_IN_H -DHAVE_NETINET_TCP_H -DHAVE_NETINET_UDP_H -DHAVE_POLL_H -DHAVE_PWD_H -DHAVE_STDBOOL_H -DHAVE_STDINT_H -DHAVE_STRINGS_H -DHAVE_TERMIO_H -DHAVE_TERMIOS_H -DHAVE_UNISTD_H -DHAVE_UTIME_H -std=gnu11 -o CMakeFiles/cmTC_e4c0a.dir/CurlTests.c.o -c /home/munyaantony/enpm702_cpp_ws/enpm702_fall2024/cmake-3.22.1/cmake-3.28.1/Utilities/cmcurl/CMake/CurlTests.c
/home/munyaantony/enpm702_cpp_ws/enpm702_fall2024/cmake-3.22.1/cmake-3.28.1/Utilities/cmcurl/CMake/CurlTests.c: In function ‘main’:
/home/munyaantony/enpm702_cpp_ws/enpm702_fall2024/cmake-3.22.1/cmake-3.28.1/Utilities/cmcurl/CMake/CurlTests.c:383:51: error: subscripted value is neither array nor pointer nor vector
  383 |   check(strerror_r(EACCES, buffer, sizeof(buffer))[0]);
      |                                                   ^
gmake[1]: *** [CMakeFiles/cmTC_e4c0a.dir/build.make:78: CMakeFiles/cmTC_e4c0a.dir/CurlTests.c.o] Error 1
gmake[1]: Leaving directory '/home/munyaantony/enpm702_cpp_ws/enpm702_fall2024/cmake-3.22.1/cmake-3.28.1/CMakeFiles/CMakeTmp'
gmake: *** [Makefile:127: cmTC_e4c0a/fast] Error 2


Performing Curl Test HAVE_BUILTIN_AVAILABLE failed with the following output:
Change Dir: '/home/munyaantony/enpm702_cpp_ws/enpm702_fall2024/cmake-3.22.1/cmake-3.28.1/CMakeFiles/CMakeTmp'

Run Build Command(s): /home/munyaantony/enpm702_cpp_ws/enpm702_fall2024/cmake-3.22.1/cmake-3.28.1/Bootstrap.cmk/cmake -E env VERBOSE=1 /usr/bin/gmake -f Makefile cmTC_4127d/fast
gmake  -f CMakeFiles/cmTC_4127d.dir/build.make CMakeFiles/cmTC_4127d.dir/build
gmake[1]: Entering directory '/home/munyaantony/enpm702_cpp_ws/enpm702_fall2024/cmake-3.22.1/cmake-3.28.1/CMakeFiles/CMakeTmp'
Building C object CMakeFiles/cmTC_4127d.dir/CurlTests.c.o
/usr/bin/gcc   -w -DHAVE_BUILTIN_AVAILABLE  -DHAVE_INTTYPES_H -DHAVE_SYS_WAIT_H -DHAVE_SYS_IOCTL_H -DHAVE_SYS_PARAM_H -DHAVE_SYS_POLL_H -DHAVE_SYS_RESOURCE_H -DHAVE_SYS_SELECT_H -DHAVE_SYS_SOCKET_H -DHAVE_SYS_STAT_H -DHAVE_SYS_TIME_H -DHAVE_SYS_TYPES_H -DHAVE_SYS_UN_H -DHAVE_SYS_XATTR_H -DHAVE_ARPA_INET_H -DHAVE_FCNTL_H -DHAVE_IFADDRS_H -DHAVE_LIBGEN_H -DHAVE_LOCALE_H -DHAVE_NET_IF_H -DHAVE_NETDB_H -DHAVE_NETINET_IN_H -DHAVE_NETINET_TCP_H -DHAVE_NETINET_UDP_H -DHAVE_POLL_H -DHAVE_PWD_H -DHAVE_STDBOOL_H -DHAVE_STDINT_H -DHAVE_STRINGS_H -DHAVE_TERMIO_H -DHAVE_TERMIOS_H -DHAVE_UNISTD_H -DHAVE_UTIME_H -std=gnu11 -o CMakeFiles/cmTC_4127d.dir/CurlTests.c.o -c /home/munyaantony/enpm702_cpp_ws/enpm702_fall2024/cmake-3.22.1/cmake-3.28.1/Utilities/cmcurl/CMake/CurlTests.c
/home/munyaantony/enpm702_cpp_ws/enpm702_fall2024/cmake-3.22.1/cmake-3.28.1/Utilities/cmcurl/CMake/CurlTests.c: In function ‘main’:
/home/munyaantony/enpm702_cpp_ws/enpm702_fall2024/cmake-3.22.1/cmake-3.28.1/Utilities/cmcurl/CMake/CurlTests.c:430:26: error: ‘macOS’ undeclared (first use in this function)
  430 |   if(__builtin_available(macOS 10.12, *)) {}
      |                          ^~~~~
/home/munyaantony/enpm702_cpp_ws/enpm702_fall2024/cmake-3.22.1/cmake-3.28.1/Utilities/cmcurl/CMake/CurlTests.c:430:26: note: each undeclared identifier is reported only once for each function it appears in
/home/munyaantony/enpm702_cpp_ws/enpm702_fall2024/cmake-3.22.1/cmake-3.28.1/Utilities/cmcurl/CMake/CurlTests.c:430:31: error: expected ‘)’ before numeric constant
  430 |   if(__builtin_available(macOS 10.12, *)) {}
      |                         ~     ^~~~~~
      |                               )
gmake[1]: *** [CMakeFiles/cmTC_4127d.dir/build.make:78: CMakeFiles/cmTC_4127d.dir/CurlTests.c.o] Error 1
gmake[1]: Leaving directory '/home/munyaantony/enpm702_cpp_ws/enpm702_fall2024/cmake-3.22.1/cmake-3.28.1/CMakeFiles/CMakeTmp'
gmake: *** [Makefile:127: cmTC_4127d/fast] Error 2


