Determining if the environ exist failed with the following output:
Change Dir: /home/munyaantony/enpm702_cpp_ws/enpm702_fall2024/cmake-3.22.1/CMakeFiles/CMakeTmp

Run Build Command(s):/usr/bin/gmake -f Makefile cmTC_33866/fast && gmake  -f CMakeFiles/cmTC_33866.dir/build.make CMakeFiles/cmTC_33866.dir/build
gmake[1]: Entering directory '/home/munyaantony/enpm702_cpp_ws/enpm702_fall2024/cmake-3.22.1/CMakeFiles/CMakeTmp'
Building C object CMakeFiles/cmTC_33866.dir/CheckSymbolExists.c.o
/usr/bin/gcc   -std=gnu11 -o CMakeFiles/cmTC_33866.dir/CheckSymbolExists.c.o -c /home/munyaantony/enpm702_cpp_ws/enpm702_fall2024/cmake-3.22.1/CMakeFiles/CMakeTmp/CheckSymbolExists.c
/home/munyaantony/enpm702_cpp_ws/enpm702_fall2024/cmake-3.22.1/CMakeFiles/CMakeTmp/CheckSymbolExists.c: In function ‘main’:
/home/munyaantony/enpm702_cpp_ws/enpm702_fall2024/cmake-3.22.1/CMakeFiles/CMakeTmp/CheckSymbolExists.c:8:19: error: ‘environ’ undeclared (first use in this function)
    8 |   return ((int*)(&environ))[argc];
      |                   ^~~~~~~
/home/munyaantony/enpm702_cpp_ws/enpm702_fall2024/cmake-3.22.1/CMakeFiles/CMakeTmp/CheckSymbolExists.c:8:19: note: each undeclared identifier is reported only once for each function it appears in
gmake[1]: *** [CMakeFiles/cmTC_33866.dir/build.make:78: CMakeFiles/cmTC_33866.dir/CheckSymbolExists.c.o] Error 1
gmake[1]: Leaving directory '/home/munyaantony/enpm702_cpp_ws/enpm702_fall2024/cmake-3.22.1/CMakeFiles/CMakeTmp'
gmake: *** [Makefile:127: cmTC_33866/fast] Error 2


File /home/munyaantony/enpm702_cpp_ws/enpm702_fall2024/cmake-3.22.1/CMakeFiles/CMakeTmp/CheckSymbolExists.c:
/* */
#include <stdlib.h>

int main(int argc, char** argv)
{
  (void)argv;
#ifndef environ
  return ((int*)(&environ))[argc];
#else
  (void)argc;
  return 0;
#endif
}
Checking whether CXX compiler has environ in stdlib.h failed to compile with the following output:
Change Dir: /home/munyaantony/enpm702_cpp_ws/enpm702_fall2024/cmake-3.22.1/Source/kwsys/CMakeFiles/CMakeTmp

Run Build Command(s):/usr/bin/gmake -f Makefile cmTC_7dfe4/fast && gmake  -f CMakeFiles/cmTC_7dfe4.dir/build.make CMakeFiles/cmTC_7dfe4.dir/build
gmake[1]: Entering directory '/home/munyaantony/enpm702_cpp_ws/enpm702_fall2024/cmake-3.22.1/Source/kwsys/CMakeFiles/CMakeTmp'
Building CXX object CMakeFiles/cmTC_7dfe4.dir/kwsysPlatformTestsCXX.cxx.o
/usr/bin/g++ -DTEST_KWSYS_CXX_HAS_ENVIRON_IN_STDLIB_H   -o CMakeFiles/cmTC_7dfe4.dir/kwsysPlatformTestsCXX.cxx.o -c /home/munyaantony/enpm702_cpp_ws/enpm702_fall2024/cmake-3.22.1/Source/kwsys/kwsysPlatformTestsCXX.cxx
/home/munyaantony/enpm702_cpp_ws/enpm702_fall2024/cmake-3.22.1/Source/kwsys/kwsysPlatformTestsCXX.cxx: In function ‘int main()’:
/home/munyaantony/enpm702_cpp_ws/enpm702_fall2024/cmake-3.22.1/Source/kwsys/kwsysPlatformTestsCXX.cxx:53:13: error: ‘environ’ was not declared in this scope; did you mean ‘union’?
   53 |   char* e = environ[0];
      |             ^~~~~~~
      |             union
gmake[1]: *** [CMakeFiles/cmTC_7dfe4.dir/build.make:78: CMakeFiles/cmTC_7dfe4.dir/kwsysPlatformTestsCXX.cxx.o] Error 1
gmake[1]: Leaving directory '/home/munyaantony/enpm702_cpp_ws/enpm702_fall2024/cmake-3.22.1/Source/kwsys/CMakeFiles/CMakeTmp'
gmake: *** [Makefile:127: cmTC_7dfe4/fast] Error 2



Checking whether CXX compiler struct stat has st_mtimespec member failed to compile with the following output:
Change Dir: /home/munyaantony/enpm702_cpp_ws/enpm702_fall2024/cmake-3.22.1/Source/kwsys/CMakeFiles/CMakeTmp

Run Build Command(s):/usr/bin/gmake -f Makefile cmTC_c7234/fast && gmake  -f CMakeFiles/cmTC_c7234.dir/build.make CMakeFiles/cmTC_c7234.dir/build
gmake[1]: Entering directory '/home/munyaantony/enpm702_cpp_ws/enpm702_fall2024/cmake-3.22.1/Source/kwsys/CMakeFiles/CMakeTmp'
Building CXX object CMakeFiles/cmTC_c7234.dir/kwsysPlatformTestsCXX.cxx.o
/usr/bin/g++ -DTEST_KWSYS_CXX_STAT_HAS_ST_MTIMESPEC   -o CMakeFiles/cmTC_c7234.dir/kwsysPlatformTestsCXX.cxx.o -c /home/munyaantony/enpm702_cpp_ws/enpm702_fall2024/cmake-3.22.1/Source/kwsys/kwsysPlatformTestsCXX.cxx
/home/munyaantony/enpm702_cpp_ws/enpm702_fall2024/cmake-3.22.1/Source/kwsys/kwsysPlatformTestsCXX.cxx: In function ‘int main()’:
/home/munyaantony/enpm702_cpp_ws/enpm702_fall2024/cmake-3.22.1/Source/kwsys/kwsysPlatformTestsCXX.cxx:26:15: error: ‘struct stat’ has no member named ‘st_mtimespec’
   26 |   (void)stat1.st_mtimespec.tv_sec;
      |               ^~~~~~~~~~~~
/home/munyaantony/enpm702_cpp_ws/enpm702_fall2024/cmake-3.22.1/Source/kwsys/kwsysPlatformTestsCXX.cxx:27:15: error: ‘struct stat’ has no member named ‘st_mtimespec’
   27 |   (void)stat1.st_mtimespec.tv_nsec;
      |               ^~~~~~~~~~~~
gmake[1]: *** [CMakeFiles/cmTC_c7234.dir/build.make:78: CMakeFiles/cmTC_c7234.dir/kwsysPlatformTestsCXX.cxx.o] Error 1
gmake[1]: Leaving directory '/home/munyaantony/enpm702_cpp_ws/enpm702_fall2024/cmake-3.22.1/Source/kwsys/CMakeFiles/CMakeTmp'
gmake: *** [Makefile:127: cmTC_c7234/fast] Error 2



Determining if the function connect exists in the socket;dl failed with the following output:
Change Dir: /home/munyaantony/enpm702_cpp_ws/enpm702_fall2024/cmake-3.22.1/CMakeFiles/CMakeTmp

Run Build Command(s):/usr/bin/gmake -f Makefile cmTC_1162a/fast && gmake  -f CMakeFiles/cmTC_1162a.dir/build.make CMakeFiles/cmTC_1162a.dir/build
gmake[1]: Entering directory '/home/munyaantony/enpm702_cpp_ws/enpm702_fall2024/cmake-3.22.1/CMakeFiles/CMakeTmp'
Building C object CMakeFiles/cmTC_1162a.dir/CheckFunctionExists.c.o
/usr/bin/gcc   -w -DCHECK_FUNCTION_EXISTS=connect -std=gnu11 -o CMakeFiles/cmTC_1162a.dir/CheckFunctionExists.c.o -c /home/munyaantony/enpm702_cpp_ws/enpm702_fall2024/cmake-3.22.1/Modules/CheckFunctionExists.c
Linking C executable cmTC_1162a
/home/munyaantony/enpm702_cpp_ws/enpm702_fall2024/cmake-3.22.1/Bootstrap.cmk/cmake -E cmake_link_script CMakeFiles/cmTC_1162a.dir/link.txt --verbose=1
/usr/bin/gcc  -w -DCHECK_FUNCTION_EXISTS=connect CMakeFiles/cmTC_1162a.dir/CheckFunctionExists.c.o -o cmTC_1162a  -lsocket -ldl 
/usr/bin/ld: cannot find -lsocket: No such file or directory
collect2: error: ld returned 1 exit status
gmake[1]: *** [CMakeFiles/cmTC_1162a.dir/build.make:99: cmTC_1162a] Error 1
gmake[1]: Leaving directory '/home/munyaantony/enpm702_cpp_ws/enpm702_fall2024/cmake-3.22.1/CMakeFiles/CMakeTmp'
gmake: *** [Makefile:127: cmTC_1162a/fast] Error 2



Determining if the function recv exists in the network;dl failed with the following output:
Change Dir: /home/munyaantony/enpm702_cpp_ws/enpm702_fall2024/cmake-3.22.1/CMakeFiles/CMakeTmp

Run Build Command(s):/usr/bin/gmake -f Makefile cmTC_9f306/fast && gmake  -f CMakeFiles/cmTC_9f306.dir/build.make CMakeFiles/cmTC_9f306.dir/build
gmake[1]: Entering directory '/home/munyaantony/enpm702_cpp_ws/enpm702_fall2024/cmake-3.22.1/CMakeFiles/CMakeTmp'
Building C object CMakeFiles/cmTC_9f306.dir/CheckFunctionExists.c.o
/usr/bin/gcc   -w -DCHECK_FUNCTION_EXISTS=recv -std=gnu11 -o CMakeFiles/cmTC_9f306.dir/CheckFunctionExists.c.o -c /home/munyaantony/enpm702_cpp_ws/enpm702_fall2024/cmake-3.22.1/Modules/CheckFunctionExists.c
Linking C executable cmTC_9f306
/home/munyaantony/enpm702_cpp_ws/enpm702_fall2024/cmake-3.22.1/Bootstrap.cmk/cmake -E cmake_link_script CMakeFiles/cmTC_9f306.dir/link.txt --verbose=1
/usr/bin/gcc  -w -DCHECK_FUNCTION_EXISTS=recv CMakeFiles/cmTC_9f306.dir/CheckFunctionExists.c.o -o cmTC_9f306  -lnetwork -ldl 
/usr/bin/ld: cannot find -lnetwork: No such file or directory
collect2: error: ld returned 1 exit status
gmake[1]: *** [CMakeFiles/cmTC_9f306.dir/build.make:99: cmTC_9f306] Error 1
gmake[1]: Leaving directory '/home/munyaantony/enpm702_cpp_ws/enpm702_fall2024/cmake-3.22.1/CMakeFiles/CMakeTmp'
gmake: *** [Makefile:127: cmTC_9f306/fast] Error 2



Determining if the RAND_status exist failed with the following output:
Change Dir: /home/munyaantony/enpm702_cpp_ws/enpm702_fall2024/cmake-3.22.1/CMakeFiles/CMakeTmp

Run Build Command(s):/usr/bin/gmake -f Makefile cmTC_ea360/fast && gmake  -f CMakeFiles/cmTC_ea360.dir/build.make CMakeFiles/cmTC_ea360.dir/build
gmake[1]: Entering directory '/home/munyaantony/enpm702_cpp_ws/enpm702_fall2024/cmake-3.22.1/CMakeFiles/CMakeTmp'
Building C object CMakeFiles/cmTC_ea360.dir/CheckSymbolExists.c.o
/usr/bin/gcc   -w  -std=gnu11 -o CMakeFiles/cmTC_ea360.dir/CheckSymbolExists.c.o -c /home/munyaantony/enpm702_cpp_ws/enpm702_fall2024/cmake-3.22.1/CMakeFiles/CMakeTmp/CheckSymbolExists.c
/home/munyaantony/enpm702_cpp_ws/enpm702_fall2024/cmake-3.22.1/CMakeFiles/CMakeTmp/CheckSymbolExists.c: In function ‘main’:
/home/munyaantony/enpm702_cpp_ws/enpm702_fall2024/cmake-3.22.1/CMakeFiles/CMakeTmp/CheckSymbolExists.c:7:19: error: ‘RAND_status’ undeclared (first use in this function)
    7 |   return ((int*)(&RAND_status))[argc];
      |                   ^~~~~~~~~~~
/home/munyaantony/enpm702_cpp_ws/enpm702_fall2024/cmake-3.22.1/CMakeFiles/CMakeTmp/CheckSymbolExists.c:7:19: note: each undeclared identifier is reported only once for each function it appears in
gmake[1]: *** [CMakeFiles/cmTC_ea360.dir/build.make:78: CMakeFiles/cmTC_ea360.dir/CheckSymbolExists.c.o] Error 1
gmake[1]: Leaving directory '/home/munyaantony/enpm702_cpp_ws/enpm702_fall2024/cmake-3.22.1/CMakeFiles/CMakeTmp'
gmake: *** [Makefile:127: cmTC_ea360/fast] Error 2


File /home/munyaantony/enpm702_cpp_ws/enpm702_fall2024/cmake-3.22.1/CMakeFiles/CMakeTmp/CheckSymbolExists.c:
/* */

int main(int argc, char** argv)
{
  (void)argv;
#ifndef RAND_status
  return ((int*)(&RAND_status))[argc];
#else
  (void)argc;
  return 0;
#endif
}
Determining if the RAND_screen exist failed with the following output:
Change Dir: /home/munyaantony/enpm702_cpp_ws/enpm702_fall2024/cmake-3.22.1/CMakeFiles/CMakeTmp

Run Build Command(s):/usr/bin/gmake -f Makefile cmTC_792e0/fast && gmake  -f CMakeFiles/cmTC_792e0.dir/build.make CMakeFiles/cmTC_792e0.dir/build
gmake[1]: Entering directory '/home/munyaantony/enpm702_cpp_ws/enpm702_fall2024/cmake-3.22.1/CMakeFiles/CMakeTmp'
Building C object CMakeFiles/cmTC_792e0.dir/CheckSymbolExists.c.o
/usr/bin/gcc   -w  -std=gnu11 -o CMakeFiles/cmTC_792e0.dir/CheckSymbolExists.c.o -c /home/munyaantony/enpm702_cpp_ws/enpm702_fall2024/cmake-3.22.1/CMakeFiles/CMakeTmp/CheckSymbolExists.c
/home/munyaantony/enpm702_cpp_ws/enpm702_fall2024/cmake-3.22.1/CMakeFiles/CMakeTmp/CheckSymbolExists.c: In function ‘main’:
/home/munyaantony/enpm702_cpp_ws/enpm702_fall2024/cmake-3.22.1/CMakeFiles/CMakeTmp/CheckSymbolExists.c:7:19: error: ‘RAND_screen’ undeclared (first use in this function)
    7 |   return ((int*)(&RAND_screen))[argc];
      |                   ^~~~~~~~~~~
/home/munyaantony/enpm702_cpp_ws/enpm702_fall2024/cmake-3.22.1/CMakeFiles/CMakeTmp/CheckSymbolExists.c:7:19: note: each undeclared identifier is reported only once for each function it appears in
gmake[1]: *** [CMakeFiles/cmTC_792e0.dir/build.make:78: CMakeFiles/cmTC_792e0.dir/CheckSymbolExists.c.o] Error 1
gmake[1]: Leaving directory '/home/munyaantony/enpm702_cpp_ws/enpm702_fall2024/cmake-3.22.1/CMakeFiles/CMakeTmp'
gmake: *** [Makefile:127: cmTC_792e0/fast] Error 2


File /home/munyaantony/enpm702_cpp_ws/enpm702_fall2024/cmake-3.22.1/CMakeFiles/CMakeTmp/CheckSymbolExists.c:
/* */

int main(int argc, char** argv)
{
  (void)argv;
#ifndef RAND_screen
  return ((int*)(&RAND_screen))[argc];
#else
  (void)argc;
  return 0;
#endif
}
Determining if the RAND_egd exist failed with the following output:
Change Dir: /home/munyaantony/enpm702_cpp_ws/enpm702_fall2024/cmake-3.22.1/CMakeFiles/CMakeTmp

Run Build Command(s):/usr/bin/gmake -f Makefile cmTC_0feb2/fast && gmake  -f CMakeFiles/cmTC_0feb2.dir/build.make CMakeFiles/cmTC_0feb2.dir/build
gmake[1]: Entering directory '/home/munyaantony/enpm702_cpp_ws/enpm702_fall2024/cmake-3.22.1/CMakeFiles/CMakeTmp'
Building C object CMakeFiles/cmTC_0feb2.dir/CheckSymbolExists.c.o
/usr/bin/gcc   -w  -std=gnu11 -o CMakeFiles/cmTC_0feb2.dir/CheckSymbolExists.c.o -c /home/munyaantony/enpm702_cpp_ws/enpm702_fall2024/cmake-3.22.1/CMakeFiles/CMakeTmp/CheckSymbolExists.c
/home/munyaantony/enpm702_cpp_ws/enpm702_fall2024/cmake-3.22.1/CMakeFiles/CMakeTmp/CheckSymbolExists.c: In function ‘main’:
/home/munyaantony/enpm702_cpp_ws/enpm702_fall2024/cmake-3.22.1/CMakeFiles/CMakeTmp/CheckSymbolExists.c:7:19: error: ‘RAND_egd’ undeclared (first use in this function)
    7 |   return ((int*)(&RAND_egd))[argc];
      |                   ^~~~~~~~
/home/munyaantony/enpm702_cpp_ws/enpm702_fall2024/cmake-3.22.1/CMakeFiles/CMakeTmp/CheckSymbolExists.c:7:19: note: each undeclared identifier is reported only once for each function it appears in
gmake[1]: *** [CMakeFiles/cmTC_0feb2.dir/build.make:78: CMakeFiles/cmTC_0feb2.dir/CheckSymbolExists.c.o] Error 1
gmake[1]: Leaving directory '/home/munyaantony/enpm702_cpp_ws/enpm702_fall2024/cmake-3.22.1/CMakeFiles/CMakeTmp'
gmake: *** [Makefile:127: cmTC_0feb2/fast] Error 2


File /home/munyaantony/enpm702_cpp_ws/enpm702_fall2024/cmake-3.22.1/CMakeFiles/CMakeTmp/CheckSymbolExists.c:
/* */

int main(int argc, char** argv)
{
  (void)argv;
#ifndef RAND_egd
  return ((int*)(&RAND_egd))[argc];
#else
  (void)argc;
  return 0;
#endif
}
Determining if the function dlopen exists in the dl;/usr/lib/x86_64-linux-gnu/libssl.so;/usr/lib/x86_64-linux-gnu/libcrypto.so;cmnghttp2 failed with the following output:
Change Dir: /home/munyaantony/enpm702_cpp_ws/enpm702_fall2024/cmake-3.22.1/CMakeFiles/CMakeTmp

Run Build Command(s):/usr/bin/gmake -f Makefile cmTC_c0dbb/fast && gmake  -f CMakeFiles/cmTC_c0dbb.dir/build.make CMakeFiles/cmTC_c0dbb.dir/build
gmake[1]: Entering directory '/home/munyaantony/enpm702_cpp_ws/enpm702_fall2024/cmake-3.22.1/CMakeFiles/CMakeTmp'
Building C object CMakeFiles/cmTC_c0dbb.dir/CheckFunctionExists.c.o
/usr/bin/gcc   -w -DCHECK_FUNCTION_EXISTS=dlopen -std=gnu11 -o CMakeFiles/cmTC_c0dbb.dir/CheckFunctionExists.c.o -c /home/munyaantony/enpm702_cpp_ws/enpm702_fall2024/cmake-3.22.1/Modules/CheckFunctionExists.c
Linking C executable cmTC_c0dbb
/home/munyaantony/enpm702_cpp_ws/enpm702_fall2024/cmake-3.22.1/Bootstrap.cmk/cmake -E cmake_link_script CMakeFiles/cmTC_c0dbb.dir/link.txt --verbose=1
/usr/bin/gcc  -w -DCHECK_FUNCTION_EXISTS=dlopen CMakeFiles/cmTC_c0dbb.dir/CheckFunctionExists.c.o -o cmTC_c0dbb  -ldl /usr/lib/x86_64-linux-gnu/libssl.so /usr/lib/x86_64-linux-gnu/libcrypto.so -lcmnghttp2 
/usr/bin/ld: cannot find -lcmnghttp2: No such file or directory
collect2: error: ld returned 1 exit status
gmake[1]: *** [CMakeFiles/cmTC_c0dbb.dir/build.make:101: cmTC_c0dbb] Error 1
gmake[1]: Leaving directory '/home/munyaantony/enpm702_cpp_ws/enpm702_fall2024/cmake-3.22.1/CMakeFiles/CMakeTmp'
gmake: *** [Makefile:127: cmTC_c0dbb/fast] Error 2



Determining if files stdio.h;inttypes.h;sys/filio.h exist failed with the following output:
Change Dir: /home/munyaantony/enpm702_cpp_ws/enpm702_fall2024/cmake-3.22.1/CMakeFiles/CMakeTmp

Run Build Command(s):/usr/bin/gmake -f Makefile cmTC_44dc9/fast && gmake  -f CMakeFiles/cmTC_44dc9.dir/build.make CMakeFiles/cmTC_44dc9.dir/build
gmake[1]: Entering directory '/home/munyaantony/enpm702_cpp_ws/enpm702_fall2024/cmake-3.22.1/CMakeFiles/CMakeTmp'
Building C object CMakeFiles/cmTC_44dc9.dir/HAVE_SYS_FILIO_H.c.o
/usr/bin/gcc   -w  -std=gnu11 -o CMakeFiles/cmTC_44dc9.dir/HAVE_SYS_FILIO_H.c.o -c /home/munyaantony/enpm702_cpp_ws/enpm702_fall2024/cmake-3.22.1/CMakeFiles/CheckIncludeFiles/HAVE_SYS_FILIO_H.c
/home/munyaantony/enpm702_cpp_ws/enpm702_fall2024/cmake-3.22.1/CMakeFiles/CheckIncludeFiles/HAVE_SYS_FILIO_H.c:4:10: fatal error: sys/filio.h: No such file or directory
    4 | #include <sys/filio.h>
      |          ^~~~~~~~~~~~~
compilation terminated.
gmake[1]: *** [CMakeFiles/cmTC_44dc9.dir/build.make:78: CMakeFiles/cmTC_44dc9.dir/HAVE_SYS_FILIO_H.c.o] Error 1
gmake[1]: Leaving directory '/home/munyaantony/enpm702_cpp_ws/enpm702_fall2024/cmake-3.22.1/CMakeFiles/CMakeTmp'
gmake: *** [Makefile:127: cmTC_44dc9/fast] Error 2


Source:
/* */
#include <stdio.h>
#include <inttypes.h>
#include <sys/filio.h>


int main(void){return 0;}

Determining if files stdio.h;inttypes.h;sys/ioctl.h;sys/param.h;sys/poll.h;sys/resource.h;sys/select.h;sys/socket.h;sys/sockio.h exist failed with the following output:
Change Dir: /home/munyaantony/enpm702_cpp_ws/enpm702_fall2024/cmake-3.22.1/CMakeFiles/CMakeTmp

Run Build Command(s):/usr/bin/gmake -f Makefile cmTC_dac79/fast && gmake  -f CMakeFiles/cmTC_dac79.dir/build.make CMakeFiles/cmTC_dac79.dir/build
gmake[1]: Entering directory '/home/munyaantony/enpm702_cpp_ws/enpm702_fall2024/cmake-3.22.1/CMakeFiles/CMakeTmp'
Building C object CMakeFiles/cmTC_dac79.dir/HAVE_SYS_SOCKIO_H.c.o
/usr/bin/gcc   -w  -std=gnu11 -o CMakeFiles/cmTC_dac79.dir/HAVE_SYS_SOCKIO_H.c.o -c /home/munyaantony/enpm702_cpp_ws/enpm702_fall2024/cmake-3.22.1/CMakeFiles/CheckIncludeFiles/HAVE_SYS_SOCKIO_H.c
/home/munyaantony/enpm702_cpp_ws/enpm702_fall2024/cmake-3.22.1/CMakeFiles/CheckIncludeFiles/HAVE_SYS_SOCKIO_H.c:10:10: fatal error: sys/sockio.h: No such file or directory
   10 | #include <sys/sockio.h>
      |          ^~~~~~~~~~~~~~
compilation terminated.
gmake[1]: *** [CMakeFiles/cmTC_dac79.dir/build.make:78: CMakeFiles/cmTC_dac79.dir/HAVE_SYS_SOCKIO_H.c.o] Error 1
gmake[1]: Leaving directory '/home/munyaantony/enpm702_cpp_ws/enpm702_fall2024/cmake-3.22.1/CMakeFiles/CMakeTmp'
gmake: *** [Makefile:127: cmTC_dac79/fast] Error 2


Source:
/* */
#include <stdio.h>
#include <inttypes.h>
#include <sys/ioctl.h>
#include <sys/param.h>
#include <sys/poll.h>
#include <sys/resource.h>
#include <sys/select.h>
#include <sys/socket.h>
#include <sys/sockio.h>


int main(void){return 0;}

Determining if files stdio.h;inttypes.h;sys/ioctl.h;sys/param.h;sys/poll.h;sys/resource.h;sys/select.h;sys/socket.h;sys/stat.h;sys/time.h;sys/types.h;sys/uio.h;sys/un.h;sys/utime.h exist failed with the following output:
Change Dir: /home/munyaantony/enpm702_cpp_ws/enpm702_fall2024/cmake-3.22.1/CMakeFiles/CMakeTmp

Run Build Command(s):/usr/bin/gmake -f Makefile cmTC_457a9/fast && gmake  -f CMakeFiles/cmTC_457a9.dir/build.make CMakeFiles/cmTC_457a9.dir/build
gmake[1]: Entering directory '/home/munyaantony/enpm702_cpp_ws/enpm702_fall2024/cmake-3.22.1/CMakeFiles/CMakeTmp'
Building C object CMakeFiles/cmTC_457a9.dir/HAVE_SYS_UTIME_H.c.o
/usr/bin/gcc   -w  -std=gnu11 -o CMakeFiles/cmTC_457a9.dir/HAVE_SYS_UTIME_H.c.o -c /home/munyaantony/enpm702_cpp_ws/enpm702_fall2024/cmake-3.22.1/CMakeFiles/CheckIncludeFiles/HAVE_SYS_UTIME_H.c
/home/munyaantony/enpm702_cpp_ws/enpm702_fall2024/cmake-3.22.1/CMakeFiles/CheckIncludeFiles/HAVE_SYS_UTIME_H.c:15:10: fatal error: sys/utime.h: No such file or directory
   15 | #include <sys/utime.h>
      |          ^~~~~~~~~~~~~
compilation terminated.
gmake[1]: *** [CMakeFiles/cmTC_457a9.dir/build.make:78: CMakeFiles/cmTC_457a9.dir/HAVE_SYS_UTIME_H.c.o] Error 1
gmake[1]: Leaving directory '/home/munyaantony/enpm702_cpp_ws/enpm702_fall2024/cmake-3.22.1/CMakeFiles/CMakeTmp'
gmake: *** [Makefile:127: cmTC_457a9/fast] Error 2


Source:
/* */
#include <stdio.h>
#include <inttypes.h>
#include <sys/ioctl.h>
#include <sys/param.h>
#include <sys/poll.h>
#include <sys/resource.h>
#include <sys/select.h>
#include <sys/socket.h>
#include <sys/stat.h>
#include <sys/time.h>
#include <sys/types.h>
#include <sys/uio.h>
#include <sys/un.h>
#include <sys/utime.h>


int main(void){return 0;}

Determining if files stdio.h;inttypes.h;sys/ioctl.h;sys/param.h;sys/poll.h;sys/resource.h;sys/select.h;sys/socket.h;sys/stat.h;sys/time.h;sys/types.h;sys/uio.h;sys/un.h;sys/xattr.h;alloca.h;arpa/inet.h;arpa/tftp.h;assert.h;errno.h;fcntl.h;idn2.h exist failed with the following output:
Change Dir: /home/munyaantony/enpm702_cpp_ws/enpm702_fall2024/cmake-3.22.1/CMakeFiles/CMakeTmp

Run Build Command(s):/usr/bin/gmake -f Makefile cmTC_259b7/fast && gmake  -f CMakeFiles/cmTC_259b7.dir/build.make CMakeFiles/cmTC_259b7.dir/build
gmake[1]: Entering directory '/home/munyaantony/enpm702_cpp_ws/enpm702_fall2024/cmake-3.22.1/CMakeFiles/CMakeTmp'
Building C object CMakeFiles/cmTC_259b7.dir/HAVE_IDN2_H.c.o
/usr/bin/gcc   -w  -std=gnu11 -o CMakeFiles/cmTC_259b7.dir/HAVE_IDN2_H.c.o -c /home/munyaantony/enpm702_cpp_ws/enpm702_fall2024/cmake-3.22.1/CMakeFiles/CheckIncludeFiles/HAVE_IDN2_H.c
/home/munyaantony/enpm702_cpp_ws/enpm702_fall2024/cmake-3.22.1/CMakeFiles/CheckIncludeFiles/HAVE_IDN2_H.c:22:10: fatal error: idn2.h: No such file or directory
   22 | #include <idn2.h>
      |          ^~~~~~~~
compilation terminated.
gmake[1]: *** [CMakeFiles/cmTC_259b7.dir/build.make:78: CMakeFiles/cmTC_259b7.dir/HAVE_IDN2_H.c.o] Error 1
gmake[1]: Leaving directory '/home/munyaantony/enpm702_cpp_ws/enpm702_fall2024/cmake-3.22.1/CMakeFiles/CMakeTmp'
gmake: *** [Makefile:127: cmTC_259b7/fast] Error 2


Source:
/* */
#include <stdio.h>
#include <inttypes.h>
#include <sys/ioctl.h>
#include <sys/param.h>
#include <sys/poll.h>
#include <sys/resource.h>
#include <sys/select.h>
#include <sys/socket.h>
#include <sys/stat.h>
#include <sys/time.h>
#include <sys/types.h>
#include <sys/uio.h>
#include <sys/un.h>
#include <sys/xattr.h>
#include <alloca.h>
#include <arpa/inet.h>
#include <arpa/tftp.h>
#include <assert.h>
#include <errno.h>
#include <fcntl.h>
#include <idn2.h>


int main(void){return 0;}

Determining if files stdio.h;inttypes.h;sys/ioctl.h;sys/param.h;sys/poll.h;sys/resource.h;sys/select.h;sys/socket.h;sys/stat.h;sys/time.h;sys/types.h;sys/uio.h;sys/un.h;sys/xattr.h;alloca.h;arpa/inet.h;arpa/tftp.h;assert.h;errno.h;fcntl.h;ifaddrs.h;io.h exist failed with the following output:
Change Dir: /home/munyaantony/enpm702_cpp_ws/enpm702_fall2024/cmake-3.22.1/CMakeFiles/CMakeTmp

Run Build Command(s):/usr/bin/gmake -f Makefile cmTC_accce/fast && gmake  -f CMakeFiles/cmTC_accce.dir/build.make CMakeFiles/cmTC_accce.dir/build
gmake[1]: Entering directory '/home/munyaantony/enpm702_cpp_ws/enpm702_fall2024/cmake-3.22.1/CMakeFiles/CMakeTmp'
Building C object CMakeFiles/cmTC_accce.dir/HAVE_IO_H.c.o
/usr/bin/gcc   -w  -std=gnu11 -o CMakeFiles/cmTC_accce.dir/HAVE_IO_H.c.o -c /home/munyaantony/enpm702_cpp_ws/enpm702_fall2024/cmake-3.22.1/CMakeFiles/CheckIncludeFiles/HAVE_IO_H.c
/home/munyaantony/enpm702_cpp_ws/enpm702_fall2024/cmake-3.22.1/CMakeFiles/CheckIncludeFiles/HAVE_IO_H.c:23:10: fatal error: io.h: No such file or directory
   23 | #include <io.h>
      |          ^~~~~~
compilation terminated.
gmake[1]: *** [CMakeFiles/cmTC_accce.dir/build.make:78: CMakeFiles/cmTC_accce.dir/HAVE_IO_H.c.o] Error 1
gmake[1]: Leaving directory '/home/munyaantony/enpm702_cpp_ws/enpm702_fall2024/cmake-3.22.1/CMakeFiles/CMakeTmp'
gmake: *** [Makefile:127: cmTC_accce/fast] Error 2


Source:
/* */
#include <stdio.h>
#include <inttypes.h>
#include <sys/ioctl.h>
#include <sys/param.h>
#include <sys/poll.h>
#include <sys/resource.h>
#include <sys/select.h>
#include <sys/socket.h>
#include <sys/stat.h>
#include <sys/time.h>
#include <sys/types.h>
#include <sys/uio.h>
#include <sys/un.h>
#include <sys/xattr.h>
#include <alloca.h>
#include <arpa/inet.h>
#include <arpa/tftp.h>
#include <assert.h>
#include <errno.h>
#include <fcntl.h>
#include <ifaddrs.h>
#include <io.h>


int main(void){return 0;}

Determining if files stdio.h;inttypes.h;sys/ioctl.h;sys/param.h;sys/poll.h;sys/resource.h;sys/select.h;sys/socket.h;sys/stat.h;sys/time.h;sys/types.h;sys/uio.h;sys/un.h;sys/xattr.h;alloca.h;arpa/inet.h;arpa/tftp.h;assert.h;errno.h;fcntl.h;ifaddrs.h;krb.h exist failed with the following output:
Change Dir: /home/munyaantony/enpm702_cpp_ws/enpm702_fall2024/cmake-3.22.1/CMakeFiles/CMakeTmp

Run Build Command(s):/usr/bin/gmake -f Makefile cmTC_a9214/fast && gmake  -f CMakeFiles/cmTC_a9214.dir/build.make CMakeFiles/cmTC_a9214.dir/build
gmake[1]: Entering directory '/home/munyaantony/enpm702_cpp_ws/enpm702_fall2024/cmake-3.22.1/CMakeFiles/CMakeTmp'
Building C object CMakeFiles/cmTC_a9214.dir/HAVE_KRB_H.c.o
/usr/bin/gcc   -w  -std=gnu11 -o CMakeFiles/cmTC_a9214.dir/HAVE_KRB_H.c.o -c /home/munyaantony/enpm702_cpp_ws/enpm702_fall2024/cmake-3.22.1/CMakeFiles/CheckIncludeFiles/HAVE_KRB_H.c
/home/munyaantony/enpm702_cpp_ws/enpm702_fall2024/cmake-3.22.1/CMakeFiles/CheckIncludeFiles/HAVE_KRB_H.c:23:10: fatal error: krb.h: No such file or directory
   23 | #include <krb.h>
      |          ^~~~~~~
compilation terminated.
gmake[1]: *** [CMakeFiles/cmTC_a9214.dir/build.make:78: CMakeFiles/cmTC_a9214.dir/HAVE_KRB_H.c.o] Error 1
gmake[1]: Leaving directory '/home/munyaantony/enpm702_cpp_ws/enpm702_fall2024/cmake-3.22.1/CMakeFiles/CMakeTmp'
gmake: *** [Makefile:127: cmTC_a9214/fast] Error 2


Source:
/* */
#include <stdio.h>
#include <inttypes.h>
#include <sys/ioctl.h>
#include <sys/param.h>
#include <sys/poll.h>
#include <sys/resource.h>
#include <sys/select.h>
#include <sys/socket.h>
#include <sys/stat.h>
#include <sys/time.h>
#include <sys/types.h>
#include <sys/uio.h>
#include <sys/un.h>
#include <sys/xattr.h>
#include <alloca.h>
#include <arpa/inet.h>
#include <arpa/tftp.h>
#include <assert.h>
#include <errno.h>
#include <fcntl.h>
#include <ifaddrs.h>
#include <krb.h>


int main(void){return 0;}

Determining if files stdio.h;inttypes.h;sys/ioctl.h;sys/param.h;sys/poll.h;sys/resource.h;sys/select.h;sys/socket.h;sys/stat.h;sys/time.h;sys/types.h;sys/uio.h;sys/un.h;sys/xattr.h;alloca.h;arpa/inet.h;arpa/tftp.h;assert.h;errno.h;fcntl.h;ifaddrs.h;libgen.h;locale.h;net/if.h;netdb.h;netinet/in.h;netinet/tcp.h;pem.h exist failed with the following output:
Change Dir: /home/munyaantony/enpm702_cpp_ws/enpm702_fall2024/cmake-3.22.1/CMakeFiles/CMakeTmp

Run Build Command(s):/usr/bin/gmake -f Makefile cmTC_da093/fast && gmake  -f CMakeFiles/cmTC_da093.dir/build.make CMakeFiles/cmTC_da093.dir/build
gmake[1]: Entering directory '/home/munyaantony/enpm702_cpp_ws/enpm702_fall2024/cmake-3.22.1/CMakeFiles/CMakeTmp'
Building C object CMakeFiles/cmTC_da093.dir/HAVE_PEM_H.c.o
/usr/bin/gcc   -w  -std=gnu11 -o CMakeFiles/cmTC_da093.dir/HAVE_PEM_H.c.o -c /home/munyaantony/enpm702_cpp_ws/enpm702_fall2024/cmake-3.22.1/CMakeFiles/CheckIncludeFiles/HAVE_PEM_H.c
/home/munyaantony/enpm702_cpp_ws/enpm702_fall2024/cmake-3.22.1/CMakeFiles/CheckIncludeFiles/HAVE_PEM_H.c:29:10: fatal error: pem.h: No such file or directory
   29 | #include <pem.h>
      |          ^~~~~~~
compilation terminated.
gmake[1]: *** [CMakeFiles/cmTC_da093.dir/build.make:78: CMakeFiles/cmTC_da093.dir/HAVE_PEM_H.c.o] Error 1
gmake[1]: Leaving directory '/home/munyaantony/enpm702_cpp_ws/enpm702_fall2024/cmake-3.22.1/CMakeFiles/CMakeTmp'
gmake: *** [Makefile:127: cmTC_da093/fast] Error 2


Source:
/* */
#include <stdio.h>
#include <inttypes.h>
#include <sys/ioctl.h>
#include <sys/param.h>
#include <sys/poll.h>
#include <sys/resource.h>
#include <sys/select.h>
#include <sys/socket.h>
#include <sys/stat.h>
#include <sys/time.h>
#include <sys/types.h>
#include <sys/uio.h>
#include <sys/un.h>
#include <sys/xattr.h>
#include <alloca.h>
#include <arpa/inet.h>
#include <arpa/tftp.h>
#include <assert.h>
#include <errno.h>
#include <fcntl.h>
#include <ifaddrs.h>
#include <libgen.h>
#include <locale.h>
#include <net/if.h>
#include <netdb.h>
#include <netinet/in.h>
#include <netinet/tcp.h>
#include <pem.h>


int main(void){return 0;}

Determining if files stdio.h;inttypes.h;sys/ioctl.h;sys/param.h;sys/poll.h;sys/resource.h;sys/select.h;sys/socket.h;sys/stat.h;sys/time.h;sys/types.h;sys/uio.h;sys/un.h;sys/xattr.h;alloca.h;arpa/inet.h;arpa/tftp.h;assert.h;errno.h;fcntl.h;ifaddrs.h;libgen.h;locale.h;net/if.h;netdb.h;netinet/in.h;netinet/tcp.h;poll.h;pwd.h;setjmp.h;signal.h;ssl.h exist failed with the following output:
Change Dir: /home/munyaantony/enpm702_cpp_ws/enpm702_fall2024/cmake-3.22.1/CMakeFiles/CMakeTmp

Run Build Command(s):/usr/bin/gmake -f Makefile cmTC_5dc7b/fast && gmake  -f CMakeFiles/cmTC_5dc7b.dir/build.make CMakeFiles/cmTC_5dc7b.dir/build
gmake[1]: Entering directory '/home/munyaantony/enpm702_cpp_ws/enpm702_fall2024/cmake-3.22.1/CMakeFiles/CMakeTmp'
Building C object CMakeFiles/cmTC_5dc7b.dir/HAVE_SSL_H.c.o
/usr/bin/gcc   -w  -std=gnu11 -o CMakeFiles/cmTC_5dc7b.dir/HAVE_SSL_H.c.o -c /home/munyaantony/enpm702_cpp_ws/enpm702_fall2024/cmake-3.22.1/CMakeFiles/CheckIncludeFiles/HAVE_SSL_H.c
/home/munyaantony/enpm702_cpp_ws/enpm702_fall2024/cmake-3.22.1/CMakeFiles/CheckIncludeFiles/HAVE_SSL_H.c:33:10: fatal error: ssl.h: No such file or directory
   33 | #include <ssl.h>
      |          ^~~~~~~
compilation terminated.
gmake[1]: *** [CMakeFiles/cmTC_5dc7b.dir/build.make:78: CMakeFiles/cmTC_5dc7b.dir/HAVE_SSL_H.c.o] Error 1
gmake[1]: Leaving directory '/home/munyaantony/enpm702_cpp_ws/enpm702_fall2024/cmake-3.22.1/CMakeFiles/CMakeTmp'
gmake: *** [Makefile:127: cmTC_5dc7b/fast] Error 2


Source:
/* */
#include <stdio.h>
#include <inttypes.h>
#include <sys/ioctl.h>
#include <sys/param.h>
#include <sys/poll.h>
#include <sys/resource.h>
#include <sys/select.h>
#include <sys/socket.h>
#include <sys/stat.h>
#include <sys/time.h>
#include <sys/types.h>
#include <sys/uio.h>
#include <sys/un.h>
#include <sys/xattr.h>
#include <alloca.h>
#include <arpa/inet.h>
#include <arpa/tftp.h>
#include <assert.h>
#include <errno.h>
#include <fcntl.h>
#include <ifaddrs.h>
#include <libgen.h>
#include <locale.h>
#include <net/if.h>
#include <netdb.h>
#include <netinet/in.h>
#include <netinet/tcp.h>
#include <poll.h>
#include <pwd.h>
#include <setjmp.h>
#include <signal.h>
#include <ssl.h>


int main(void){return 0;}

Determining if files stdio.h;inttypes.h;sys/ioctl.h;sys/param.h;sys/poll.h;sys/resource.h;sys/select.h;sys/socket.h;sys/stat.h;sys/time.h;sys/types.h;sys/uio.h;sys/un.h;sys/xattr.h;alloca.h;arpa/inet.h;arpa/tftp.h;assert.h;errno.h;fcntl.h;ifaddrs.h;libgen.h;locale.h;net/if.h;netdb.h;netinet/in.h;netinet/tcp.h;poll.h;pwd.h;setjmp.h;signal.h;stdbool.h;stdint.h;stdio.h;stdlib.h;string.h;strings.h;stropts.h exist failed with the following output:
Change Dir: /home/munyaantony/enpm702_cpp_ws/enpm702_fall2024/cmake-3.22.1/CMakeFiles/CMakeTmp

Run Build Command(s):/usr/bin/gmake -f Makefile cmTC_ebd17/fast && gmake  -f CMakeFiles/cmTC_ebd17.dir/build.make CMakeFiles/cmTC_ebd17.dir/build
gmake[1]: Entering directory '/home/munyaantony/enpm702_cpp_ws/enpm702_fall2024/cmake-3.22.1/CMakeFiles/CMakeTmp'
Building C object CMakeFiles/cmTC_ebd17.dir/HAVE_STROPTS_H.c.o
/usr/bin/gcc   -w  -std=gnu11 -o CMakeFiles/cmTC_ebd17.dir/HAVE_STROPTS_H.c.o -c /home/munyaantony/enpm702_cpp_ws/enpm702_fall2024/cmake-3.22.1/CMakeFiles/CheckIncludeFiles/HAVE_STROPTS_H.c
/home/munyaantony/enpm702_cpp_ws/enpm702_fall2024/cmake-3.22.1/CMakeFiles/CheckIncludeFiles/HAVE_STROPTS_H.c:39:10: fatal error: stropts.h: No such file or directory
   39 | #include <stropts.h>
      |          ^~~~~~~~~~~
compilation terminated.
gmake[1]: *** [CMakeFiles/cmTC_ebd17.dir/build.make:78: CMakeFiles/cmTC_ebd17.dir/HAVE_STROPTS_H.c.o] Error 1
gmake[1]: Leaving directory '/home/munyaantony/enpm702_cpp_ws/enpm702_fall2024/cmake-3.22.1/CMakeFiles/CMakeTmp'
gmake: *** [Makefile:127: cmTC_ebd17/fast] Error 2


Source:
/* */
#include <stdio.h>
#include <inttypes.h>
#include <sys/ioctl.h>
#include <sys/param.h>
#include <sys/poll.h>
#include <sys/resource.h>
#include <sys/select.h>
#include <sys/socket.h>
#include <sys/stat.h>
#include <sys/time.h>
#include <sys/types.h>
#include <sys/uio.h>
#include <sys/un.h>
#include <sys/xattr.h>
#include <alloca.h>
#include <arpa/inet.h>
#include <arpa/tftp.h>
#include <assert.h>
#include <errno.h>
#include <fcntl.h>
#include <ifaddrs.h>
#include <libgen.h>
#include <locale.h>
#include <net/if.h>
#include <netdb.h>
#include <netinet/in.h>
#include <netinet/tcp.h>
#include <poll.h>
#include <pwd.h>
#include <setjmp.h>
#include <signal.h>
#include <stdbool.h>
#include <stdint.h>
#include <stdio.h>
#include <stdlib.h>
#include <string.h>
#include <strings.h>
#include <stropts.h>


int main(void){return 0;}

Determining if files stdio.h;inttypes.h;sys/ioctl.h;sys/param.h;sys/poll.h;sys/resource.h;sys/select.h;sys/socket.h;sys/stat.h;sys/time.h;sys/types.h;sys/uio.h;sys/un.h;sys/xattr.h;alloca.h;arpa/inet.h;arpa/tftp.h;assert.h;errno.h;fcntl.h;ifaddrs.h;libgen.h;locale.h;net/if.h;netdb.h;netinet/in.h;netinet/tcp.h;poll.h;pwd.h;setjmp.h;signal.h;stdbool.h;stdint.h;stdio.h;stdlib.h;string.h;strings.h;termio.h;termios.h;time.h;unistd.h;utime.h;x509.h exist failed with the following output:
Change Dir: /home/munyaantony/enpm702_cpp_ws/enpm702_fall2024/cmake-3.22.1/CMakeFiles/CMakeTmp

Run Build Command(s):/usr/bin/gmake -f Makefile cmTC_31221/fast && gmake  -f CMakeFiles/cmTC_31221.dir/build.make CMakeFiles/cmTC_31221.dir/build
gmake[1]: Entering directory '/home/munyaantony/enpm702_cpp_ws/enpm702_fall2024/cmake-3.22.1/CMakeFiles/CMakeTmp'
Building C object CMakeFiles/cmTC_31221.dir/HAVE_X509_H.c.o
/usr/bin/gcc   -w  -std=gnu11 -o CMakeFiles/cmTC_31221.dir/HAVE_X509_H.c.o -c /home/munyaantony/enpm702_cpp_ws/enpm702_fall2024/cmake-3.22.1/CMakeFiles/CheckIncludeFiles/HAVE_X509_H.c
/home/munyaantony/enpm702_cpp_ws/enpm702_fall2024/cmake-3.22.1/CMakeFiles/CheckIncludeFiles/HAVE_X509_H.c:44:10: fatal error: x509.h: No such file or directory
   44 | #include <x509.h>
      |          ^~~~~~~~
compilation terminated.
gmake[1]: *** [CMakeFiles/cmTC_31221.dir/build.make:78: CMakeFiles/cmTC_31221.dir/HAVE_X509_H.c.o] Error 1
gmake[1]: Leaving directory '/home/munyaantony/enpm702_cpp_ws/enpm702_fall2024/cmake-3.22.1/CMakeFiles/CMakeTmp'
gmake: *** [Makefile:127: cmTC_31221/fast] Error 2


Source:
/* */
#include <stdio.h>
#include <inttypes.h>
#include <sys/ioctl.h>
#include <sys/param.h>
#include <sys/poll.h>
#include <sys/resource.h>
#include <sys/select.h>
#include <sys/socket.h>
#include <sys/stat.h>
#include <sys/time.h>
#include <sys/types.h>
#include <sys/uio.h>
#include <sys/un.h>
#include <sys/xattr.h>
#include <alloca.h>
#include <arpa/inet.h>
#include <arpa/tftp.h>
#include <assert.h>
#include <errno.h>
#include <fcntl.h>
#include <ifaddrs.h>
#include <libgen.h>
#include <locale.h>
#include <net/if.h>
#include <netdb.h>
#include <netinet/in.h>
#include <netinet/tcp.h>
#include <poll.h>
#include <pwd.h>
#include <setjmp.h>
#include <signal.h>
#include <stdbool.h>
#include <stdint.h>
#include <stdio.h>
#include <stdlib.h>
#include <string.h>
#include <strings.h>
#include <termio.h>
#include <termios.h>
#include <time.h>
#include <unistd.h>
#include <utime.h>
#include <x509.h>


int main(void){return 0;}

Determining if files stdio.h;inttypes.h;sys/ioctl.h;sys/param.h;sys/poll.h;sys/resource.h;sys/select.h;sys/socket.h;sys/stat.h;sys/time.h;sys/types.h;sys/uio.h;sys/un.h;sys/xattr.h;alloca.h;arpa/inet.h;arpa/tftp.h;assert.h;errno.h;fcntl.h;ifaddrs.h;libgen.h;locale.h;net/if.h;netdb.h;netinet/in.h;netinet/tcp.h;poll.h;pwd.h;setjmp.h;signal.h;stdbool.h;stdint.h;stdio.h;stdlib.h;string.h;strings.h;termio.h;termios.h;time.h;unistd.h;utime.h;process.h exist failed with the following output:
Change Dir: /home/munyaantony/enpm702_cpp_ws/enpm702_fall2024/cmake-3.22.1/CMakeFiles/CMakeTmp

Run Build Command(s):/usr/bin/gmake -f Makefile cmTC_ff2f6/fast && gmake  -f CMakeFiles/cmTC_ff2f6.dir/build.make CMakeFiles/cmTC_ff2f6.dir/build
gmake[1]: Entering directory '/home/munyaantony/enpm702_cpp_ws/enpm702_fall2024/cmake-3.22.1/CMakeFiles/CMakeTmp'
Building C object CMakeFiles/cmTC_ff2f6.dir/HAVE_PROCESS_H.c.o
/usr/bin/gcc   -w  -std=gnu11 -o CMakeFiles/cmTC_ff2f6.dir/HAVE_PROCESS_H.c.o -c /home/munyaantony/enpm702_cpp_ws/enpm702_fall2024/cmake-3.22.1/CMakeFiles/CheckIncludeFiles/HAVE_PROCESS_H.c
/home/munyaantony/enpm702_cpp_ws/enpm702_fall2024/cmake-3.22.1/CMakeFiles/CheckIncludeFiles/HAVE_PROCESS_H.c:44:10: fatal error: process.h: No such file or directory
   44 | #include <process.h>
      |          ^~~~~~~~~~~
compilation terminated.
gmake[1]: *** [CMakeFiles/cmTC_ff2f6.dir/build.make:78: CMakeFiles/cmTC_ff2f6.dir/HAVE_PROCESS_H.c.o] Error 1
gmake[1]: Leaving directory '/home/munyaantony/enpm702_cpp_ws/enpm702_fall2024/cmake-3.22.1/CMakeFiles/CMakeTmp'
gmake: *** [Makefile:127: cmTC_ff2f6/fast] Error 2


Source:
/* */
#include <stdio.h>
#include <inttypes.h>
#include <sys/ioctl.h>
#include <sys/param.h>
#include <sys/poll.h>
#include <sys/resource.h>
#include <sys/select.h>
#include <sys/socket.h>
#include <sys/stat.h>
#include <sys/time.h>
#include <sys/types.h>
#include <sys/uio.h>
#include <sys/un.h>
#include <sys/xattr.h>
#include <alloca.h>
#include <arpa/inet.h>
#include <arpa/tftp.h>
#include <assert.h>
#include <errno.h>
#include <fcntl.h>
#include <ifaddrs.h>
#include <libgen.h>
#include <locale.h>
#include <net/if.h>
#include <netdb.h>
#include <netinet/in.h>
#include <netinet/tcp.h>
#include <poll.h>
#include <pwd.h>
#include <setjmp.h>
#include <signal.h>
#include <stdbool.h>
#include <stdint.h>
#include <stdio.h>
#include <stdlib.h>
#include <string.h>
#include <strings.h>
#include <termio.h>
#include <termios.h>
#include <time.h>
#include <unistd.h>
#include <utime.h>
#include <process.h>


int main(void){return 0;}

Determining if files stdio.h;inttypes.h;sys/ioctl.h;sys/param.h;sys/poll.h;sys/resource.h;sys/select.h;sys/socket.h;sys/stat.h;sys/time.h;sys/types.h;sys/uio.h;sys/un.h;sys/xattr.h;alloca.h;arpa/inet.h;arpa/tftp.h;assert.h;errno.h;fcntl.h;ifaddrs.h;libgen.h;locale.h;net/if.h;netdb.h;netinet/in.h;netinet/tcp.h;poll.h;pwd.h;setjmp.h;signal.h;stdbool.h;stdint.h;stdio.h;stdlib.h;string.h;strings.h;termio.h;termios.h;time.h;unistd.h;utime.h;stddef.h;dlfcn.h;malloc.h;memory.h;netinet/if_ether.h;stdint.h;sockio.h exist failed with the following output:
Change Dir: /home/munyaantony/enpm702_cpp_ws/enpm702_fall2024/cmake-3.22.1/CMakeFiles/CMakeTmp

Run Build Command(s):/usr/bin/gmake -f Makefile cmTC_c43ed/fast && gmake  -f CMakeFiles/cmTC_c43ed.dir/build.make CMakeFiles/cmTC_c43ed.dir/build
gmake[1]: Entering directory '/home/munyaantony/enpm702_cpp_ws/enpm702_fall2024/cmake-3.22.1/CMakeFiles/CMakeTmp'
Building C object CMakeFiles/cmTC_c43ed.dir/HAVE_SOCKIO_H.c.o
/usr/bin/gcc   -w  -std=gnu11 -o CMakeFiles/cmTC_c43ed.dir/HAVE_SOCKIO_H.c.o -c /home/munyaantony/enpm702_cpp_ws/enpm702_fall2024/cmake-3.22.1/CMakeFiles/CheckIncludeFiles/HAVE_SOCKIO_H.c
/home/munyaantony/enpm702_cpp_ws/enpm702_fall2024/cmake-3.22.1/CMakeFiles/CheckIncludeFiles/HAVE_SOCKIO_H.c:50:10: fatal error: sockio.h: No such file or directory
   50 | #include <sockio.h>
      |          ^~~~~~~~~~
compilation terminated.
gmake[1]: *** [CMakeFiles/cmTC_c43ed.dir/build.make:78: CMakeFiles/cmTC_c43ed.dir/HAVE_SOCKIO_H.c.o] Error 1
gmake[1]: Leaving directory '/home/munyaantony/enpm702_cpp_ws/enpm702_fall2024/cmake-3.22.1/CMakeFiles/CMakeTmp'
gmake: *** [Makefile:127: cmTC_c43ed/fast] Error 2


Source:
/* */
#include <stdio.h>
#include <inttypes.h>
#include <sys/ioctl.h>
#include <sys/param.h>
#include <sys/poll.h>
#include <sys/resource.h>
#include <sys/select.h>
#include <sys/socket.h>
#include <sys/stat.h>
#include <sys/time.h>
#include <sys/types.h>
#include <sys/uio.h>
#include <sys/un.h>
#include <sys/xattr.h>
#include <alloca.h>
#include <arpa/inet.h>
#include <arpa/tftp.h>
#include <assert.h>
#include <errno.h>
#include <fcntl.h>
#include <ifaddrs.h>
#include <libgen.h>
#include <locale.h>
#include <net/if.h>
#include <netdb.h>
#include <netinet/in.h>
#include <netinet/tcp.h>
#include <poll.h>
#include <pwd.h>
#include <setjmp.h>
#include <signal.h>
#include <stdbool.h>
#include <stdint.h>
#include <stdio.h>
#include <stdlib.h>
#include <string.h>
#include <strings.h>
#include <termio.h>
#include <termios.h>
#include <time.h>
#include <unistd.h>
#include <utime.h>
#include <stddef.h>
#include <dlfcn.h>
#include <malloc.h>
#include <memory.h>
#include <netinet/if_ether.h>
#include <stdint.h>
#include <sockio.h>


int main(void){return 0;}

Determining if the stricmp exist failed with the following output:
Change Dir: /home/munyaantony/enpm702_cpp_ws/enpm702_fall2024/cmake-3.22.1/CMakeFiles/CMakeTmp

Run Build Command(s):/usr/bin/gmake -f Makefile cmTC_9ca29/fast && gmake  -f CMakeFiles/cmTC_9ca29.dir/build.make CMakeFiles/cmTC_9ca29.dir/build
gmake[1]: Entering directory '/home/munyaantony/enpm702_cpp_ws/enpm702_fall2024/cmake-3.22.1/CMakeFiles/CMakeTmp'
Building C object CMakeFiles/cmTC_9ca29.dir/CheckSymbolExists.c.o
/usr/bin/gcc   -w  -std=gnu11 -o CMakeFiles/cmTC_9ca29.dir/CheckSymbolExists.c.o -c /home/munyaantony/enpm702_cpp_ws/enpm702_fall2024/cmake-3.22.1/CMakeFiles/CMakeTmp/CheckSymbolExists.c
/home/munyaantony/enpm702_cpp_ws/enpm702_fall2024/cmake-3.22.1/CMakeFiles/CMakeTmp/CheckSymbolExists.c: In function ‘main’:
/home/munyaantony/enpm702_cpp_ws/enpm702_fall2024/cmake-3.22.1/CMakeFiles/CMakeTmp/CheckSymbolExists.c:56:19: error: ‘stricmp’ undeclared (first use in this function); did you mean ‘strncmp’?
   56 |   return ((int*)(&stricmp))[argc];
      |                   ^~~~~~~
      |                   strncmp
/home/munyaantony/enpm702_cpp_ws/enpm702_fall2024/cmake-3.22.1/CMakeFiles/CMakeTmp/CheckSymbolExists.c:56:19: note: each undeclared identifier is reported only once for each function it appears in
gmake[1]: *** [CMakeFiles/cmTC_9ca29.dir/build.make:78: CMakeFiles/cmTC_9ca29.dir/CheckSymbolExists.c.o] Error 1
gmake[1]: Leaving directory '/home/munyaantony/enpm702_cpp_ws/enpm702_fall2024/cmake-3.22.1/CMakeFiles/CMakeTmp'
gmake: *** [Makefile:127: cmTC_9ca29/fast] Error 2


File /home/munyaantony/enpm702_cpp_ws/enpm702_fall2024/cmake-3.22.1/CMakeFiles/CMakeTmp/CheckSymbolExists.c:
/* */
#include <stdio.h>
#include <inttypes.h>
#include <sys/ioctl.h>
#include <sys/param.h>
#include <sys/poll.h>
#include <sys/resource.h>
#include <sys/select.h>
#include <sys/socket.h>
#include <sys/stat.h>
#include <sys/time.h>
#include <sys/types.h>
#include <sys/uio.h>
#include <sys/un.h>
#include <sys/xattr.h>
#include <alloca.h>
#include <arpa/inet.h>
#include <arpa/tftp.h>
#include <assert.h>
#include <errno.h>
#include <fcntl.h>
#include <ifaddrs.h>
#include <libgen.h>
#include <locale.h>
#include <net/if.h>
#include <netdb.h>
#include <netinet/in.h>
#include <netinet/tcp.h>
#include <poll.h>
#include <pwd.h>
#include <setjmp.h>
#include <signal.h>
#include <stdbool.h>
#include <stdint.h>
#include <stdio.h>
#include <stdlib.h>
#include <string.h>
#include <strings.h>
#include <termio.h>
#include <termios.h>
#include <time.h>
#include <unistd.h>
#include <utime.h>
#include <stddef.h>
#include <dlfcn.h>
#include <malloc.h>
#include <memory.h>
#include <netinet/if_ether.h>
#include <stdint.h>
#include <sys/utsname.h>

int main(int argc, char** argv)
{
  (void)argv;
#ifndef stricmp
  return ((int*)(&stricmp))[argc];
#else
  (void)argc;
  return 0;
#endif
}
Determining if the strcmpi exist failed with the following output:
Change Dir: /home/munyaantony/enpm702_cpp_ws/enpm702_fall2024/cmake-3.22.1/CMakeFiles/CMakeTmp

Run Build Command(s):/usr/bin/gmake -f Makefile cmTC_7e8dc/fast && gmake  -f CMakeFiles/cmTC_7e8dc.dir/build.make CMakeFiles/cmTC_7e8dc.dir/build
gmake[1]: Entering directory '/home/munyaantony/enpm702_cpp_ws/enpm702_fall2024/cmake-3.22.1/CMakeFiles/CMakeTmp'
Building C object CMakeFiles/cmTC_7e8dc.dir/CheckSymbolExists.c.o
/usr/bin/gcc   -w  -std=gnu11 -o CMakeFiles/cmTC_7e8dc.dir/CheckSymbolExists.c.o -c /home/munyaantony/enpm702_cpp_ws/enpm702_fall2024/cmake-3.22.1/CMakeFiles/CMakeTmp/CheckSymbolExists.c
/home/munyaantony/enpm702_cpp_ws/enpm702_fall2024/cmake-3.22.1/CMakeFiles/CMakeTmp/CheckSymbolExists.c: In function ‘main’:
/home/munyaantony/enpm702_cpp_ws/enpm702_fall2024/cmake-3.22.1/CMakeFiles/CMakeTmp/CheckSymbolExists.c:56:19: error: ‘strcmpi’ undeclared (first use in this function); did you mean ‘strcmp’?
   56 |   return ((int*)(&strcmpi))[argc];
      |                   ^~~~~~~
      |                   strcmp
/home/munyaantony/enpm702_cpp_ws/enpm702_fall2024/cmake-3.22.1/CMakeFiles/CMakeTmp/CheckSymbolExists.c:56:19: note: each undeclared identifier is reported only once for each function it appears in
gmake[1]: *** [CMakeFiles/cmTC_7e8dc.dir/build.make:78: CMakeFiles/cmTC_7e8dc.dir/CheckSymbolExists.c.o] Error 1
gmake[1]: Leaving directory '/home/munyaantony/enpm702_cpp_ws/enpm702_fall2024/cmake-3.22.1/CMakeFiles/CMakeTmp'
gmake: *** [Makefile:127: cmTC_7e8dc/fast] Error 2


File /home/munyaantony/enpm702_cpp_ws/enpm702_fall2024/cmake-3.22.1/CMakeFiles/CMakeTmp/CheckSymbolExists.c:
/* */
#include <stdio.h>
#include <inttypes.h>
#include <sys/ioctl.h>
#include <sys/param.h>
#include <sys/poll.h>
#include <sys/resource.h>
#include <sys/select.h>
#include <sys/socket.h>
#include <sys/stat.h>
#include <sys/time.h>
#include <sys/types.h>
#include <sys/uio.h>
#include <sys/un.h>
#include <sys/xattr.h>
#include <alloca.h>
#include <arpa/inet.h>
#include <arpa/tftp.h>
#include <assert.h>
#include <errno.h>
#include <fcntl.h>
#include <ifaddrs.h>
#include <libgen.h>
#include <locale.h>
#include <net/if.h>
#include <netdb.h>
#include <netinet/in.h>
#include <netinet/tcp.h>
#include <poll.h>
#include <pwd.h>
#include <setjmp.h>
#include <signal.h>
#include <stdbool.h>
#include <stdint.h>
#include <stdio.h>
#include <stdlib.h>
#include <string.h>
#include <strings.h>
#include <termio.h>
#include <termios.h>
#include <time.h>
#include <unistd.h>
#include <utime.h>
#include <stddef.h>
#include <dlfcn.h>
#include <malloc.h>
#include <memory.h>
#include <netinet/if_ether.h>
#include <stdint.h>
#include <sys/utsname.h>

int main(int argc, char** argv)
{
  (void)argv;
#ifndef strcmpi
  return ((int*)(&strcmpi))[argc];
#else
  (void)argc;
  return 0;
#endif
}
Determining if the strncmpi exist failed with the following output:
Change Dir: /home/munyaantony/enpm702_cpp_ws/enpm702_fall2024/cmake-3.22.1/CMakeFiles/CMakeTmp

Run Build Command(s):/usr/bin/gmake -f Makefile cmTC_69351/fast && gmake  -f CMakeFiles/cmTC_69351.dir/build.make CMakeFiles/cmTC_69351.dir/build
gmake[1]: Entering directory '/home/munyaantony/enpm702_cpp_ws/enpm702_fall2024/cmake-3.22.1/CMakeFiles/CMakeTmp'
Building C object CMakeFiles/cmTC_69351.dir/CheckSymbolExists.c.o
/usr/bin/gcc   -w  -std=gnu11 -o CMakeFiles/cmTC_69351.dir/CheckSymbolExists.c.o -c /home/munyaantony/enpm702_cpp_ws/enpm702_fall2024/cmake-3.22.1/CMakeFiles/CMakeTmp/CheckSymbolExists.c
/home/munyaantony/enpm702_cpp_ws/enpm702_fall2024/cmake-3.22.1/CMakeFiles/CMakeTmp/CheckSymbolExists.c: In function ‘main’:
/home/munyaantony/enpm702_cpp_ws/enpm702_fall2024/cmake-3.22.1/CMakeFiles/CMakeTmp/CheckSymbolExists.c:56:19: error: ‘strncmpi’ undeclared (first use in this function); did you mean ‘strncmp’?
   56 |   return ((int*)(&strncmpi))[argc];
      |                   ^~~~~~~~
      |                   strncmp
/home/munyaantony/enpm702_cpp_ws/enpm702_fall2024/cmake-3.22.1/CMakeFiles/CMakeTmp/CheckSymbolExists.c:56:19: note: each undeclared identifier is reported only once for each function it appears in
gmake[1]: *** [CMakeFiles/cmTC_69351.dir/build.make:78: CMakeFiles/cmTC_69351.dir/CheckSymbolExists.c.o] Error 1
gmake[1]: Leaving directory '/home/munyaantony/enpm702_cpp_ws/enpm702_fall2024/cmake-3.22.1/CMakeFiles/CMakeTmp'
gmake: *** [Makefile:127: cmTC_69351/fast] Error 2


File /home/munyaantony/enpm702_cpp_ws/enpm702_fall2024/cmake-3.22.1/CMakeFiles/CMakeTmp/CheckSymbolExists.c:
/* */
#include <stdio.h>
#include <inttypes.h>
#include <sys/ioctl.h>
#include <sys/param.h>
#include <sys/poll.h>
#include <sys/resource.h>
#include <sys/select.h>
#include <sys/socket.h>
#include <sys/stat.h>
#include <sys/time.h>
#include <sys/types.h>
#include <sys/uio.h>
#include <sys/un.h>
#include <sys/xattr.h>
#include <alloca.h>
#include <arpa/inet.h>
#include <arpa/tftp.h>
#include <assert.h>
#include <errno.h>
#include <fcntl.h>
#include <ifaddrs.h>
#include <libgen.h>
#include <locale.h>
#include <net/if.h>
#include <netdb.h>
#include <netinet/in.h>
#include <netinet/tcp.h>
#include <poll.h>
#include <pwd.h>
#include <setjmp.h>
#include <signal.h>
#include <stdbool.h>
#include <stdint.h>
#include <stdio.h>
#include <stdlib.h>
#include <string.h>
#include <strings.h>
#include <termio.h>
#include <termios.h>
#include <time.h>
#include <unistd.h>
#include <utime.h>
#include <stddef.h>
#include <dlfcn.h>
#include <malloc.h>
#include <memory.h>
#include <netinet/if_ether.h>
#include <stdint.h>
#include <sys/utsname.h>

int main(int argc, char** argv)
{
  (void)argv;
#ifndef strncmpi
  return ((int*)(&strncmpi))[argc];
#else
  (void)argc;
  return 0;
#endif
}
Determining if the closesocket exist failed with the following output:
Change Dir: /home/munyaantony/enpm702_cpp_ws/enpm702_fall2024/cmake-3.22.1/CMakeFiles/CMakeTmp

Run Build Command(s):/usr/bin/gmake -f Makefile cmTC_b6cfe/fast && gmake  -f CMakeFiles/cmTC_b6cfe.dir/build.make CMakeFiles/cmTC_b6cfe.dir/build
gmake[1]: Entering directory '/home/munyaantony/enpm702_cpp_ws/enpm702_fall2024/cmake-3.22.1/CMakeFiles/CMakeTmp'
Building C object CMakeFiles/cmTC_b6cfe.dir/CheckSymbolExists.c.o
/usr/bin/gcc   -w  -std=gnu11 -o CMakeFiles/cmTC_b6cfe.dir/CheckSymbolExists.c.o -c /home/munyaantony/enpm702_cpp_ws/enpm702_fall2024/cmake-3.22.1/CMakeFiles/CMakeTmp/CheckSymbolExists.c
/home/munyaantony/enpm702_cpp_ws/enpm702_fall2024/cmake-3.22.1/CMakeFiles/CMakeTmp/CheckSymbolExists.c: In function ‘main’:
/home/munyaantony/enpm702_cpp_ws/enpm702_fall2024/cmake-3.22.1/CMakeFiles/CMakeTmp/CheckSymbolExists.c:56:19: error: ‘closesocket’ undeclared (first use in this function)
   56 |   return ((int*)(&closesocket))[argc];
      |                   ^~~~~~~~~~~
/home/munyaantony/enpm702_cpp_ws/enpm702_fall2024/cmake-3.22.1/CMakeFiles/CMakeTmp/CheckSymbolExists.c:56:19: note: each undeclared identifier is reported only once for each function it appears in
gmake[1]: *** [CMakeFiles/cmTC_b6cfe.dir/build.make:78: CMakeFiles/cmTC_b6cfe.dir/CheckSymbolExists.c.o] Error 1
gmake[1]: Leaving directory '/home/munyaantony/enpm702_cpp_ws/enpm702_fall2024/cmake-3.22.1/CMakeFiles/CMakeTmp'
gmake: *** [Makefile:127: cmTC_b6cfe/fast] Error 2


File /home/munyaantony/enpm702_cpp_ws/enpm702_fall2024/cmake-3.22.1/CMakeFiles/CMakeTmp/CheckSymbolExists.c:
/* */
#include <stdio.h>
#include <inttypes.h>
#include <sys/ioctl.h>
#include <sys/param.h>
#include <sys/poll.h>
#include <sys/resource.h>
#include <sys/select.h>
#include <sys/socket.h>
#include <sys/stat.h>
#include <sys/time.h>
#include <sys/types.h>
#include <sys/uio.h>
#include <sys/un.h>
#include <sys/xattr.h>
#include <alloca.h>
#include <arpa/inet.h>
#include <arpa/tftp.h>
#include <assert.h>
#include <errno.h>
#include <fcntl.h>
#include <ifaddrs.h>
#include <libgen.h>
#include <locale.h>
#include <net/if.h>
#include <netdb.h>
#include <netinet/in.h>
#include <netinet/tcp.h>
#include <poll.h>
#include <pwd.h>
#include <setjmp.h>
#include <signal.h>
#include <stdbool.h>
#include <stdint.h>
#include <stdio.h>
#include <stdlib.h>
#include <string.h>
#include <strings.h>
#include <termio.h>
#include <termios.h>
#include <time.h>
#include <unistd.h>
#include <utime.h>
#include <stddef.h>
#include <dlfcn.h>
#include <malloc.h>
#include <memory.h>
#include <netinet/if_ether.h>
#include <stdint.h>
#include <sys/utsname.h>

int main(int argc, char** argv)
{
  (void)argv;
#ifndef closesocket
  return ((int*)(&closesocket))[argc];
#else
  (void)argc;
  return 0;
#endif
}
Determining if the getpass_r exist failed with the following output:
Change Dir: /home/munyaantony/enpm702_cpp_ws/enpm702_fall2024/cmake-3.22.1/CMakeFiles/CMakeTmp

Run Build Command(s):/usr/bin/gmake -f Makefile cmTC_4347c/fast && gmake  -f CMakeFiles/cmTC_4347c.dir/build.make CMakeFiles/cmTC_4347c.dir/build
gmake[1]: Entering directory '/home/munyaantony/enpm702_cpp_ws/enpm702_fall2024/cmake-3.22.1/CMakeFiles/CMakeTmp'
Building C object CMakeFiles/cmTC_4347c.dir/CheckSymbolExists.c.o
/usr/bin/gcc   -w  -std=gnu11 -o CMakeFiles/cmTC_4347c.dir/CheckSymbolExists.c.o -c /home/munyaantony/enpm702_cpp_ws/enpm702_fall2024/cmake-3.22.1/CMakeFiles/CMakeTmp/CheckSymbolExists.c
/home/munyaantony/enpm702_cpp_ws/enpm702_fall2024/cmake-3.22.1/CMakeFiles/CMakeTmp/CheckSymbolExists.c: In function ‘main’:
/home/munyaantony/enpm702_cpp_ws/enpm702_fall2024/cmake-3.22.1/CMakeFiles/CMakeTmp/CheckSymbolExists.c:56:19: error: ‘getpass_r’ undeclared (first use in this function); did you mean ‘getpass’?
   56 |   return ((int*)(&getpass_r))[argc];
      |                   ^~~~~~~~~
      |                   getpass
/home/munyaantony/enpm702_cpp_ws/enpm702_fall2024/cmake-3.22.1/CMakeFiles/CMakeTmp/CheckSymbolExists.c:56:19: note: each undeclared identifier is reported only once for each function it appears in
gmake[1]: *** [CMakeFiles/cmTC_4347c.dir/build.make:78: CMakeFiles/cmTC_4347c.dir/CheckSymbolExists.c.o] Error 1
gmake[1]: Leaving directory '/home/munyaantony/enpm702_cpp_ws/enpm702_fall2024/cmake-3.22.1/CMakeFiles/CMakeTmp'
gmake: *** [Makefile:127: cmTC_4347c/fast] Error 2


File /home/munyaantony/enpm702_cpp_ws/enpm702_fall2024/cmake-3.22.1/CMakeFiles/CMakeTmp/CheckSymbolExists.c:
/* */
#include <stdio.h>
#include <inttypes.h>
#include <sys/ioctl.h>
#include <sys/param.h>
#include <sys/poll.h>
#include <sys/resource.h>
#include <sys/select.h>
#include <sys/socket.h>
#include <sys/stat.h>
#include <sys/time.h>
#include <sys/types.h>
#include <sys/uio.h>
#include <sys/un.h>
#include <sys/xattr.h>
#include <alloca.h>
#include <arpa/inet.h>
#include <arpa/tftp.h>
#include <assert.h>
#include <errno.h>
#include <fcntl.h>
#include <ifaddrs.h>
#include <libgen.h>
#include <locale.h>
#include <net/if.h>
#include <netdb.h>
#include <netinet/in.h>
#include <netinet/tcp.h>
#include <poll.h>
#include <pwd.h>
#include <setjmp.h>
#include <signal.h>
#include <stdbool.h>
#include <stdint.h>
#include <stdio.h>
#include <stdlib.h>
#include <string.h>
#include <strings.h>
#include <termio.h>
#include <termios.h>
#include <time.h>
#include <unistd.h>
#include <utime.h>
#include <stddef.h>
#include <dlfcn.h>
#include <malloc.h>
#include <memory.h>
#include <netinet/if_ether.h>
#include <stdint.h>
#include <sys/utsname.h>

int main(int argc, char** argv)
{
  (void)argv;
#ifndef getpass_r
  return ((int*)(&getpass_r))[argc];
#else
  (void)argc;
  return 0;
#endif
}
Determining if the _strtoi64 exist failed with the following output:
Change Dir: /home/munyaantony/enpm702_cpp_ws/enpm702_fall2024/cmake-3.22.1/CMakeFiles/CMakeTmp

Run Build Command(s):/usr/bin/gmake -f Makefile cmTC_15106/fast && gmake  -f CMakeFiles/cmTC_15106.dir/build.make CMakeFiles/cmTC_15106.dir/build
gmake[1]: Entering directory '/home/munyaantony/enpm702_cpp_ws/enpm702_fall2024/cmake-3.22.1/CMakeFiles/CMakeTmp'
Building C object CMakeFiles/cmTC_15106.dir/CheckSymbolExists.c.o
/usr/bin/gcc   -w  -std=gnu11 -o CMakeFiles/cmTC_15106.dir/CheckSymbolExists.c.o -c /home/munyaantony/enpm702_cpp_ws/enpm702_fall2024/cmake-3.22.1/CMakeFiles/CMakeTmp/CheckSymbolExists.c
/home/munyaantony/enpm702_cpp_ws/enpm702_fall2024/cmake-3.22.1/CMakeFiles/CMakeTmp/CheckSymbolExists.c: In function ‘main’:
/home/munyaantony/enpm702_cpp_ws/enpm702_fall2024/cmake-3.22.1/CMakeFiles/CMakeTmp/CheckSymbolExists.c:56:19: error: ‘_strtoi64’ undeclared (first use in this function)
   56 |   return ((int*)(&_strtoi64))[argc];
      |                   ^~~~~~~~~
/home/munyaantony/enpm702_cpp_ws/enpm702_fall2024/cmake-3.22.1/CMakeFiles/CMakeTmp/CheckSymbolExists.c:56:19: note: each undeclared identifier is reported only once for each function it appears in
gmake[1]: *** [CMakeFiles/cmTC_15106.dir/build.make:78: CMakeFiles/cmTC_15106.dir/CheckSymbolExists.c.o] Error 1
gmake[1]: Leaving directory '/home/munyaantony/enpm702_cpp_ws/enpm702_fall2024/cmake-3.22.1/CMakeFiles/CMakeTmp'
gmake: *** [Makefile:127: cmTC_15106/fast] Error 2


File /home/munyaantony/enpm702_cpp_ws/enpm702_fall2024/cmake-3.22.1/CMakeFiles/CMakeTmp/CheckSymbolExists.c:
/* */
#include <stdio.h>
#include <inttypes.h>
#include <sys/ioctl.h>
#include <sys/param.h>
#include <sys/poll.h>
#include <sys/resource.h>
#include <sys/select.h>
#include <sys/socket.h>
#include <sys/stat.h>
#include <sys/time.h>
#include <sys/types.h>
#include <sys/uio.h>
#include <sys/un.h>
#include <sys/xattr.h>
#include <alloca.h>
#include <arpa/inet.h>
#include <arpa/tftp.h>
#include <assert.h>
#include <errno.h>
#include <fcntl.h>
#include <ifaddrs.h>
#include <libgen.h>
#include <locale.h>
#include <net/if.h>
#include <netdb.h>
#include <netinet/in.h>
#include <netinet/tcp.h>
#include <poll.h>
#include <pwd.h>
#include <setjmp.h>
#include <signal.h>
#include <stdbool.h>
#include <stdint.h>
#include <stdio.h>
#include <stdlib.h>
#include <string.h>
#include <strings.h>
#include <termio.h>
#include <termios.h>
#include <time.h>
#include <unistd.h>
#include <utime.h>
#include <stddef.h>
#include <dlfcn.h>
#include <malloc.h>
#include <memory.h>
#include <netinet/if_ether.h>
#include <stdint.h>
#include <sys/utsname.h>

int main(int argc, char** argv)
{
  (void)argv;
#ifndef _strtoi64
  return ((int*)(&_strtoi64))[argc];
#else
  (void)argc;
  return 0;
#endif
}
Determining if the setmode exist failed with the following output:
Change Dir: /home/munyaantony/enpm702_cpp_ws/enpm702_fall2024/cmake-3.22.1/CMakeFiles/CMakeTmp

Run Build Command(s):/usr/bin/gmake -f Makefile cmTC_884d5/fast && gmake  -f CMakeFiles/cmTC_884d5.dir/build.make CMakeFiles/cmTC_884d5.dir/build
gmake[1]: Entering directory '/home/munyaantony/enpm702_cpp_ws/enpm702_fall2024/cmake-3.22.1/CMakeFiles/CMakeTmp'
Building C object CMakeFiles/cmTC_884d5.dir/CheckSymbolExists.c.o
/usr/bin/gcc   -w  -std=gnu11 -o CMakeFiles/cmTC_884d5.dir/CheckSymbolExists.c.o -c /home/munyaantony/enpm702_cpp_ws/enpm702_fall2024/cmake-3.22.1/CMakeFiles/CMakeTmp/CheckSymbolExists.c
/home/munyaantony/enpm702_cpp_ws/enpm702_fall2024/cmake-3.22.1/CMakeFiles/CMakeTmp/CheckSymbolExists.c: In function ‘main’:
/home/munyaantony/enpm702_cpp_ws/enpm702_fall2024/cmake-3.22.1/CMakeFiles/CMakeTmp/CheckSymbolExists.c:56:19: error: ‘setmode’ undeclared (first use in this function)
   56 |   return ((int*)(&setmode))[argc];
      |                   ^~~~~~~
/home/munyaantony/enpm702_cpp_ws/enpm702_fall2024/cmake-3.22.1/CMakeFiles/CMakeTmp/CheckSymbolExists.c:56:19: note: each undeclared identifier is reported only once for each function it appears in
gmake[1]: *** [CMakeFiles/cmTC_884d5.dir/build.make:78: CMakeFiles/cmTC_884d5.dir/CheckSymbolExists.c.o] Error 1
gmake[1]: Leaving directory '/home/munyaantony/enpm702_cpp_ws/enpm702_fall2024/cmake-3.22.1/CMakeFiles/CMakeTmp'
gmake: *** [Makefile:127: cmTC_884d5/fast] Error 2


File /home/munyaantony/enpm702_cpp_ws/enpm702_fall2024/cmake-3.22.1/CMakeFiles/CMakeTmp/CheckSymbolExists.c:
/* */
#include <stdio.h>
#include <inttypes.h>
#include <sys/ioctl.h>
#include <sys/param.h>
#include <sys/poll.h>
#include <sys/resource.h>
#include <sys/select.h>
#include <sys/socket.h>
#include <sys/stat.h>
#include <sys/time.h>
#include <sys/types.h>
#include <sys/uio.h>
#include <sys/un.h>
#include <sys/xattr.h>
#include <alloca.h>
#include <arpa/inet.h>
#include <arpa/tftp.h>
#include <assert.h>
#include <errno.h>
#include <fcntl.h>
#include <ifaddrs.h>
#include <libgen.h>
#include <locale.h>
#include <net/if.h>
#include <netdb.h>
#include <netinet/in.h>
#include <netinet/tcp.h>
#include <poll.h>
#include <pwd.h>
#include <setjmp.h>
#include <signal.h>
#include <stdbool.h>
#include <stdint.h>
#include <stdio.h>
#include <stdlib.h>
#include <string.h>
#include <strings.h>
#include <termio.h>
#include <termios.h>
#include <time.h>
#include <unistd.h>
#include <utime.h>
#include <stddef.h>
#include <dlfcn.h>
#include <malloc.h>
#include <memory.h>
#include <netinet/if_ether.h>
#include <stdint.h>
#include <sys/utsname.h>

int main(int argc, char** argv)
{
  (void)argv;
#ifndef setmode
  return ((int*)(&setmode))[argc];
#else
  (void)argc;
  return 0;
#endif
}
Determining if the function mach_absolute_time exists failed with the following output:
Change Dir: /home/munyaantony/enpm702_cpp_ws/enpm702_fall2024/cmake-3.22.1/CMakeFiles/CMakeTmp

Run Build Command(s):/usr/bin/gmake -f Makefile cmTC_1f999/fast && gmake  -f CMakeFiles/cmTC_1f999.dir/build.make CMakeFiles/cmTC_1f999.dir/build
gmake[1]: Entering directory '/home/munyaantony/enpm702_cpp_ws/enpm702_fall2024/cmake-3.22.1/CMakeFiles/CMakeTmp'
Building C object CMakeFiles/cmTC_1f999.dir/CheckFunctionExists.c.o
/usr/bin/gcc   -w -DCHECK_FUNCTION_EXISTS=mach_absolute_time -std=gnu11 -o CMakeFiles/cmTC_1f999.dir/CheckFunctionExists.c.o -c /home/munyaantony/enpm702_cpp_ws/enpm702_fall2024/cmake-3.22.1/Modules/CheckFunctionExists.c
Linking C executable cmTC_1f999
/home/munyaantony/enpm702_cpp_ws/enpm702_fall2024/cmake-3.22.1/Bootstrap.cmk/cmake -E cmake_link_script CMakeFiles/cmTC_1f999.dir/link.txt --verbose=1
/usr/bin/gcc  -w -DCHECK_FUNCTION_EXISTS=mach_absolute_time CMakeFiles/cmTC_1f999.dir/CheckFunctionExists.c.o -o cmTC_1f999 
/usr/bin/ld: CMakeFiles/cmTC_1f999.dir/CheckFunctionExists.c.o: in function `main':
CheckFunctionExists.c:(.text+0x14): undefined reference to `mach_absolute_time'
collect2: error: ld returned 1 exit status
gmake[1]: *** [CMakeFiles/cmTC_1f999.dir/build.make:99: cmTC_1f999] Error 1
gmake[1]: Leaving directory '/home/munyaantony/enpm702_cpp_ws/enpm702_fall2024/cmake-3.22.1/CMakeFiles/CMakeTmp'
gmake: *** [Makefile:127: cmTC_1f999/fast] Error 2



Performing Curl Test HAVE_FSETXATTR_6 failed with the following output:
Change Dir: /home/munyaantony/enpm702_cpp_ws/enpm702_fall2024/cmake-3.22.1/CMakeFiles/CMakeTmp

Run Build Command(s):/usr/bin/gmake -f Makefile cmTC_df92d/fast && gmake  -f CMakeFiles/cmTC_df92d.dir/build.make CMakeFiles/cmTC_df92d.dir/build
gmake[1]: Entering directory '/home/munyaantony/enpm702_cpp_ws/enpm702_fall2024/cmake-3.22.1/CMakeFiles/CMakeTmp'
Building C object CMakeFiles/cmTC_df92d.dir/CurlTests.c.o
/usr/bin/gcc   -w -DHAVE_FSETXATTR_6  -DHAVE_STDIO_H -DHAVE_INTTYPES_H -DHAVE_SYS_IOCTL_H -DHAVE_SYS_PARAM_H -DHAVE_SYS_POLL_H -DHAVE_SYS_RESOURCE_H -DHAVE_SYS_SELECT_H -DHAVE_SYS_SOCKET_H -DHAVE_SYS_STAT_H -DHAVE_SYS_TIME_H -DHAVE_SYS_TYPES_H -DHAVE_SYS_UIO_H -DHAVE_SYS_UN_H -DHAVE_SYS_XATTR_H -DHAVE_ALLOCA_H -DHAVE_ARPA_INET_H -DHAVE_ARPA_TFTP_H -DHAVE_ASSERT_H -DHAVE_ERRNO_H -DHAVE_FCNTL_H -DHAVE_IFADDRS_H -DHAVE_LIBGEN_H -DHAVE_LOCALE_H -DHAVE_NET_IF_H -DHAVE_NETDB_H -DHAVE_NETINET_IN_H -DHAVE_NETINET_TCP_H -DHAVE_POLL_H -DHAVE_PWD_H -DHAVE_SETJMP_H -DHAVE_SIGNAL_H -DHAVE_STDBOOL_H -DHAVE_STDINT_H -DHAVE_STDIO_H -DHAVE_STDLIB_H -DHAVE_STRING_H -DHAVE_STRINGS_H -DHAVE_TERMIO_H -DHAVE_TERMIOS_H -DHAVE_TIME_H -DHAVE_UNISTD_H -DHAVE_UTIME_H -DHAVE_STDDEF_H -DHAVE_DLFCN_H -DHAVE_MALLOC_H -DHAVE_MEMORY_H -DHAVE_NETINET_IF_ETHER_H -DHAVE_STDINT_H -DHAVE_SYS_UTSNAME_H -std=gnu11 -o CMakeFiles/cmTC_df92d.dir/CurlTests.c.o -c /home/munyaantony/enpm702_cpp_ws/enpm702_fall2024/cmake-3.22.1/Utilities/cmcurl/CMake/CurlTests.c
/home/munyaantony/enpm702_cpp_ws/enpm702_fall2024/cmake-3.22.1/Utilities/cmcurl/CMake/CurlTests.c: In function ‘main’:
/home/munyaantony/enpm702_cpp_ws/enpm702_fall2024/cmake-3.22.1/Utilities/cmcurl/CMake/CurlTests.c:463:3: error: too many arguments to function ‘fsetxattr’
  463 |   fsetxattr(0, 0, 0, 0, 0, 0);
      |   ^~~~~~~~~
In file included from /home/munyaantony/enpm702_cpp_ws/enpm702_fall2024/cmake-3.22.1/Utilities/cmcurl/CMake/CurlTests.c:460:
/usr/include/x86_64-linux-gnu/sys/xattr.h:54:12: note: declared here
   54 | extern int fsetxattr (int __fd, const char *__name, const void *__value,
      |            ^~~~~~~~~
gmake[1]: *** [CMakeFiles/cmTC_df92d.dir/build.make:78: CMakeFiles/cmTC_df92d.dir/CurlTests.c.o] Error 1
gmake[1]: Leaving directory '/home/munyaantony/enpm702_cpp_ws/enpm702_fall2024/cmake-3.22.1/CMakeFiles/CMakeTmp'
gmake: *** [Makefile:127: cmTC_df92d/fast] Error 2


Determining size of ADDRESS_FAMILY failed with the following output:
Change Dir: /home/munyaantony/enpm702_cpp_ws/enpm702_fall2024/cmake-3.22.1/CMakeFiles/CMakeTmp

Run Build Command(s):/usr/bin/gmake -f Makefile cmTC_c461c/fast && gmake  -f CMakeFiles/cmTC_c461c.dir/build.make CMakeFiles/cmTC_c461c.dir/build
gmake[1]: Entering directory '/home/munyaantony/enpm702_cpp_ws/enpm702_fall2024/cmake-3.22.1/CMakeFiles/CMakeTmp'
Building C object CMakeFiles/cmTC_c461c.dir/SIZEOF_ADDRESS_FAMILY.c.o
/usr/bin/gcc   -w  -std=gnu11 -o CMakeFiles/cmTC_c461c.dir/SIZEOF_ADDRESS_FAMILY.c.o -c /home/munyaantony/enpm702_cpp_ws/enpm702_fall2024/cmake-3.22.1/CMakeFiles/CheckTypeSize/SIZEOF_ADDRESS_FAMILY.c
/home/munyaantony/enpm702_cpp_ws/enpm702_fall2024/cmake-3.22.1/CMakeFiles/CheckTypeSize/SIZEOF_ADDRESS_FAMILY.c:4:10: fatal error: ws2def.h: No such file or directory
    4 | #include "ws2def.h"
      |          ^~~~~~~~~~
compilation terminated.
gmake[1]: *** [CMakeFiles/cmTC_c461c.dir/build.make:78: CMakeFiles/cmTC_c461c.dir/SIZEOF_ADDRESS_FAMILY.c.o] Error 1
gmake[1]: Leaving directory '/home/munyaantony/enpm702_cpp_ws/enpm702_fall2024/cmake-3.22.1/CMakeFiles/CMakeTmp'
gmake: *** [Makefile:127: cmTC_c461c/fast] Error 2


/home/munyaantony/enpm702_cpp_ws/enpm702_fall2024/cmake-3.22.1/CMakeFiles/CheckTypeSize/SIZEOF_ADDRESS_FAMILY.c:
#include <sys/types.h>
#include <stdint.h>
#include <stddef.h>
#include "ws2def.h"


#undef KEY
#if defined(__i386)
# define KEY '_','_','i','3','8','6'
#elif defined(__x86_64)
# define KEY '_','_','x','8','6','_','6','4'
#elif defined(__PPC64__)
# define KEY '_','_','P','P','C','6','4','_','_'
#elif defined(__ppc64__)
# define KEY '_','_','p','p','c','6','4','_','_'
#elif defined(__PPC__)
# define KEY '_','_','P','P','C','_','_'
#elif defined(__ppc__)
# define KEY '_','_','p','p','c','_','_'
#elif defined(__aarch64__)
# define KEY '_','_','a','a','r','c','h','6','4','_','_'
#elif defined(__ARM_ARCH_7A__)
# define KEY '_','_','A','R','M','_','A','R','C','H','_','7','A','_','_'
#elif defined(__ARM_ARCH_7S__)
# define KEY '_','_','A','R','M','_','A','R','C','H','_','7','S','_','_'
#endif

#define SIZE (sizeof(ADDRESS_FAMILY))
static char info_size[] =  {'I', 'N', 'F', 'O', ':', 's','i','z','e','[',
  ('0' + ((SIZE / 10000)%10)),
  ('0' + ((SIZE / 1000)%10)),
  ('0' + ((SIZE / 100)%10)),
  ('0' + ((SIZE / 10)%10)),
  ('0' +  (SIZE    % 10)),
  ']',
#ifdef KEY
  ' ','k','e','y','[', KEY, ']',
#endif
  '\0'};

#ifdef __CLASSIC_C__
int main(argc, argv) int argc; char *argv[];
#else
int main(int argc, char *argv[])
#endif
{
  int require = 0;
  require += info_size[argc];
  (void)argv;
  return require;
}


Performing Curl Test HAVE_IOCTLSOCKET failed with the following output:
Change Dir: /home/munyaantony/enpm702_cpp_ws/enpm702_fall2024/cmake-3.22.1/CMakeFiles/CMakeTmp

Run Build Command(s):/usr/bin/gmake -f Makefile cmTC_bf65d/fast && gmake  -f CMakeFiles/cmTC_bf65d.dir/build.make CMakeFiles/cmTC_bf65d.dir/build
gmake[1]: Entering directory '/home/munyaantony/enpm702_cpp_ws/enpm702_fall2024/cmake-3.22.1/CMakeFiles/CMakeTmp'
Building C object CMakeFiles/cmTC_bf65d.dir/CurlTests.c.o
/usr/bin/gcc   -w -DHAVE_IOCTLSOCKET  -DHAVE_STDIO_H -DHAVE_INTTYPES_H -DHAVE_SYS_IOCTL_H -DHAVE_SYS_PARAM_H -DHAVE_SYS_POLL_H -DHAVE_SYS_RESOURCE_H -DHAVE_SYS_SELECT_H -DHAVE_SYS_SOCKET_H -DHAVE_SYS_STAT_H -DHAVE_SYS_TIME_H -DHAVE_SYS_TYPES_H -DHAVE_SYS_UIO_H -DHAVE_SYS_UN_H -DHAVE_SYS_XATTR_H -DHAVE_ALLOCA_H -DHAVE_ARPA_INET_H -DHAVE_ARPA_TFTP_H -DHAVE_ASSERT_H -DHAVE_ERRNO_H -DHAVE_FCNTL_H -DHAVE_IFADDRS_H -DHAVE_LIBGEN_H -DHAVE_LOCALE_H -DHAVE_NET_IF_H -DHAVE_NETDB_H -DHAVE_NETINET_IN_H -DHAVE_NETINET_TCP_H -DHAVE_POLL_H -DHAVE_PWD_H -DHAVE_SETJMP_H -DHAVE_SIGNAL_H -DHAVE_STDBOOL_H -DHAVE_STDINT_H -DHAVE_STDIO_H -DHAVE_STDLIB_H -DHAVE_STRING_H -DHAVE_STRINGS_H -DHAVE_TERMIO_H -DHAVE_TERMIOS_H -DHAVE_TIME_H -DHAVE_UNISTD_H -DHAVE_UTIME_H -DHAVE_STDDEF_H -DHAVE_DLFCN_H -DHAVE_MALLOC_H -DHAVE_MEMORY_H -DHAVE_NETINET_IF_ETHER_H -DHAVE_STDINT_H -DHAVE_SYS_UTSNAME_H -std=gnu11 -o CMakeFiles/cmTC_bf65d.dir/CurlTests.c.o -c /home/munyaantony/enpm702_cpp_ws/enpm702_fall2024/cmake-3.22.1/Utilities/cmcurl/CMake/CurlTests.c
/home/munyaantony/enpm702_cpp_ws/enpm702_fall2024/cmake-3.22.1/Utilities/cmcurl/CMake/CurlTests.c: In function ‘main’:
/home/munyaantony/enpm702_cpp_ws/enpm702_fall2024/cmake-3.22.1/Utilities/cmcurl/CMake/CurlTests.c:245:44: error: ‘FIONBIO’ undeclared (first use in this function)
  245 |  unsigned long flags = ioctlsocket(socket, FIONBIO, &flags);
      |                                            ^~~~~~~
/home/munyaantony/enpm702_cpp_ws/enpm702_fall2024/cmake-3.22.1/Utilities/cmcurl/CMake/CurlTests.c:245:44: note: each undeclared identifier is reported only once for each function it appears in
gmake[1]: *** [CMakeFiles/cmTC_bf65d.dir/build.make:78: CMakeFiles/cmTC_bf65d.dir/CurlTests.c.o] Error 1
gmake[1]: Leaving directory '/home/munyaantony/enpm702_cpp_ws/enpm702_fall2024/cmake-3.22.1/CMakeFiles/CMakeTmp'
gmake: *** [Makefile:127: cmTC_bf65d/fast] Error 2


Performing Curl Test HAVE_IOCTLSOCKET_CAMEL failed with the following output:
Change Dir: /home/munyaantony/enpm702_cpp_ws/enpm702_fall2024/cmake-3.22.1/CMakeFiles/CMakeTmp

Run Build Command(s):/usr/bin/gmake -f Makefile cmTC_08c46/fast && gmake  -f CMakeFiles/cmTC_08c46.dir/build.make CMakeFiles/cmTC_08c46.dir/build
gmake[1]: Entering directory '/home/munyaantony/enpm702_cpp_ws/enpm702_fall2024/cmake-3.22.1/CMakeFiles/CMakeTmp'
Building C object CMakeFiles/cmTC_08c46.dir/CurlTests.c.o
/usr/bin/gcc   -w -DHAVE_IOCTLSOCKET_CAMEL  -DHAVE_STDIO_H -DHAVE_INTTYPES_H -DHAVE_SYS_IOCTL_H -DHAVE_SYS_PARAM_H -DHAVE_SYS_POLL_H -DHAVE_SYS_RESOURCE_H -DHAVE_SYS_SELECT_H -DHAVE_SYS_SOCKET_H -DHAVE_SYS_STAT_H -DHAVE_SYS_TIME_H -DHAVE_SYS_TYPES_H -DHAVE_SYS_UIO_H -DHAVE_SYS_UN_H -DHAVE_SYS_XATTR_H -DHAVE_ALLOCA_H -DHAVE_ARPA_INET_H -DHAVE_ARPA_TFTP_H -DHAVE_ASSERT_H -DHAVE_ERRNO_H -DHAVE_FCNTL_H -DHAVE_IFADDRS_H -DHAVE_LIBGEN_H -DHAVE_LOCALE_H -DHAVE_NET_IF_H -DHAVE_NETDB_H -DHAVE_NETINET_IN_H -DHAVE_NETINET_TCP_H -DHAVE_POLL_H -DHAVE_PWD_H -DHAVE_SETJMP_H -DHAVE_SIGNAL_H -DHAVE_STDBOOL_H -DHAVE_STDINT_H -DHAVE_STDIO_H -DHAVE_STDLIB_H -DHAVE_STRING_H -DHAVE_STRINGS_H -DHAVE_TERMIO_H -DHAVE_TERMIOS_H -DHAVE_TIME_H -DHAVE_UNISTD_H -DHAVE_UTIME_H -DHAVE_STDDEF_H -DHAVE_DLFCN_H -DHAVE_MALLOC_H -DHAVE_MEMORY_H -DHAVE_NETINET_IF_ETHER_H -DHAVE_STDINT_H -DHAVE_SYS_UTSNAME_H -std=gnu11 -o CMakeFiles/cmTC_08c46.dir/CurlTests.c.o -c /home/munyaantony/enpm702_cpp_ws/enpm702_fall2024/cmake-3.22.1/Utilities/cmcurl/CMake/CurlTests.c
Linking C executable cmTC_08c46
/home/munyaantony/enpm702_cpp_ws/enpm702_fall2024/cmake-3.22.1/Bootstrap.cmk/cmake -E cmake_link_script CMakeFiles/cmTC_08c46.dir/link.txt --verbose=1
/usr/bin/gcc  -w -DHAVE_IOCTLSOCKET_CAMEL  -DHAVE_STDIO_H -DHAVE_INTTYPES_H -DHAVE_SYS_IOCTL_H -DHAVE_SYS_PARAM_H -DHAVE_SYS_POLL_H -DHAVE_SYS_RESOURCE_H -DHAVE_SYS_SELECT_H -DHAVE_SYS_SOCKET_H -DHAVE_SYS_STAT_H -DHAVE_SYS_TIME_H -DHAVE_SYS_TYPES_H -DHAVE_SYS_UIO_H -DHAVE_SYS_UN_H -DHAVE_SYS_XATTR_H -DHAVE_ALLOCA_H -DHAVE_ARPA_INET_H -DHAVE_ARPA_TFTP_H -DHAVE_ASSERT_H -DHAVE_ERRNO_H -DHAVE_FCNTL_H -DHAVE_IFADDRS_H -DHAVE_LIBGEN_H -DHAVE_LOCALE_H -DHAVE_NET_IF_H -DHAVE_NETDB_H -DHAVE_NETINET_IN_H -DHAVE_NETINET_TCP_H -DHAVE_POLL_H -DHAVE_PWD_H -DHAVE_SETJMP_H -DHAVE_SIGNAL_H -DHAVE_STDBOOL_H -DHAVE_STDINT_H -DHAVE_STDIO_H -DHAVE_STDLIB_H -DHAVE_STRING_H -DHAVE_STRINGS_H -DHAVE_TERMIO_H -DHAVE_TERMIOS_H -DHAVE_TIME_H -DHAVE_UNISTD_H -DHAVE_UTIME_H -DHAVE_STDDEF_H -DHAVE_DLFCN_H -DHAVE_MALLOC_H -DHAVE_MEMORY_H -DHAVE_NETINET_IF_ETHER_H -DHAVE_STDINT_H -DHAVE_SYS_UTSNAME_H CMakeFiles/cmTC_08c46.dir/CurlTests.c.o -o cmTC_08c46 
/usr/bin/ld: CMakeFiles/cmTC_08c46.dir/CurlTests.c.o: in function `main':
CurlTests.c:(.text+0x1d): undefined reference to `IoctlSocket'
collect2: error: ld returned 1 exit status
gmake[1]: *** [CMakeFiles/cmTC_08c46.dir/build.make:99: cmTC_08c46] Error 1
gmake[1]: Leaving directory '/home/munyaantony/enpm702_cpp_ws/enpm702_fall2024/cmake-3.22.1/CMakeFiles/CMakeTmp'
gmake: *** [Makefile:127: cmTC_08c46/fast] Error 2


Performing Curl Test HAVE_IOCTLSOCKET_CAMEL_FIONBIO failed with the following output:
Change Dir: /home/munyaantony/enpm702_cpp_ws/enpm702_fall2024/cmake-3.22.1/CMakeFiles/CMakeTmp

Run Build Command(s):/usr/bin/gmake -f Makefile cmTC_eadf2/fast && gmake  -f CMakeFiles/cmTC_eadf2.dir/build.make CMakeFiles/cmTC_eadf2.dir/build
gmake[1]: Entering directory '/home/munyaantony/enpm702_cpp_ws/enpm702_fall2024/cmake-3.22.1/CMakeFiles/CMakeTmp'
Building C object CMakeFiles/cmTC_eadf2.dir/CurlTests.c.o
/usr/bin/gcc   -w -DHAVE_IOCTLSOCKET_CAMEL_FIONBIO  -DHAVE_STDIO_H -DHAVE_INTTYPES_H -DHAVE_SYS_IOCTL_H -DHAVE_SYS_PARAM_H -DHAVE_SYS_POLL_H -DHAVE_SYS_RESOURCE_H -DHAVE_SYS_SELECT_H -DHAVE_SYS_SOCKET_H -DHAVE_SYS_STAT_H -DHAVE_SYS_TIME_H -DHAVE_SYS_TYPES_H -DHAVE_SYS_UIO_H -DHAVE_SYS_UN_H -DHAVE_SYS_XATTR_H -DHAVE_ALLOCA_H -DHAVE_ARPA_INET_H -DHAVE_ARPA_TFTP_H -DHAVE_ASSERT_H -DHAVE_ERRNO_H -DHAVE_FCNTL_H -DHAVE_IFADDRS_H -DHAVE_LIBGEN_H -DHAVE_LOCALE_H -DHAVE_NET_IF_H -DHAVE_NETDB_H -DHAVE_NETINET_IN_H -DHAVE_NETINET_TCP_H -DHAVE_POLL_H -DHAVE_PWD_H -DHAVE_SETJMP_H -DHAVE_SIGNAL_H -DHAVE_STDBOOL_H -DHAVE_STDINT_H -DHAVE_STDIO_H -DHAVE_STDLIB_H -DHAVE_STRING_H -DHAVE_STRINGS_H -DHAVE_TERMIO_H -DHAVE_TERMIOS_H -DHAVE_TIME_H -DHAVE_UNISTD_H -DHAVE_UTIME_H -DHAVE_STDDEF_H -DHAVE_DLFCN_H -DHAVE_MALLOC_H -DHAVE_MEMORY_H -DHAVE_NETINET_IF_ETHER_H -DHAVE_STDINT_H -DHAVE_SYS_UTSNAME_H -std=gnu11 -o CMakeFiles/cmTC_eadf2.dir/CurlTests.c.o -c /home/munyaantony/enpm702_cpp_ws/enpm702_fall2024/cmake-3.22.1/Utilities/cmcurl/CMake/CurlTests.c
/home/munyaantony/enpm702_cpp_ws/enpm702_fall2024/cmake-3.22.1/Utilities/cmcurl/CMake/CurlTests.c: In function ‘main’:
/home/munyaantony/enpm702_cpp_ws/enpm702_fall2024/cmake-3.22.1/Utilities/cmcurl/CMake/CurlTests.c:301:32: error: ‘FIONBIO’ undeclared (first use in this function)
  301 |         if(0 != IoctlSocket(0, FIONBIO, &flags))
      |                                ^~~~~~~
/home/munyaantony/enpm702_cpp_ws/enpm702_fall2024/cmake-3.22.1/Utilities/cmcurl/CMake/CurlTests.c:301:32: note: each undeclared identifier is reported only once for each function it appears in
gmake[1]: *** [CMakeFiles/cmTC_eadf2.dir/build.make:78: CMakeFiles/cmTC_eadf2.dir/CurlTests.c.o] Error 1
gmake[1]: Leaving directory '/home/munyaantony/enpm702_cpp_ws/enpm702_fall2024/cmake-3.22.1/CMakeFiles/CMakeTmp'
gmake: *** [Makefile:127: cmTC_eadf2/fast] Error 2


Performing Curl Test HAVE_IOCTLSOCKET_FIONBIO failed with the following output:
Change Dir: /home/munyaantony/enpm702_cpp_ws/enpm702_fall2024/cmake-3.22.1/CMakeFiles/CMakeTmp

Run Build Command(s):/usr/bin/gmake -f Makefile cmTC_42425/fast && gmake  -f CMakeFiles/cmTC_42425.dir/build.make CMakeFiles/cmTC_42425.dir/build
gmake[1]: Entering directory '/home/munyaantony/enpm702_cpp_ws/enpm702_fall2024/cmake-3.22.1/CMakeFiles/CMakeTmp'
Building C object CMakeFiles/cmTC_42425.dir/CurlTests.c.o
/usr/bin/gcc   -w -DHAVE_IOCTLSOCKET_FIONBIO  -DHAVE_STDIO_H -DHAVE_INTTYPES_H -DHAVE_SYS_IOCTL_H -DHAVE_SYS_PARAM_H -DHAVE_SYS_POLL_H -DHAVE_SYS_RESOURCE_H -DHAVE_SYS_SELECT_H -DHAVE_SYS_SOCKET_H -DHAVE_SYS_STAT_H -DHAVE_SYS_TIME_H -DHAVE_SYS_TYPES_H -DHAVE_SYS_UIO_H -DHAVE_SYS_UN_H -DHAVE_SYS_XATTR_H -DHAVE_ALLOCA_H -DHAVE_ARPA_INET_H -DHAVE_ARPA_TFTP_H -DHAVE_ASSERT_H -DHAVE_ERRNO_H -DHAVE_FCNTL_H -DHAVE_IFADDRS_H -DHAVE_LIBGEN_H -DHAVE_LOCALE_H -DHAVE_NET_IF_H -DHAVE_NETDB_H -DHAVE_NETINET_IN_H -DHAVE_NETINET_TCP_H -DHAVE_POLL_H -DHAVE_PWD_H -DHAVE_SETJMP_H -DHAVE_SIGNAL_H -DHAVE_STDBOOL_H -DHAVE_STDINT_H -DHAVE_STDIO_H -DHAVE_STDLIB_H -DHAVE_STRING_H -DHAVE_STRINGS_H -DHAVE_TERMIO_H -DHAVE_TERMIOS_H -DHAVE_TIME_H -DHAVE_UNISTD_H -DHAVE_UTIME_H -DHAVE_STDDEF_H -DHAVE_DLFCN_H -DHAVE_MALLOC_H -DHAVE_MEMORY_H -DHAVE_NETINET_IF_ETHER_H -DHAVE_STDINT_H -DHAVE_SYS_UTSNAME_H -std=gnu11 -o CMakeFiles/cmTC_42425.dir/CurlTests.c.o -c /home/munyaantony/enpm702_cpp_ws/enpm702_fall2024/cmake-3.22.1/Utilities/cmcurl/CMake/CurlTests.c
/home/munyaantony/enpm702_cpp_ws/enpm702_fall2024/cmake-3.22.1/Utilities/cmcurl/CMake/CurlTests.c: In function ‘main’:
/home/munyaantony/enpm702_cpp_ws/enpm702_fall2024/cmake-3.22.1/Utilities/cmcurl/CMake/CurlTests.c:328:32: error: ‘FIONBIO’ undeclared (first use in this function)
  328 |         if(0 != ioctlsocket(0, FIONBIO, &flags))
      |                                ^~~~~~~
/home/munyaantony/enpm702_cpp_ws/enpm702_fall2024/cmake-3.22.1/Utilities/cmcurl/CMake/CurlTests.c:328:32: note: each undeclared identifier is reported only once for each function it appears in
gmake[1]: *** [CMakeFiles/cmTC_42425.dir/build.make:78: CMakeFiles/cmTC_42425.dir/CurlTests.c.o] Error 1
gmake[1]: Leaving directory '/home/munyaantony/enpm702_cpp_ws/enpm702_fall2024/cmake-3.22.1/CMakeFiles/CMakeTmp'
gmake: *** [Makefile:127: cmTC_42425/fast] Error 2


Performing Curl Test HAVE_SETSOCKOPT_SO_NONBLOCK failed with the following output:
Change Dir: /home/munyaantony/enpm702_cpp_ws/enpm702_fall2024/cmake-3.22.1/CMakeFiles/CMakeTmp

Run Build Command(s):/usr/bin/gmake -f Makefile cmTC_cfa41/fast && gmake  -f CMakeFiles/cmTC_cfa41.dir/build.make CMakeFiles/cmTC_cfa41.dir/build
gmake[1]: Entering directory '/home/munyaantony/enpm702_cpp_ws/enpm702_fall2024/cmake-3.22.1/CMakeFiles/CMakeTmp'
Building C object CMakeFiles/cmTC_cfa41.dir/CurlTests.c.o
/usr/bin/gcc   -w -DHAVE_SETSOCKOPT_SO_NONBLOCK  -DHAVE_STDIO_H -DHAVE_INTTYPES_H -DHAVE_SYS_IOCTL_H -DHAVE_SYS_PARAM_H -DHAVE_SYS_POLL_H -DHAVE_SYS_RESOURCE_H -DHAVE_SYS_SELECT_H -DHAVE_SYS_SOCKET_H -DHAVE_SYS_STAT_H -DHAVE_SYS_TIME_H -DHAVE_SYS_TYPES_H -DHAVE_SYS_UIO_H -DHAVE_SYS_UN_H -DHAVE_SYS_XATTR_H -DHAVE_ALLOCA_H -DHAVE_ARPA_INET_H -DHAVE_ARPA_TFTP_H -DHAVE_ASSERT_H -DHAVE_ERRNO_H -DHAVE_FCNTL_H -DHAVE_IFADDRS_H -DHAVE_LIBGEN_H -DHAVE_LOCALE_H -DHAVE_NET_IF_H -DHAVE_NETDB_H -DHAVE_NETINET_IN_H -DHAVE_NETINET_TCP_H -DHAVE_POLL_H -DHAVE_PWD_H -DHAVE_SETJMP_H -DHAVE_SIGNAL_H -DHAVE_STDBOOL_H -DHAVE_STDINT_H -DHAVE_STDIO_H -DHAVE_STDLIB_H -DHAVE_STRING_H -DHAVE_STRINGS_H -DHAVE_TERMIO_H -DHAVE_TERMIOS_H -DHAVE_TIME_H -DHAVE_UNISTD_H -DHAVE_UTIME_H -DHAVE_STDDEF_H -DHAVE_DLFCN_H -DHAVE_MALLOC_H -DHAVE_MEMORY_H -DHAVE_NETINET_IF_ETHER_H -DHAVE_STDINT_H -DHAVE_SYS_UTSNAME_H -std=gnu11 -o CMakeFiles/cmTC_cfa41.dir/CurlTests.c.o -c /home/munyaantony/enpm702_cpp_ws/enpm702_fall2024/cmake-3.22.1/Utilities/cmcurl/CMake/CurlTests.c
/home/munyaantony/enpm702_cpp_ws/enpm702_fall2024/cmake-3.22.1/Utilities/cmcurl/CMake/CurlTests.c: In function ‘main’:
/home/munyaantony/enpm702_cpp_ws/enpm702_fall2024/cmake-3.22.1/Utilities/cmcurl/CMake/CurlTests.c:424:43: error: ‘SO_NONBLOCK’ undeclared (first use in this function); did you mean ‘SOCK_NONBLOCK’?
  424 |         if(0 != setsockopt(0, SOL_SOCKET, SO_NONBLOCK, 0, 0))
      |                                           ^~~~~~~~~~~
      |                                           SOCK_NONBLOCK
/home/munyaantony/enpm702_cpp_ws/enpm702_fall2024/cmake-3.22.1/Utilities/cmcurl/CMake/CurlTests.c:424:43: note: each undeclared identifier is reported only once for each function it appears in
gmake[1]: *** [CMakeFiles/cmTC_cfa41.dir/build.make:78: CMakeFiles/cmTC_cfa41.dir/CurlTests.c.o] Error 1
gmake[1]: Leaving directory '/home/munyaantony/enpm702_cpp_ws/enpm702_fall2024/cmake-3.22.1/CMakeFiles/CMakeTmp'
gmake: *** [Makefile:127: cmTC_cfa41/fast] Error 2


Performing Curl Test HAVE_O_NONBLOCK failed with the following output:
Change Dir: /home/munyaantony/enpm702_cpp_ws/enpm702_fall2024/cmake-3.22.1/CMakeFiles/CMakeTmp

Run Build Command(s):/usr/bin/gmake -f Makefile cmTC_629c6/fast && gmake  -f CMakeFiles/cmTC_629c6.dir/build.make CMakeFiles/cmTC_629c6.dir/build
gmake[1]: Entering directory '/home/munyaantony/enpm702_cpp_ws/enpm702_fall2024/cmake-3.22.1/CMakeFiles/CMakeTmp'
Building C object CMakeFiles/cmTC_629c6.dir/CurlTests.c.o
/usr/bin/gcc   -w -DHAVE_O_NONBLOCK  -DHAVE_STDIO_H -DHAVE_INTTYPES_H -DHAVE_SYS_IOCTL_H -DHAVE_SYS_PARAM_H -DHAVE_SYS_POLL_H -DHAVE_SYS_RESOURCE_H -DHAVE_SYS_SELECT_H -DHAVE_SYS_SOCKET_H -DHAVE_SYS_STAT_H -DHAVE_SYS_TIME_H -DHAVE_SYS_TYPES_H -DHAVE_SYS_UIO_H -DHAVE_SYS_UN_H -DHAVE_SYS_XATTR_H -DHAVE_ALLOCA_H -DHAVE_ARPA_INET_H -DHAVE_ARPA_TFTP_H -DHAVE_ASSERT_H -DHAVE_ERRNO_H -DHAVE_FCNTL_H -DHAVE_IFADDRS_H -DHAVE_LIBGEN_H -DHAVE_LOCALE_H -DHAVE_NET_IF_H -DHAVE_NETDB_H -DHAVE_NETINET_IN_H -DHAVE_NETINET_TCP_H -DHAVE_POLL_H -DHAVE_PWD_H -DHAVE_SETJMP_H -DHAVE_SIGNAL_H -DHAVE_STDBOOL_H -DHAVE_STDINT_H -DHAVE_STDIO_H -DHAVE_STDLIB_H -DHAVE_STRING_H -DHAVE_STRINGS_H -DHAVE_TERMIO_H -DHAVE_TERMIOS_H -DHAVE_TIME_H -DHAVE_UNISTD_H -DHAVE_UTIME_H -DHAVE_STDDEF_H -DHAVE_DLFCN_H -DHAVE_MALLOC_H -DHAVE_MEMORY_H -DHAVE_NETINET_IF_ETHER_H -DHAVE_STDINT_H -DHAVE_SYS_UTSNAME_H -std=gnu11 -o CMakeFiles/cmTC_629c6.dir/CurlTests.c.o -c /home/munyaantony/enpm702_cpp_ws/enpm702_fall2024/cmake-3.22.1/Utilities/cmcurl/CMake/CurlTests.c
Linking C executable cmTC_629c6
/home/munyaantony/enpm702_cpp_ws/enpm702_fall2024/cmake-3.22.1/Bootstrap.cmk/cmake -E cmake_link_script CMakeFiles/cmTC_629c6.dir/link.txt --verbose=1
/usr/bin/gcc  -w -DHAVE_O_NONBLOCK  -DHAVE_STDIO_H -DHAVE_INTTYPES_H -DHAVE_SYS_IOCTL_H -DHAVE_SYS_PARAM_H -DHAVE_SYS_POLL_H -DHAVE_SYS_RESOURCE_H -DHAVE_SYS_SELECT_H -DHAVE_SYS_SOCKET_H -DHAVE_SYS_STAT_H -DHAVE_SYS_TIME_H -DHAVE_SYS_TYPES_H -DHAVE_SYS_UIO_H -DHAVE_SYS_UN_H -DHAVE_SYS_XATTR_H -DHAVE_ALLOCA_H -DHAVE_ARPA_INET_H -DHAVE_ARPA_TFTP_H -DHAVE_ASSERT_H -DHAVE_ERRNO_H -DHAVE_FCNTL_H -DHAVE_IFADDRS_H -DHAVE_LIBGEN_H -DHAVE_LOCALE_H -DHAVE_NET_IF_H -DHAVE_NETDB_H -DHAVE_NETINET_IN_H -DHAVE_NETINET_TCP_H -DHAVE_POLL_H -DHAVE_PWD_H -DHAVE_SETJMP_H -DHAVE_SIGNAL_H -DHAVE_STDBOOL_H -DHAVE_STDINT_H -DHAVE_STDIO_H -DHAVE_STDLIB_H -DHAVE_STRING_H -DHAVE_STRINGS_H -DHAVE_TERMIO_H -DHAVE_TERMIOS_H -DHAVE_TIME_H -DHAVE_UNISTD_H -DHAVE_UTIME_H -DHAVE_STDDEF_H -DHAVE_DLFCN_H -DHAVE_MALLOC_H -DHAVE_MEMORY_H -DHAVE_NETINET_IF_ETHER_H -DHAVE_STDINT_H -DHAVE_SYS_UTSNAME_H CMakeFiles/cmTC_629c6.dir/CurlTests.c.o -o cmTC_629c6 
/usr/bin/ld: /usr/lib/gcc/x86_64-linux-gnu/11/../../../x86_64-linux-gnu/Scrt1.o: in function `_start':
(.text+0x1b): undefined reference to `main'
collect2: error: ld returned 1 exit status
gmake[1]: *** [CMakeFiles/cmTC_629c6.dir/build.make:99: cmTC_629c6] Error 1
gmake[1]: Leaving directory '/home/munyaantony/enpm702_cpp_ws/enpm702_fall2024/cmake-3.22.1/CMakeFiles/CMakeTmp'
gmake: *** [Makefile:127: cmTC_629c6/fast] Error 2


Performing Curl Test HAVE_GETHOSTBYNAME_R_3 failed with the following output:
Change Dir: /home/munyaantony/enpm702_cpp_ws/enpm702_fall2024/cmake-3.22.1/CMakeFiles/CMakeTmp

Run Build Command(s):/usr/bin/gmake -f Makefile cmTC_a4898/fast && gmake  -f CMakeFiles/cmTC_a4898.dir/build.make CMakeFiles/cmTC_a4898.dir/build
gmake[1]: Entering directory '/home/munyaantony/enpm702_cpp_ws/enpm702_fall2024/cmake-3.22.1/CMakeFiles/CMakeTmp'
Building C object CMakeFiles/cmTC_a4898.dir/CurlTests.c.o
/usr/bin/gcc   -w -DHAVE_GETHOSTBYNAME_R_3  -DHAVE_STDIO_H -DHAVE_INTTYPES_H -DHAVE_SYS_IOCTL_H -DHAVE_SYS_PARAM_H -DHAVE_SYS_POLL_H -DHAVE_SYS_RESOURCE_H -DHAVE_SYS_SELECT_H -DHAVE_SYS_SOCKET_H -DHAVE_SYS_STAT_H -DHAVE_SYS_TIME_H -DHAVE_SYS_TYPES_H -DHAVE_SYS_UIO_H -DHAVE_SYS_UN_H -DHAVE_SYS_XATTR_H -DHAVE_ALLOCA_H -DHAVE_ARPA_INET_H -DHAVE_ARPA_TFTP_H -DHAVE_ASSERT_H -DHAVE_ERRNO_H -DHAVE_FCNTL_H -DHAVE_IFADDRS_H -DHAVE_LIBGEN_H -DHAVE_LOCALE_H -DHAVE_NET_IF_H -DHAVE_NETDB_H -DHAVE_NETINET_IN_H -DHAVE_NETINET_TCP_H -DHAVE_POLL_H -DHAVE_PWD_H -DHAVE_SETJMP_H -DHAVE_SIGNAL_H -DHAVE_STDBOOL_H -DHAVE_STDINT_H -DHAVE_STDIO_H -DHAVE_STDLIB_H -DHAVE_STRING_H -DHAVE_STRINGS_H -DHAVE_TERMIO_H -DHAVE_TERMIOS_H -DHAVE_TIME_H -DHAVE_UNISTD_H -DHAVE_UTIME_H -DHAVE_STDDEF_H -DHAVE_DLFCN_H -DHAVE_MALLOC_H -DHAVE_MEMORY_H -DHAVE_NETINET_IF_ETHER_H -DHAVE_STDINT_H -DHAVE_SYS_UTSNAME_H -std=gnu11 -o CMakeFiles/cmTC_a4898.dir/CurlTests.c.o -c /home/munyaantony/enpm702_cpp_ws/enpm702_fall2024/cmake-3.22.1/Utilities/cmcurl/CMake/CurlTests.c
/home/munyaantony/enpm702_cpp_ws/enpm702_fall2024/cmake-3.22.1/Utilities/cmcurl/CMake/CurlTests.c: In function ‘main’:
/home/munyaantony/enpm702_cpp_ws/enpm702_fall2024/cmake-3.22.1/Utilities/cmcurl/CMake/CurlTests.c:97:23: error: storage size of ‘hdata’ isn’t known
   97 |   struct hostent_data hdata;
      |                       ^~~~~
/home/munyaantony/enpm702_cpp_ws/enpm702_fall2024/cmake-3.22.1/Utilities/cmcurl/CMake/CurlTests.c:109:8: error: too few arguments to function ‘gethostbyname_r’
  109 |   rc = gethostbyname_r(address, &h, &hdata);
      |        ^~~~~~~~~~~~~~~
In file included from /home/munyaantony/enpm702_cpp_ws/enpm702_fall2024/cmake-3.22.1/Utilities/cmcurl/CMake/CurlTests.c:87:
/usr/include/netdb.h:177:12: note: declared here
  177 | extern int gethostbyname_r (const char *__restrict __name,
      |            ^~~~~~~~~~~~~~~
gmake[1]: *** [CMakeFiles/cmTC_a4898.dir/build.make:78: CMakeFiles/cmTC_a4898.dir/CurlTests.c.o] Error 1
gmake[1]: Leaving directory '/home/munyaantony/enpm702_cpp_ws/enpm702_fall2024/cmake-3.22.1/CMakeFiles/CMakeTmp'
gmake: *** [Makefile:127: cmTC_a4898/fast] Error 2


Performing Curl Test HAVE_GETHOSTBYNAME_R_5 failed with the following output:
Change Dir: /home/munyaantony/enpm702_cpp_ws/enpm702_fall2024/cmake-3.22.1/CMakeFiles/CMakeTmp

Run Build Command(s):/usr/bin/gmake -f Makefile cmTC_24bba/fast && gmake  -f CMakeFiles/cmTC_24bba.dir/build.make CMakeFiles/cmTC_24bba.dir/build
gmake[1]: Entering directory '/home/munyaantony/enpm702_cpp_ws/enpm702_fall2024/cmake-3.22.1/CMakeFiles/CMakeTmp'
Building C object CMakeFiles/cmTC_24bba.dir/CurlTests.c.o
/usr/bin/gcc   -w -DHAVE_GETHOSTBYNAME_R_5  -DHAVE_STDIO_H -DHAVE_INTTYPES_H -DHAVE_SYS_IOCTL_H -DHAVE_SYS_PARAM_H -DHAVE_SYS_POLL_H -DHAVE_SYS_RESOURCE_H -DHAVE_SYS_SELECT_H -DHAVE_SYS_SOCKET_H -DHAVE_SYS_STAT_H -DHAVE_SYS_TIME_H -DHAVE_SYS_TYPES_H -DHAVE_SYS_UIO_H -DHAVE_SYS_UN_H -DHAVE_SYS_XATTR_H -DHAVE_ALLOCA_H -DHAVE_ARPA_INET_H -DHAVE_ARPA_TFTP_H -DHAVE_ASSERT_H -DHAVE_ERRNO_H -DHAVE_FCNTL_H -DHAVE_IFADDRS_H -DHAVE_LIBGEN_H -DHAVE_LOCALE_H -DHAVE_NET_IF_H -DHAVE_NETDB_H -DHAVE_NETINET_IN_H -DHAVE_NETINET_TCP_H -DHAVE_POLL_H -DHAVE_PWD_H -DHAVE_SETJMP_H -DHAVE_SIGNAL_H -DHAVE_STDBOOL_H -DHAVE_STDINT_H -DHAVE_STDIO_H -DHAVE_STDLIB_H -DHAVE_STRING_H -DHAVE_STRINGS_H -DHAVE_TERMIO_H -DHAVE_TERMIOS_H -DHAVE_TIME_H -DHAVE_UNISTD_H -DHAVE_UTIME_H -DHAVE_STDDEF_H -DHAVE_DLFCN_H -DHAVE_MALLOC_H -DHAVE_MEMORY_H -DHAVE_NETINET_IF_ETHER_H -DHAVE_STDINT_H -DHAVE_SYS_UTSNAME_H -std=gnu11 -o CMakeFiles/cmTC_24bba.dir/CurlTests.c.o -c /home/munyaantony/enpm702_cpp_ws/enpm702_fall2024/cmake-3.22.1/Utilities/cmcurl/CMake/CurlTests.c
/home/munyaantony/enpm702_cpp_ws/enpm702_fall2024/cmake-3.22.1/Utilities/cmcurl/CMake/CurlTests.c: In function ‘main’:
/home/munyaantony/enpm702_cpp_ws/enpm702_fall2024/cmake-3.22.1/Utilities/cmcurl/CMake/CurlTests.c:112:8: error: too few arguments to function ‘gethostbyname_r’
  112 |   rc = gethostbyname_r(address, &h, buffer, 8192, &h_errnop);
      |        ^~~~~~~~~~~~~~~
In file included from /home/munyaantony/enpm702_cpp_ws/enpm702_fall2024/cmake-3.22.1/Utilities/cmcurl/CMake/CurlTests.c:87:
/usr/include/netdb.h:177:12: note: declared here
  177 | extern int gethostbyname_r (const char *__restrict __name,
      |            ^~~~~~~~~~~~~~~
gmake[1]: *** [CMakeFiles/cmTC_24bba.dir/build.make:78: CMakeFiles/cmTC_24bba.dir/CurlTests.c.o] Error 1
gmake[1]: Leaving directory '/home/munyaantony/enpm702_cpp_ws/enpm702_fall2024/cmake-3.22.1/CMakeFiles/CMakeTmp'
gmake: *** [Makefile:127: cmTC_24bba/fast] Error 2


Performing Curl Test HAVE_GETHOSTBYNAME_R_3_REENTRANT failed with the following output:
Change Dir: /home/munyaantony/enpm702_cpp_ws/enpm702_fall2024/cmake-3.22.1/CMakeFiles/CMakeTmp

Run Build Command(s):/usr/bin/gmake -f Makefile cmTC_21e0d/fast && gmake  -f CMakeFiles/cmTC_21e0d.dir/build.make CMakeFiles/cmTC_21e0d.dir/build
gmake[1]: Entering directory '/home/munyaantony/enpm702_cpp_ws/enpm702_fall2024/cmake-3.22.1/CMakeFiles/CMakeTmp'
Building C object CMakeFiles/cmTC_21e0d.dir/CurlTests.c.o
/usr/bin/gcc   -w -DHAVE_GETHOSTBYNAME_R_3_REENTRANT  -DHAVE_STDIO_H -DHAVE_INTTYPES_H -DHAVE_SYS_IOCTL_H -DHAVE_SYS_PARAM_H -DHAVE_SYS_POLL_H -DHAVE_SYS_RESOURCE_H -DHAVE_SYS_SELECT_H -DHAVE_SYS_SOCKET_H -DHAVE_SYS_STAT_H -DHAVE_SYS_TIME_H -DHAVE_SYS_TYPES_H -DHAVE_SYS_UIO_H -DHAVE_SYS_UN_H -DHAVE_SYS_XATTR_H -DHAVE_ALLOCA_H -DHAVE_ARPA_INET_H -DHAVE_ARPA_TFTP_H -DHAVE_ASSERT_H -DHAVE_ERRNO_H -DHAVE_FCNTL_H -DHAVE_IFADDRS_H -DHAVE_LIBGEN_H -DHAVE_LOCALE_H -DHAVE_NET_IF_H -DHAVE_NETDB_H -DHAVE_NETINET_IN_H -DHAVE_NETINET_TCP_H -DHAVE_POLL_H -DHAVE_PWD_H -DHAVE_SETJMP_H -DHAVE_SIGNAL_H -DHAVE_STDBOOL_H -DHAVE_STDINT_H -DHAVE_STDIO_H -DHAVE_STDLIB_H -DHAVE_STRING_H -DHAVE_STRINGS_H -DHAVE_TERMIO_H -DHAVE_TERMIOS_H -DHAVE_TIME_H -DHAVE_UNISTD_H -DHAVE_UTIME_H -DHAVE_STDDEF_H -DHAVE_DLFCN_H -DHAVE_MALLOC_H -DHAVE_MEMORY_H -DHAVE_NETINET_IF_ETHER_H -DHAVE_STDINT_H -DHAVE_SYS_UTSNAME_H -std=gnu11 -o CMakeFiles/cmTC_21e0d.dir/CurlTests.c.o -c /home/munyaantony/enpm702_cpp_ws/enpm702_fall2024/cmake-3.22.1/Utilities/cmcurl/CMake/CurlTests.c
/home/munyaantony/enpm702_cpp_ws/enpm702_fall2024/cmake-3.22.1/Utilities/cmcurl/CMake/CurlTests.c: In function ‘main’:
/home/munyaantony/enpm702_cpp_ws/enpm702_fall2024/cmake-3.22.1/Utilities/cmcurl/CMake/CurlTests.c:97:23: error: storage size of ‘hdata’ isn’t known
   97 |   struct hostent_data hdata;
      |                       ^~~~~
/home/munyaantony/enpm702_cpp_ws/enpm702_fall2024/cmake-3.22.1/Utilities/cmcurl/CMake/CurlTests.c:109:8: error: too few arguments to function ‘gethostbyname_r’
  109 |   rc = gethostbyname_r(address, &h, &hdata);
      |        ^~~~~~~~~~~~~~~
In file included from /home/munyaantony/enpm702_cpp_ws/enpm702_fall2024/cmake-3.22.1/Utilities/cmcurl/CMake/CurlTests.c:87:
/usr/include/netdb.h:177:12: note: declared here
  177 | extern int gethostbyname_r (const char *__restrict __name,
      |            ^~~~~~~~~~~~~~~
gmake[1]: *** [CMakeFiles/cmTC_21e0d.dir/build.make:78: CMakeFiles/cmTC_21e0d.dir/CurlTests.c.o] Error 1
gmake[1]: Leaving directory '/home/munyaantony/enpm702_cpp_ws/enpm702_fall2024/cmake-3.22.1/CMakeFiles/CMakeTmp'
gmake: *** [Makefile:127: cmTC_21e0d/fast] Error 2


Performing Curl Test HAVE_GETHOSTBYNAME_R_5_REENTRANT failed with the following output:
Change Dir: /home/munyaantony/enpm702_cpp_ws/enpm702_fall2024/cmake-3.22.1/CMakeFiles/CMakeTmp

Run Build Command(s):/usr/bin/gmake -f Makefile cmTC_744ab/fast && gmake  -f CMakeFiles/cmTC_744ab.dir/build.make CMakeFiles/cmTC_744ab.dir/build
gmake[1]: Entering directory '/home/munyaantony/enpm702_cpp_ws/enpm702_fall2024/cmake-3.22.1/CMakeFiles/CMakeTmp'
Building C object CMakeFiles/cmTC_744ab.dir/CurlTests.c.o
/usr/bin/gcc   -w -DHAVE_GETHOSTBYNAME_R_5_REENTRANT  -DHAVE_STDIO_H -DHAVE_INTTYPES_H -DHAVE_SYS_IOCTL_H -DHAVE_SYS_PARAM_H -DHAVE_SYS_POLL_H -DHAVE_SYS_RESOURCE_H -DHAVE_SYS_SELECT_H -DHAVE_SYS_SOCKET_H -DHAVE_SYS_STAT_H -DHAVE_SYS_TIME_H -DHAVE_SYS_TYPES_H -DHAVE_SYS_UIO_H -DHAVE_SYS_UN_H -DHAVE_SYS_XATTR_H -DHAVE_ALLOCA_H -DHAVE_ARPA_INET_H -DHAVE_ARPA_TFTP_H -DHAVE_ASSERT_H -DHAVE_ERRNO_H -DHAVE_FCNTL_H -DHAVE_IFADDRS_H -DHAVE_LIBGEN_H -DHAVE_LOCALE_H -DHAVE_NET_IF_H -DHAVE_NETDB_H -DHAVE_NETINET_IN_H -DHAVE_NETINET_TCP_H -DHAVE_POLL_H -DHAVE_PWD_H -DHAVE_SETJMP_H -DHAVE_SIGNAL_H -DHAVE_STDBOOL_H -DHAVE_STDINT_H -DHAVE_STDIO_H -DHAVE_STDLIB_H -DHAVE_STRING_H -DHAVE_STRINGS_H -DHAVE_TERMIO_H -DHAVE_TERMIOS_H -DHAVE_TIME_H -DHAVE_UNISTD_H -DHAVE_UTIME_H -DHAVE_STDDEF_H -DHAVE_DLFCN_H -DHAVE_MALLOC_H -DHAVE_MEMORY_H -DHAVE_NETINET_IF_ETHER_H -DHAVE_STDINT_H -DHAVE_SYS_UTSNAME_H -std=gnu11 -o CMakeFiles/cmTC_744ab.dir/CurlTests.c.o -c /home/munyaantony/enpm702_cpp_ws/enpm702_fall2024/cmake-3.22.1/Utilities/cmcurl/CMake/CurlTests.c
/home/munyaantony/enpm702_cpp_ws/enpm702_fall2024/cmake-3.22.1/Utilities/cmcurl/CMake/CurlTests.c: In function ‘main’:
/home/munyaantony/enpm702_cpp_ws/enpm702_fall2024/cmake-3.22.1/Utilities/cmcurl/CMake/CurlTests.c:112:8: error: too few arguments to function ‘gethostbyname_r’
  112 |   rc = gethostbyname_r(address, &h, buffer, 8192, &h_errnop);
      |        ^~~~~~~~~~~~~~~
In file included from /home/munyaantony/enpm702_cpp_ws/enpm702_fall2024/cmake-3.22.1/Utilities/cmcurl/CMake/CurlTests.c:87:
/usr/include/netdb.h:177:12: note: declared here
  177 | extern int gethostbyname_r (const char *__restrict __name,
      |            ^~~~~~~~~~~~~~~
gmake[1]: *** [CMakeFiles/cmTC_744ab.dir/build.make:78: CMakeFiles/cmTC_744ab.dir/CurlTests.c.o] Error 1
gmake[1]: Leaving directory '/home/munyaantony/enpm702_cpp_ws/enpm702_fall2024/cmake-3.22.1/CMakeFiles/CMakeTmp'
gmake: *** [Makefile:127: cmTC_744ab/fast] Error 2


Performing Curl Test HAVE_GLIBC_STRERROR_R failed with the following output:
Change Dir: /home/munyaantony/enpm702_cpp_ws/enpm702_fall2024/cmake-3.22.1/CMakeFiles/CMakeTmp

Run Build Command(s):/usr/bin/gmake -f Makefile cmTC_58f77/fast && gmake  -f CMakeFiles/cmTC_58f77.dir/build.make CMakeFiles/cmTC_58f77.dir/build
gmake[1]: Entering directory '/home/munyaantony/enpm702_cpp_ws/enpm702_fall2024/cmake-3.22.1/CMakeFiles/CMakeTmp'
Building C object CMakeFiles/cmTC_58f77.dir/CurlTests.c.o
/usr/bin/gcc   -w -DHAVE_GLIBC_STRERROR_R  -DHAVE_STDIO_H -DHAVE_INTTYPES_H -DHAVE_SYS_IOCTL_H -DHAVE_SYS_PARAM_H -DHAVE_SYS_POLL_H -DHAVE_SYS_RESOURCE_H -DHAVE_SYS_SELECT_H -DHAVE_SYS_SOCKET_H -DHAVE_SYS_STAT_H -DHAVE_SYS_TIME_H -DHAVE_SYS_TYPES_H -DHAVE_SYS_UIO_H -DHAVE_SYS_UN_H -DHAVE_SYS_XATTR_H -DHAVE_ALLOCA_H -DHAVE_ARPA_INET_H -DHAVE_ARPA_TFTP_H -DHAVE_ASSERT_H -DHAVE_ERRNO_H -DHAVE_FCNTL_H -DHAVE_IFADDRS_H -DHAVE_LIBGEN_H -DHAVE_LOCALE_H -DHAVE_NET_IF_H -DHAVE_NETDB_H -DHAVE_NETINET_IN_H -DHAVE_NETINET_TCP_H -DHAVE_POLL_H -DHAVE_PWD_H -DHAVE_SETJMP_H -DHAVE_SIGNAL_H -DHAVE_STDBOOL_H -DHAVE_STDINT_H -DHAVE_STDIO_H -DHAVE_STDLIB_H -DHAVE_STRING_H -DHAVE_STRINGS_H -DHAVE_TERMIO_H -DHAVE_TERMIOS_H -DHAVE_TIME_H -DHAVE_UNISTD_H -DHAVE_UTIME_H -DHAVE_STDDEF_H -DHAVE_DLFCN_H -DHAVE_MALLOC_H -DHAVE_MEMORY_H -DHAVE_NETINET_IF_ETHER_H -DHAVE_STDINT_H -DHAVE_SYS_UTSNAME_H -std=gnu11 -o CMakeFiles/cmTC_58f77.dir/CurlTests.c.o -c /home/munyaantony/enpm702_cpp_ws/enpm702_fall2024/cmake-3.22.1/Utilities/cmcurl/CMake/CurlTests.c
/home/munyaantony/enpm702_cpp_ws/enpm702_fall2024/cmake-3.22.1/Utilities/cmcurl/CMake/CurlTests.c: In function ‘main’:
/home/munyaantony/enpm702_cpp_ws/enpm702_fall2024/cmake-3.22.1/Utilities/cmcurl/CMake/CurlTests.c:440:51: error: subscripted value is neither array nor pointer nor vector
  440 |   check(strerror_r(EACCES, buffer, sizeof(buffer))[0]);
      |                                                   ^
gmake[1]: *** [CMakeFiles/cmTC_58f77.dir/build.make:78: CMakeFiles/cmTC_58f77.dir/CurlTests.c.o] Error 1
gmake[1]: Leaving directory '/home/munyaantony/enpm702_cpp_ws/enpm702_fall2024/cmake-3.22.1/CMakeFiles/CMakeTmp'
gmake: *** [Makefile:127: cmTC_58f77/fast] Error 2


Performing Curl Test HAVE_BUILTIN_AVAILABLE failed with the following output:
Change Dir: /home/munyaantony/enpm702_cpp_ws/enpm702_fall2024/cmake-3.22.1/CMakeFiles/CMakeTmp

Run Build Command(s):/usr/bin/gmake -f Makefile cmTC_ccdc8/fast && gmake  -f CMakeFiles/cmTC_ccdc8.dir/build.make CMakeFiles/cmTC_ccdc8.dir/build
gmake[1]: Entering directory '/home/munyaantony/enpm702_cpp_ws/enpm702_fall2024/cmake-3.22.1/CMakeFiles/CMakeTmp'
Building C object CMakeFiles/cmTC_ccdc8.dir/CurlTests.c.o
/usr/bin/gcc   -w -DHAVE_BUILTIN_AVAILABLE  -DHAVE_STDIO_H -DHAVE_INTTYPES_H -DHAVE_SYS_IOCTL_H -DHAVE_SYS_PARAM_H -DHAVE_SYS_POLL_H -DHAVE_SYS_RESOURCE_H -DHAVE_SYS_SELECT_H -DHAVE_SYS_SOCKET_H -DHAVE_SYS_STAT_H -DHAVE_SYS_TIME_H -DHAVE_SYS_TYPES_H -DHAVE_SYS_UIO_H -DHAVE_SYS_UN_H -DHAVE_SYS_XATTR_H -DHAVE_ALLOCA_H -DHAVE_ARPA_INET_H -DHAVE_ARPA_TFTP_H -DHAVE_ASSERT_H -DHAVE_ERRNO_H -DHAVE_FCNTL_H -DHAVE_IFADDRS_H -DHAVE_LIBGEN_H -DHAVE_LOCALE_H -DHAVE_NET_IF_H -DHAVE_NETDB_H -DHAVE_NETINET_IN_H -DHAVE_NETINET_TCP_H -DHAVE_POLL_H -DHAVE_PWD_H -DHAVE_SETJMP_H -DHAVE_SIGNAL_H -DHAVE_STDBOOL_H -DHAVE_STDINT_H -DHAVE_STDIO_H -DHAVE_STDLIB_H -DHAVE_STRING_H -DHAVE_STRINGS_H -DHAVE_TERMIO_H -DHAVE_TERMIOS_H -DHAVE_TIME_H -DHAVE_UNISTD_H -DHAVE_UTIME_H -DHAVE_STDDEF_H -DHAVE_DLFCN_H -DHAVE_MALLOC_H -DHAVE_MEMORY_H -DHAVE_NETINET_IF_ETHER_H -DHAVE_STDINT_H -DHAVE_SYS_UTSNAME_H -std=gnu11 -o CMakeFiles/cmTC_ccdc8.dir/CurlTests.c.o -c /home/munyaantony/enpm702_cpp_ws/enpm702_fall2024/cmake-3.22.1/Utilities/cmcurl/CMake/CurlTests.c
/home/munyaantony/enpm702_cpp_ws/enpm702_fall2024/cmake-3.22.1/Utilities/cmcurl/CMake/CurlTests.c: In function ‘main’:
/home/munyaantony/enpm702_cpp_ws/enpm702_fall2024/cmake-3.22.1/Utilities/cmcurl/CMake/CurlTests.c:487:26: error: ‘macOS’ undeclared (first use in this function)
  487 |   if(__builtin_available(macOS 10.12, *)) {}
      |                          ^~~~~
/home/munyaantony/enpm702_cpp_ws/enpm702_fall2024/cmake-3.22.1/Utilities/cmcurl/CMake/CurlTests.c:487:26: note: each undeclared identifier is reported only once for each function it appears in
/home/munyaantony/enpm702_cpp_ws/enpm702_fall2024/cmake-3.22.1/Utilities/cmcurl/CMake/CurlTests.c:487:31: error: expected ‘)’ before numeric constant
  487 |   if(__builtin_available(macOS 10.12, *)) {}
      |                         ~     ^~~~~~
      |                               )
gmake[1]: *** [CMakeFiles/cmTC_ccdc8.dir/build.make:78: CMakeFiles/cmTC_ccdc8.dir/CurlTests.c.o] Error 1
gmake[1]: Leaving directory '/home/munyaantony/enpm702_cpp_ws/enpm702_fall2024/cmake-3.22.1/CMakeFiles/CMakeTmp'
gmake: *** [Makefile:127: cmTC_ccdc8/fast] Error 2


Determining if the arc4random_buf exist failed with the following output:
Change Dir: /home/munyaantony/enpm702_cpp_ws/enpm702_fall2024/cmake-3.22.1/CMakeFiles/CMakeTmp

Run Build Command(s):/usr/bin/gmake -f Makefile cmTC_efb0f/fast && gmake  -f CMakeFiles/cmTC_efb0f.dir/build.make CMakeFiles/cmTC_efb0f.dir/build
gmake[1]: Entering directory '/home/munyaantony/enpm702_cpp_ws/enpm702_fall2024/cmake-3.22.1/CMakeFiles/CMakeTmp'
Building C object CMakeFiles/cmTC_efb0f.dir/CheckSymbolExists.c.o
/usr/bin/gcc   -w  -std=gnu11 -o CMakeFiles/cmTC_efb0f.dir/CheckSymbolExists.c.o -c /home/munyaantony/enpm702_cpp_ws/enpm702_fall2024/cmake-3.22.1/CMakeFiles/CMakeTmp/CheckSymbolExists.c
/home/munyaantony/enpm702_cpp_ws/enpm702_fall2024/cmake-3.22.1/CMakeFiles/CMakeTmp/CheckSymbolExists.c: In function ‘main’:
/home/munyaantony/enpm702_cpp_ws/enpm702_fall2024/cmake-3.22.1/CMakeFiles/CMakeTmp/CheckSymbolExists.c:8:19: error: ‘arc4random_buf’ undeclared (first use in this function)
    8 |   return ((int*)(&arc4random_buf))[argc];
      |                   ^~~~~~~~~~~~~~
/home/munyaantony/enpm702_cpp_ws/enpm702_fall2024/cmake-3.22.1/CMakeFiles/CMakeTmp/CheckSymbolExists.c:8:19: note: each undeclared identifier is reported only once for each function it appears in
gmake[1]: *** [CMakeFiles/cmTC_efb0f.dir/build.make:78: CMakeFiles/cmTC_efb0f.dir/CheckSymbolExists.c.o] Error 1
gmake[1]: Leaving directory '/home/munyaantony/enpm702_cpp_ws/enpm702_fall2024/cmake-3.22.1/CMakeFiles/CMakeTmp'
gmake: *** [Makefile:127: cmTC_efb0f/fast] Error 2


File /home/munyaantony/enpm702_cpp_ws/enpm702_fall2024/cmake-3.22.1/CMakeFiles/CMakeTmp/CheckSymbolExists.c:
/* */
#include <stdlib.h>

int main(int argc, char** argv)
{
  (void)argv;
#ifndef arc4random_buf
  return ((int*)(&arc4random_buf))[argc];
#else
  (void)argc;
  return 0;
#endif
}
Determining if the arc4random exist failed with the following output:
Change Dir: /home/munyaantony/enpm702_cpp_ws/enpm702_fall2024/cmake-3.22.1/CMakeFiles/CMakeTmp

Run Build Command(s):/usr/bin/gmake -f Makefile cmTC_a2ada/fast && gmake  -f CMakeFiles/cmTC_a2ada.dir/build.make CMakeFiles/cmTC_a2ada.dir/build
gmake[1]: Entering directory '/home/munyaantony/enpm702_cpp_ws/enpm702_fall2024/cmake-3.22.1/CMakeFiles/CMakeTmp'
Building C object CMakeFiles/cmTC_a2ada.dir/CheckSymbolExists.c.o
/usr/bin/gcc   -w  -std=gnu11 -o CMakeFiles/cmTC_a2ada.dir/CheckSymbolExists.c.o -c /home/munyaantony/enpm702_cpp_ws/enpm702_fall2024/cmake-3.22.1/CMakeFiles/CMakeTmp/CheckSymbolExists.c
/home/munyaantony/enpm702_cpp_ws/enpm702_fall2024/cmake-3.22.1/CMakeFiles/CMakeTmp/CheckSymbolExists.c: In function ‘main’:
/home/munyaantony/enpm702_cpp_ws/enpm702_fall2024/cmake-3.22.1/CMakeFiles/CMakeTmp/CheckSymbolExists.c:8:19: error: ‘arc4random’ undeclared (first use in this function); did you mean ‘srandom’?
    8 |   return ((int*)(&arc4random))[argc];
      |                   ^~~~~~~~~~
      |                   srandom
/home/munyaantony/enpm702_cpp_ws/enpm702_fall2024/cmake-3.22.1/CMakeFiles/CMakeTmp/CheckSymbolExists.c:8:19: note: each undeclared identifier is reported only once for each function it appears in
gmake[1]: *** [CMakeFiles/cmTC_a2ada.dir/build.make:78: CMakeFiles/cmTC_a2ada.dir/CheckSymbolExists.c.o] Error 1
gmake[1]: Leaving directory '/home/munyaantony/enpm702_cpp_ws/enpm702_fall2024/cmake-3.22.1/CMakeFiles/CMakeTmp'
gmake: *** [Makefile:127: cmTC_a2ada/fast] Error 2


File /home/munyaantony/enpm702_cpp_ws/enpm702_fall2024/cmake-3.22.1/CMakeFiles/CMakeTmp/CheckSymbolExists.c:
/* */
#include <stdlib.h>

int main(int argc, char** argv)
{
  (void)argv;
#ifndef arc4random
  return ((int*)(&arc4random))[argc];
#else
  (void)argc;
  return 0;
#endif
}
Determining if the include file sys/sysctl.h exists failed with the following output:
Change Dir: /home/munyaantony/enpm702_cpp_ws/enpm702_fall2024/cmake-3.22.1/CMakeFiles/CMakeTmp

Run Build Command(s):/usr/bin/gmake -f Makefile cmTC_a59dd/fast && gmake  -f CMakeFiles/cmTC_a59dd.dir/build.make CMakeFiles/cmTC_a59dd.dir/build
gmake[1]: Entering directory '/home/munyaantony/enpm702_cpp_ws/enpm702_fall2024/cmake-3.22.1/CMakeFiles/CMakeTmp'
Building C object CMakeFiles/cmTC_a59dd.dir/CheckIncludeFile.c.o
/usr/bin/gcc   -std=gnu11 -o CMakeFiles/cmTC_a59dd.dir/CheckIncludeFile.c.o -c /home/munyaantony/enpm702_cpp_ws/enpm702_fall2024/cmake-3.22.1/CMakeFiles/CMakeTmp/CheckIncludeFile.c
/home/munyaantony/enpm702_cpp_ws/enpm702_fall2024/cmake-3.22.1/CMakeFiles/CMakeTmp/CheckIncludeFile.c:1:10: fatal error: sys/sysctl.h: No such file or directory
    1 | #include <sys/sysctl.h>
      |          ^~~~~~~~~~~~~~
compilation terminated.
gmake[1]: *** [CMakeFiles/cmTC_a59dd.dir/build.make:78: CMakeFiles/cmTC_a59dd.dir/CheckIncludeFile.c.o] Error 1
gmake[1]: Leaving directory '/home/munyaantony/enpm702_cpp_ws/enpm702_fall2024/cmake-3.22.1/CMakeFiles/CMakeTmp'
gmake: *** [Makefile:127: cmTC_a59dd/fast] Error 2



Determining if files sys/types.h;ctype.h;copyfile.h exist failed with the following output:
Change Dir: /home/munyaantony/enpm702_cpp_ws/enpm702_fall2024/cmake-3.22.1/CMakeFiles/CMakeTmp

Run Build Command(s):/usr/bin/gmake -f Makefile cmTC_7264f/fast && gmake  -f CMakeFiles/cmTC_7264f.dir/build.make CMakeFiles/cmTC_7264f.dir/build
gmake[1]: Entering directory '/home/munyaantony/enpm702_cpp_ws/enpm702_fall2024/cmake-3.22.1/CMakeFiles/CMakeTmp'
Building C object CMakeFiles/cmTC_7264f.dir/HAVE_COPYFILE_H.c.o
/usr/bin/gcc   -w  -std=gnu11 -o CMakeFiles/cmTC_7264f.dir/HAVE_COPYFILE_H.c.o -c /home/munyaantony/enpm702_cpp_ws/enpm702_fall2024/cmake-3.22.1/CMakeFiles/CheckIncludeFiles/HAVE_COPYFILE_H.c
/home/munyaantony/enpm702_cpp_ws/enpm702_fall2024/cmake-3.22.1/CMakeFiles/CheckIncludeFiles/HAVE_COPYFILE_H.c:4:10: fatal error: copyfile.h: No such file or directory
    4 | #include <copyfile.h>
      |          ^~~~~~~~~~~~
compilation terminated.
gmake[1]: *** [CMakeFiles/cmTC_7264f.dir/build.make:78: CMakeFiles/cmTC_7264f.dir/HAVE_COPYFILE_H.c.o] Error 1
gmake[1]: Leaving directory '/home/munyaantony/enpm702_cpp_ws/enpm702_fall2024/cmake-3.22.1/CMakeFiles/CMakeTmp'
gmake: *** [Makefile:127: cmTC_7264f/fast] Error 2


Source:
/* */
#include <sys/types.h>
#include <ctype.h>
#include <copyfile.h>


int main(void){return 0;}

Determining if files sys/types.h;ctype.h;direct.h exist failed with the following output:
Change Dir: /home/munyaantony/enpm702_cpp_ws/enpm702_fall2024/cmake-3.22.1/CMakeFiles/CMakeTmp

Run Build Command(s):/usr/bin/gmake -f Makefile cmTC_69511/fast && gmake  -f CMakeFiles/cmTC_69511.dir/build.make CMakeFiles/cmTC_69511.dir/build
gmake[1]: Entering directory '/home/munyaantony/enpm702_cpp_ws/enpm702_fall2024/cmake-3.22.1/CMakeFiles/CMakeTmp'
Building C object CMakeFiles/cmTC_69511.dir/HAVE_DIRECT_H.c.o
/usr/bin/gcc   -w  -std=gnu11 -o CMakeFiles/cmTC_69511.dir/HAVE_DIRECT_H.c.o -c /home/munyaantony/enpm702_cpp_ws/enpm702_fall2024/cmake-3.22.1/CMakeFiles/CheckIncludeFiles/HAVE_DIRECT_H.c
/home/munyaantony/enpm702_cpp_ws/enpm702_fall2024/cmake-3.22.1/CMakeFiles/CheckIncludeFiles/HAVE_DIRECT_H.c:4:10: fatal error: direct.h: No such file or directory
    4 | #include <direct.h>
      |          ^~~~~~~~~~
compilation terminated.
gmake[1]: *** [CMakeFiles/cmTC_69511.dir/build.make:78: CMakeFiles/cmTC_69511.dir/HAVE_DIRECT_H.c.o] Error 1
gmake[1]: Leaving directory '/home/munyaantony/enpm702_cpp_ws/enpm702_fall2024/cmake-3.22.1/CMakeFiles/CMakeTmp'
gmake: *** [Makefile:127: cmTC_69511/fast] Error 2


Source:
/* */
#include <sys/types.h>
#include <ctype.h>
#include <direct.h>


int main(void){return 0;}

Determining if files sys/types.h;ctype.h;dlfcn.h;errno.h;ext2fs/ext2_fs.h exist failed with the following output:
Change Dir: /home/munyaantony/enpm702_cpp_ws/enpm702_fall2024/cmake-3.22.1/CMakeFiles/CMakeTmp

Run Build Command(s):/usr/bin/gmake -f Makefile cmTC_4ebe3/fast && gmake  -f CMakeFiles/cmTC_4ebe3.dir/build.make CMakeFiles/cmTC_4ebe3.dir/build
gmake[1]: Entering directory '/home/munyaantony/enpm702_cpp_ws/enpm702_fall2024/cmake-3.22.1/CMakeFiles/CMakeTmp'
Building C object CMakeFiles/cmTC_4ebe3.dir/HAVE_EXT2FS_EXT2_FS_H.c.o
/usr/bin/gcc   -w  -std=gnu11 -o CMakeFiles/cmTC_4ebe3.dir/HAVE_EXT2FS_EXT2_FS_H.c.o -c /home/munyaantony/enpm702_cpp_ws/enpm702_fall2024/cmake-3.22.1/CMakeFiles/CheckIncludeFiles/HAVE_EXT2FS_EXT2_FS_H.c
/home/munyaantony/enpm702_cpp_ws/enpm702_fall2024/cmake-3.22.1/CMakeFiles/CheckIncludeFiles/HAVE_EXT2FS_EXT2_FS_H.c:6:10: fatal error: ext2fs/ext2_fs.h: No such file or directory
    6 | #include <ext2fs/ext2_fs.h>
      |          ^~~~~~~~~~~~~~~~~~
compilation terminated.
gmake[1]: *** [CMakeFiles/cmTC_4ebe3.dir/build.make:78: CMakeFiles/cmTC_4ebe3.dir/HAVE_EXT2FS_EXT2_FS_H.c.o] Error 1
gmake[1]: Leaving directory '/home/munyaantony/enpm702_cpp_ws/enpm702_fall2024/cmake-3.22.1/CMakeFiles/CMakeTmp'
gmake: *** [Makefile:127: cmTC_4ebe3/fast] Error 2


Source:
/* */
#include <sys/types.h>
#include <ctype.h>
#include <dlfcn.h>
#include <errno.h>
#include <ext2fs/ext2_fs.h>


int main(void){return 0;}

Performing C SOURCE FILE Test HAVE_WORKING_EXT2_IOC_GETFLAGS failed with the following output:
Change Dir: /home/munyaantony/enpm702_cpp_ws/enpm702_fall2024/cmake-3.22.1/CMakeFiles/CMakeTmp

Run Build Command(s):/usr/bin/gmake -f Makefile cmTC_c73f6/fast && gmake  -f CMakeFiles/cmTC_c73f6.dir/build.make CMakeFiles/cmTC_c73f6.dir/build
gmake[1]: Entering directory '/home/munyaantony/enpm702_cpp_ws/enpm702_fall2024/cmake-3.22.1/CMakeFiles/CMakeTmp'
Building C object CMakeFiles/cmTC_c73f6.dir/src.c.o
/usr/bin/gcc -DHAVE_WORKING_EXT2_IOC_GETFLAGS  -w  -std=gnu11 -o CMakeFiles/cmTC_c73f6.dir/src.c.o -c /home/munyaantony/enpm702_cpp_ws/enpm702_fall2024/cmake-3.22.1/CMakeFiles/CMakeTmp/src.c
/home/munyaantony/enpm702_cpp_ws/enpm702_fall2024/cmake-3.22.1/CMakeFiles/CMakeTmp/src.c:2:10: fatal error: ext2fs/ext2_fs.h: No such file or directory
    2 | #include <ext2fs/ext2_fs.h>
      |          ^~~~~~~~~~~~~~~~~~
compilation terminated.
gmake[1]: *** [CMakeFiles/cmTC_c73f6.dir/build.make:78: CMakeFiles/cmTC_c73f6.dir/src.c.o] Error 1
gmake[1]: Leaving directory '/home/munyaantony/enpm702_cpp_ws/enpm702_fall2024/cmake-3.22.1/CMakeFiles/CMakeTmp'
gmake: *** [Makefile:127: cmTC_c73f6/fast] Error 2


Source file was:
#include <sys/ioctl.h>
#include <ext2fs/ext2_fs.h>
int main(void) { return EXT2_IOC_GETFLAGS; }
Determining if files sys/types.h;ctype.h;dlfcn.h;errno.h;fcntl.h;grp.h;langinfo.h;limits.h;linux/types.h;linux/fiemap.h;linux/fs.h;linux/magic.h;locale.h;membership.h exist failed with the following output:
Change Dir: /home/munyaantony/enpm702_cpp_ws/enpm702_fall2024/cmake-3.22.1/CMakeFiles/CMakeTmp

Run Build Command(s):/usr/bin/gmake -f Makefile cmTC_0b529/fast && gmake  -f CMakeFiles/cmTC_0b529.dir/build.make CMakeFiles/cmTC_0b529.dir/build
gmake[1]: Entering directory '/home/munyaantony/enpm702_cpp_ws/enpm702_fall2024/cmake-3.22.1/CMakeFiles/CMakeTmp'
Building C object CMakeFiles/cmTC_0b529.dir/HAVE_MEMBERSHIP_H.c.o
/usr/bin/gcc   -w  -std=gnu11 -o CMakeFiles/cmTC_0b529.dir/HAVE_MEMBERSHIP_H.c.o -c /home/munyaantony/enpm702_cpp_ws/enpm702_fall2024/cmake-3.22.1/CMakeFiles/CheckIncludeFiles/HAVE_MEMBERSHIP_H.c
/home/munyaantony/enpm702_cpp_ws/enpm702_fall2024/cmake-3.22.1/CMakeFiles/CheckIncludeFiles/HAVE_MEMBERSHIP_H.c:15:10: fatal error: membership.h: No such file or directory
   15 | #include <membership.h>
      |          ^~~~~~~~~~~~~~
compilation terminated.
gmake[1]: *** [CMakeFiles/cmTC_0b529.dir/build.make:78: CMakeFiles/cmTC_0b529.dir/HAVE_MEMBERSHIP_H.c.o] Error 1
gmake[1]: Leaving directory '/home/munyaantony/enpm702_cpp_ws/enpm702_fall2024/cmake-3.22.1/CMakeFiles/CMakeTmp'
gmake: *** [Makefile:127: cmTC_0b529/fast] Error 2


Source:
/* */
#include <sys/types.h>
#include <ctype.h>
#include <dlfcn.h>
#include <errno.h>
#include <fcntl.h>
#include <grp.h>
#include <langinfo.h>
#include <limits.h>
#include <linux/types.h>
#include <linux/fiemap.h>
#include <linux/fs.h>
#include <linux/magic.h>
#include <locale.h>
#include <membership.h>


int main(void){return 0;}

Determining if files sys/types.h;ctype.h;dlfcn.h;errno.h;fcntl.h;grp.h;langinfo.h;limits.h;linux/types.h;linux/fiemap.h;linux/fs.h;linux/magic.h;locale.h;memory.h;paths.h;poll.h;pthread.h;pwd.h;readpassphrase.h exist failed with the following output:
Change Dir: /home/munyaantony/enpm702_cpp_ws/enpm702_fall2024/cmake-3.22.1/CMakeFiles/CMakeTmp

Run Build Command(s):/usr/bin/gmake -f Makefile cmTC_ea0c9/fast && gmake  -f CMakeFiles/cmTC_ea0c9.dir/build.make CMakeFiles/cmTC_ea0c9.dir/build
gmake[1]: Entering directory '/home/munyaantony/enpm702_cpp_ws/enpm702_fall2024/cmake-3.22.1/CMakeFiles/CMakeTmp'
Building C object CMakeFiles/cmTC_ea0c9.dir/HAVE_READPASSPHRASE_H.c.o
/usr/bin/gcc   -w  -std=gnu11 -o CMakeFiles/cmTC_ea0c9.dir/HAVE_READPASSPHRASE_H.c.o -c /home/munyaantony/enpm702_cpp_ws/enpm702_fall2024/cmake-3.22.1/CMakeFiles/CheckIncludeFiles/HAVE_READPASSPHRASE_H.c
/home/munyaantony/enpm702_cpp_ws/enpm702_fall2024/cmake-3.22.1/CMakeFiles/CheckIncludeFiles/HAVE_READPASSPHRASE_H.c:20:10: fatal error: readpassphrase.h: No such file or directory
   20 | #include <readpassphrase.h>
      |          ^~~~~~~~~~~~~~~~~~
compilation terminated.
gmake[1]: *** [CMakeFiles/cmTC_ea0c9.dir/build.make:78: CMakeFiles/cmTC_ea0c9.dir/HAVE_READPASSPHRASE_H.c.o] Error 1
gmake[1]: Leaving directory '/home/munyaantony/enpm702_cpp_ws/enpm702_fall2024/cmake-3.22.1/CMakeFiles/CMakeTmp'
gmake: *** [Makefile:127: cmTC_ea0c9/fast] Error 2


Source:
/* */
#include <sys/types.h>
#include <ctype.h>
#include <dlfcn.h>
#include <errno.h>
#include <fcntl.h>
#include <grp.h>
#include <langinfo.h>
#include <limits.h>
#include <linux/types.h>
#include <linux/fiemap.h>
#include <linux/fs.h>
#include <linux/magic.h>
#include <locale.h>
#include <memory.h>
#include <paths.h>
#include <poll.h>
#include <pthread.h>
#include <pwd.h>
#include <readpassphrase.h>


int main(void){return 0;}

Determining if files sys/types.h;ctype.h;dlfcn.h;errno.h;fcntl.h;grp.h;langinfo.h;limits.h;linux/types.h;linux/fiemap.h;linux/fs.h;linux/magic.h;locale.h;memory.h;paths.h;poll.h;pthread.h;pwd.h;regex.h;signal.h;spawn.h;stdarg.h;stdlib.h;string.h;strings.h;sys/acl.h exist failed with the following output:
Change Dir: /home/munyaantony/enpm702_cpp_ws/enpm702_fall2024/cmake-3.22.1/CMakeFiles/CMakeTmp

Run Build Command(s):/usr/bin/gmake -f Makefile cmTC_953de/fast && gmake  -f CMakeFiles/cmTC_953de.dir/build.make CMakeFiles/cmTC_953de.dir/build
gmake[1]: Entering directory '/home/munyaantony/enpm702_cpp_ws/enpm702_fall2024/cmake-3.22.1/CMakeFiles/CMakeTmp'
Building C object CMakeFiles/cmTC_953de.dir/HAVE_SYS_ACL_H.c.o
/usr/bin/gcc   -w  -std=gnu11 -o CMakeFiles/cmTC_953de.dir/HAVE_SYS_ACL_H.c.o -c /home/munyaantony/enpm702_cpp_ws/enpm702_fall2024/cmake-3.22.1/CMakeFiles/CheckIncludeFiles/HAVE_SYS_ACL_H.c
/home/munyaantony/enpm702_cpp_ws/enpm702_fall2024/cmake-3.22.1/CMakeFiles/CheckIncludeFiles/HAVE_SYS_ACL_H.c:27:10: fatal error: sys/acl.h: No such file or directory
   27 | #include <sys/acl.h>
      |          ^~~~~~~~~~~
compilation terminated.
gmake[1]: *** [CMakeFiles/cmTC_953de.dir/build.make:78: CMakeFiles/cmTC_953de.dir/HAVE_SYS_ACL_H.c.o] Error 1
gmake[1]: Leaving directory '/home/munyaantony/enpm702_cpp_ws/enpm702_fall2024/cmake-3.22.1/CMakeFiles/CMakeTmp'
gmake: *** [Makefile:127: cmTC_953de/fast] Error 2


Source:
/* */
#include <sys/types.h>
#include <ctype.h>
#include <dlfcn.h>
#include <errno.h>
#include <fcntl.h>
#include <grp.h>
#include <langinfo.h>
#include <limits.h>
#include <linux/types.h>
#include <linux/fiemap.h>
#include <linux/fs.h>
#include <linux/magic.h>
#include <locale.h>
#include <memory.h>
#include <paths.h>
#include <poll.h>
#include <pthread.h>
#include <pwd.h>
#include <regex.h>
#include <signal.h>
#include <spawn.h>
#include <stdarg.h>
#include <stdlib.h>
#include <string.h>
#include <strings.h>
#include <sys/acl.h>


int main(void){return 0;}

Determining if files sys/types.h;ctype.h;dlfcn.h;errno.h;fcntl.h;grp.h;langinfo.h;limits.h;linux/types.h;linux/fiemap.h;linux/fs.h;linux/magic.h;locale.h;memory.h;paths.h;poll.h;pthread.h;pwd.h;regex.h;signal.h;spawn.h;stdarg.h;stdlib.h;string.h;strings.h;sys/cdefs.h;sys/extattr.h exist failed with the following output:
Change Dir: /home/munyaantony/enpm702_cpp_ws/enpm702_fall2024/cmake-3.22.1/CMakeFiles/CMakeTmp

Run Build Command(s):/usr/bin/gmake -f Makefile cmTC_9890a/fast && gmake  -f CMakeFiles/cmTC_9890a.dir/build.make CMakeFiles/cmTC_9890a.dir/build
gmake[1]: Entering directory '/home/munyaantony/enpm702_cpp_ws/enpm702_fall2024/cmake-3.22.1/CMakeFiles/CMakeTmp'
Building C object CMakeFiles/cmTC_9890a.dir/HAVE_SYS_EXTATTR_H.c.o
/usr/bin/gcc   -w  -std=gnu11 -o CMakeFiles/cmTC_9890a.dir/HAVE_SYS_EXTATTR_H.c.o -c /home/munyaantony/enpm702_cpp_ws/enpm702_fall2024/cmake-3.22.1/CMakeFiles/CheckIncludeFiles/HAVE_SYS_EXTATTR_H.c
/home/munyaantony/enpm702_cpp_ws/enpm702_fall2024/cmake-3.22.1/CMakeFiles/CheckIncludeFiles/HAVE_SYS_EXTATTR_H.c:28:10: fatal error: sys/extattr.h: No such file or directory
   28 | #include <sys/extattr.h>
      |          ^~~~~~~~~~~~~~~
compilation terminated.
gmake[1]: *** [CMakeFiles/cmTC_9890a.dir/build.make:78: CMakeFiles/cmTC_9890a.dir/HAVE_SYS_EXTATTR_H.c.o] Error 1
gmake[1]: Leaving directory '/home/munyaantony/enpm702_cpp_ws/enpm702_fall2024/cmake-3.22.1/CMakeFiles/CMakeTmp'
gmake: *** [Makefile:127: cmTC_9890a/fast] Error 2


Source:
/* */
#include <sys/types.h>
#include <ctype.h>
#include <dlfcn.h>
#include <errno.h>
#include <fcntl.h>
#include <grp.h>
#include <langinfo.h>
#include <limits.h>
#include <linux/types.h>
#include <linux/fiemap.h>
#include <linux/fs.h>
#include <linux/magic.h>
#include <locale.h>
#include <memory.h>
#include <paths.h>
#include <poll.h>
#include <pthread.h>
#include <pwd.h>
#include <regex.h>
#include <signal.h>
#include <spawn.h>
#include <stdarg.h>
#include <stdlib.h>
#include <string.h>
#include <strings.h>
#include <sys/cdefs.h>
#include <sys/extattr.h>


int main(void){return 0;}

Determining if files sys/types.h;ctype.h;dlfcn.h;errno.h;fcntl.h;grp.h;langinfo.h;limits.h;linux/types.h;linux/fiemap.h;linux/fs.h;linux/magic.h;locale.h;memory.h;paths.h;poll.h;pthread.h;pwd.h;regex.h;signal.h;spawn.h;stdarg.h;stdlib.h;string.h;strings.h;sys/cdefs.h;sys/ioctl.h;sys/mkdev.h exist failed with the following output:
Change Dir: /home/munyaantony/enpm702_cpp_ws/enpm702_fall2024/cmake-3.22.1/CMakeFiles/CMakeTmp

Run Build Command(s):/usr/bin/gmake -f Makefile cmTC_b67e4/fast && gmake  -f CMakeFiles/cmTC_b67e4.dir/build.make CMakeFiles/cmTC_b67e4.dir/build
gmake[1]: Entering directory '/home/munyaantony/enpm702_cpp_ws/enpm702_fall2024/cmake-3.22.1/CMakeFiles/CMakeTmp'
Building C object CMakeFiles/cmTC_b67e4.dir/HAVE_SYS_MKDEV_H.c.o
/usr/bin/gcc   -w  -std=gnu11 -o CMakeFiles/cmTC_b67e4.dir/HAVE_SYS_MKDEV_H.c.o -c /home/munyaantony/enpm702_cpp_ws/enpm702_fall2024/cmake-3.22.1/CMakeFiles/CheckIncludeFiles/HAVE_SYS_MKDEV_H.c
/home/munyaantony/enpm702_cpp_ws/enpm702_fall2024/cmake-3.22.1/CMakeFiles/CheckIncludeFiles/HAVE_SYS_MKDEV_H.c:29:10: fatal error: sys/mkdev.h: No such file or directory
   29 | #include <sys/mkdev.h>
      |          ^~~~~~~~~~~~~
compilation terminated.
gmake[1]: *** [CMakeFiles/cmTC_b67e4.dir/build.make:78: CMakeFiles/cmTC_b67e4.dir/HAVE_SYS_MKDEV_H.c.o] Error 1
gmake[1]: Leaving directory '/home/munyaantony/enpm702_cpp_ws/enpm702_fall2024/cmake-3.22.1/CMakeFiles/CMakeTmp'
gmake: *** [Makefile:127: cmTC_b67e4/fast] Error 2


Source:
/* */
#include <sys/types.h>
#include <ctype.h>
#include <dlfcn.h>
#include <errno.h>
#include <fcntl.h>
#include <grp.h>
#include <langinfo.h>
#include <limits.h>
#include <linux/types.h>
#include <linux/fiemap.h>
#include <linux/fs.h>
#include <linux/magic.h>
#include <locale.h>
#include <memory.h>
#include <paths.h>
#include <poll.h>
#include <pthread.h>
#include <pwd.h>
#include <regex.h>
#include <signal.h>
#include <spawn.h>
#include <stdarg.h>
#include <stdlib.h>
#include <string.h>
#include <strings.h>
#include <sys/cdefs.h>
#include <sys/ioctl.h>
#include <sys/mkdev.h>


int main(void){return 0;}

Determining if files sys/types.h;ctype.h;dlfcn.h;errno.h;fcntl.h;grp.h;langinfo.h;limits.h;linux/types.h;linux/fiemap.h;linux/fs.h;linux/magic.h;locale.h;memory.h;paths.h;poll.h;pthread.h;pwd.h;regex.h;signal.h;spawn.h;stdarg.h;stdlib.h;string.h;strings.h;sys/cdefs.h;sys/ioctl.h;sys/mount.h exist failed with the following output:
Change Dir: /home/munyaantony/enpm702_cpp_ws/enpm702_fall2024/cmake-3.22.1/CMakeFiles/CMakeTmp

Run Build Command(s):/usr/bin/gmake -f Makefile cmTC_620f9/fast && gmake  -f CMakeFiles/cmTC_620f9.dir/build.make CMakeFiles/cmTC_620f9.dir/build
gmake[1]: Entering directory '/home/munyaantony/enpm702_cpp_ws/enpm702_fall2024/cmake-3.22.1/CMakeFiles/CMakeTmp'
Building C object CMakeFiles/cmTC_620f9.dir/HAVE_SYS_MOUNT_H.c.o
/usr/bin/gcc   -w  -std=gnu11 -o CMakeFiles/cmTC_620f9.dir/HAVE_SYS_MOUNT_H.c.o -c /home/munyaantony/enpm702_cpp_ws/enpm702_fall2024/cmake-3.22.1/CMakeFiles/CheckIncludeFiles/HAVE_SYS_MOUNT_H.c
In file included from /usr/include/linux/fs.h:19,
                 from /home/munyaantony/enpm702_cpp_ws/enpm702_fall2024/cmake-3.22.1/CMakeFiles/CheckIncludeFiles/HAVE_SYS_MOUNT_H.c:12:
/usr/include/x86_64-linux-gnu/sys/mount.h:35:3: error: expected identifier before numeric constant
   35 |   MS_RDONLY = 1,                /* Mount read-only.  */
      |   ^~~~~~~~~
gmake[1]: *** [CMakeFiles/cmTC_620f9.dir/build.make:78: CMakeFiles/cmTC_620f9.dir/HAVE_SYS_MOUNT_H.c.o] Error 1
gmake[1]: Leaving directory '/home/munyaantony/enpm702_cpp_ws/enpm702_fall2024/cmake-3.22.1/CMakeFiles/CMakeTmp'
gmake: *** [Makefile:127: cmTC_620f9/fast] Error 2


Source:
/* */
#include <sys/types.h>
#include <ctype.h>
#include <dlfcn.h>
#include <errno.h>
#include <fcntl.h>
#include <grp.h>
#include <langinfo.h>
#include <limits.h>
#include <linux/types.h>
#include <linux/fiemap.h>
#include <linux/fs.h>
#include <linux/magic.h>
#include <locale.h>
#include <memory.h>
#include <paths.h>
#include <poll.h>
#include <pthread.h>
#include <pwd.h>
#include <regex.h>
#include <signal.h>
#include <spawn.h>
#include <stdarg.h>
#include <stdlib.h>
#include <string.h>
#include <strings.h>
#include <sys/cdefs.h>
#include <sys/ioctl.h>
#include <sys/mount.h>


int main(void){return 0;}

Determining if files sys/types.h;ctype.h;dlfcn.h;errno.h;fcntl.h;grp.h;langinfo.h;limits.h;linux/types.h;linux/fiemap.h;linux/fs.h;linux/magic.h;locale.h;memory.h;paths.h;poll.h;pthread.h;pwd.h;regex.h;signal.h;spawn.h;stdarg.h;stdlib.h;string.h;strings.h;sys/cdefs.h;sys/ioctl.h;sys/param.h;sys/poll.h;sys/richacl.h exist failed with the following output:
Change Dir: /home/munyaantony/enpm702_cpp_ws/enpm702_fall2024/cmake-3.22.1/CMakeFiles/CMakeTmp

Run Build Command(s):/usr/bin/gmake -f Makefile cmTC_f3f19/fast && gmake  -f CMakeFiles/cmTC_f3f19.dir/build.make CMakeFiles/cmTC_f3f19.dir/build
gmake[1]: Entering directory '/home/munyaantony/enpm702_cpp_ws/enpm702_fall2024/cmake-3.22.1/CMakeFiles/CMakeTmp'
Building C object CMakeFiles/cmTC_f3f19.dir/HAVE_SYS_RICHACL_H.c.o
/usr/bin/gcc   -w  -std=gnu11 -o CMakeFiles/cmTC_f3f19.dir/HAVE_SYS_RICHACL_H.c.o -c /home/munyaantony/enpm702_cpp_ws/enpm702_fall2024/cmake-3.22.1/CMakeFiles/CheckIncludeFiles/HAVE_SYS_RICHACL_H.c
/home/munyaantony/enpm702_cpp_ws/enpm702_fall2024/cmake-3.22.1/CMakeFiles/CheckIncludeFiles/HAVE_SYS_RICHACL_H.c:31:10: fatal error: sys/richacl.h: No such file or directory
   31 | #include <sys/richacl.h>
      |          ^~~~~~~~~~~~~~~
compilation terminated.
gmake[1]: *** [CMakeFiles/cmTC_f3f19.dir/build.make:78: CMakeFiles/cmTC_f3f19.dir/HAVE_SYS_RICHACL_H.c.o] Error 1
gmake[1]: Leaving directory '/home/munyaantony/enpm702_cpp_ws/enpm702_fall2024/cmake-3.22.1/CMakeFiles/CMakeTmp'
gmake: *** [Makefile:127: cmTC_f3f19/fast] Error 2


Source:
/* */
#include <sys/types.h>
#include <ctype.h>
#include <dlfcn.h>
#include <errno.h>
#include <fcntl.h>
#include <grp.h>
#include <langinfo.h>
#include <limits.h>
#include <linux/types.h>
#include <linux/fiemap.h>
#include <linux/fs.h>
#include <linux/magic.h>
#include <locale.h>
#include <memory.h>
#include <paths.h>
#include <poll.h>
#include <pthread.h>
#include <pwd.h>
#include <regex.h>
#include <signal.h>
#include <spawn.h>
#include <stdarg.h>
#include <stdlib.h>
#include <string.h>
#include <strings.h>
#include <sys/cdefs.h>
#include <sys/ioctl.h>
#include <sys/param.h>
#include <sys/poll.h>
#include <sys/richacl.h>


int main(void){return 0;}

Determining if files sys/types.h;ctype.h;dlfcn.h;errno.h;fcntl.h;grp.h;langinfo.h;limits.h;linux/types.h;linux/fiemap.h;linux/fs.h;linux/magic.h;locale.h;memory.h;paths.h;poll.h;pthread.h;pwd.h;regex.h;signal.h;spawn.h;stdarg.h;stdlib.h;string.h;strings.h;sys/cdefs.h;sys/ioctl.h;sys/param.h;sys/poll.h;sys/select.h;sys/stat.h;sys/statfs.h;sys/statvfs.h;sys/sysmacros.h;sys/time.h;sys/utsname.h;sys/vfs.h;sys/wait.h;sys/xattr.h;time.h;unistd.h;utime.h;wchar.h;wctype.h;windows.h exist failed with the following output:
Change Dir: /home/munyaantony/enpm702_cpp_ws/enpm702_fall2024/cmake-3.22.1/CMakeFiles/CMakeTmp

Run Build Command(s):/usr/bin/gmake -f Makefile cmTC_e9e33/fast && gmake  -f CMakeFiles/cmTC_e9e33.dir/build.make CMakeFiles/cmTC_e9e33.dir/build
gmake[1]: Entering directory '/home/munyaantony/enpm702_cpp_ws/enpm702_fall2024/cmake-3.22.1/CMakeFiles/CMakeTmp'
Building C object CMakeFiles/cmTC_e9e33.dir/HAVE_WINDOWS_H.c.o
/usr/bin/gcc   -w  -std=gnu11 -o CMakeFiles/cmTC_e9e33.dir/HAVE_WINDOWS_H.c.o -c /home/munyaantony/enpm702_cpp_ws/enpm702_fall2024/cmake-3.22.1/CMakeFiles/CheckIncludeFiles/HAVE_WINDOWS_H.c
/home/munyaantony/enpm702_cpp_ws/enpm702_fall2024/cmake-3.22.1/CMakeFiles/CheckIncludeFiles/HAVE_WINDOWS_H.c:46:10: fatal error: windows.h: No such file or directory
   46 | #include <windows.h>
      |          ^~~~~~~~~~~
compilation terminated.
gmake[1]: *** [CMakeFiles/cmTC_e9e33.dir/build.make:78: CMakeFiles/cmTC_e9e33.dir/HAVE_WINDOWS_H.c.o] Error 1
gmake[1]: Leaving directory '/home/munyaantony/enpm702_cpp_ws/enpm702_fall2024/cmake-3.22.1/CMakeFiles/CMakeTmp'
gmake: *** [Makefile:127: cmTC_e9e33/fast] Error 2


Source:
/* */
#include <sys/types.h>
#include <ctype.h>
#include <dlfcn.h>
#include <errno.h>
#include <fcntl.h>
#include <grp.h>
#include <langinfo.h>
#include <limits.h>
#include <linux/types.h>
#include <linux/fiemap.h>
#include <linux/fs.h>
#include <linux/magic.h>
#include <locale.h>
#include <memory.h>
#include <paths.h>
#include <poll.h>
#include <pthread.h>
#include <pwd.h>
#include <regex.h>
#include <signal.h>
#include <spawn.h>
#include <stdarg.h>
#include <stdlib.h>
#include <string.h>
#include <strings.h>
#include <sys/cdefs.h>
#include <sys/ioctl.h>
#include <sys/param.h>
#include <sys/poll.h>
#include <sys/select.h>
#include <sys/stat.h>
#include <sys/statfs.h>
#include <sys/statvfs.h>
#include <sys/sysmacros.h>
#include <sys/time.h>
#include <sys/utsname.h>
#include <sys/vfs.h>
#include <sys/wait.h>
#include <sys/xattr.h>
#include <time.h>
#include <unistd.h>
#include <utime.h>
#include <wchar.h>
#include <wctype.h>
#include <windows.h>


int main(void){return 0;}

Determining if files sys/types.h;ctype.h;dlfcn.h;errno.h;fcntl.h;grp.h;langinfo.h;limits.h;linux/types.h;linux/fiemap.h;linux/fs.h;linux/magic.h;locale.h;memory.h;paths.h;poll.h;pthread.h;pwd.h;regex.h;signal.h;spawn.h;stdarg.h;stdlib.h;string.h;strings.h;sys/cdefs.h;sys/ioctl.h;sys/param.h;sys/poll.h;sys/select.h;sys/stat.h;sys/statfs.h;sys/statvfs.h;sys/sysmacros.h;sys/time.h;sys/utsname.h;sys/vfs.h;sys/wait.h;sys/xattr.h;time.h;unistd.h;utime.h;wchar.h;wctype.h;wincrypt.h exist failed with the following output:
Change Dir: /home/munyaantony/enpm702_cpp_ws/enpm702_fall2024/cmake-3.22.1/CMakeFiles/CMakeTmp

Run Build Command(s):/usr/bin/gmake -f Makefile cmTC_9d8b9/fast && gmake  -f CMakeFiles/cmTC_9d8b9.dir/build.make CMakeFiles/cmTC_9d8b9.dir/build
gmake[1]: Entering directory '/home/munyaantony/enpm702_cpp_ws/enpm702_fall2024/cmake-3.22.1/CMakeFiles/CMakeTmp'
Building C object CMakeFiles/cmTC_9d8b9.dir/HAVE_WINCRYPT_H.c.o
/usr/bin/gcc   -w  -std=gnu11 -o CMakeFiles/cmTC_9d8b9.dir/HAVE_WINCRYPT_H.c.o -c /home/munyaantony/enpm702_cpp_ws/enpm702_fall2024/cmake-3.22.1/CMakeFiles/CheckIncludeFiles/HAVE_WINCRYPT_H.c
/home/munyaantony/enpm702_cpp_ws/enpm702_fall2024/cmake-3.22.1/CMakeFiles/CheckIncludeFiles/HAVE_WINCRYPT_H.c:46:10: fatal error: wincrypt.h: No such file or directory
   46 | #include <wincrypt.h>
      |          ^~~~~~~~~~~~
compilation terminated.
gmake[1]: *** [CMakeFiles/cmTC_9d8b9.dir/build.make:78: CMakeFiles/cmTC_9d8b9.dir/HAVE_WINCRYPT_H.c.o] Error 1
gmake[1]: Leaving directory '/home/munyaantony/enpm702_cpp_ws/enpm702_fall2024/cmake-3.22.1/CMakeFiles/CMakeTmp'
gmake: *** [Makefile:127: cmTC_9d8b9/fast] Error 2


Source:
/* */
#include <sys/types.h>
#include <ctype.h>
#include <dlfcn.h>
#include <errno.h>
#include <fcntl.h>
#include <grp.h>
#include <langinfo.h>
#include <limits.h>
#include <linux/types.h>
#include <linux/fiemap.h>
#include <linux/fs.h>
#include <linux/magic.h>
#include <locale.h>
#include <memory.h>
#include <paths.h>
#include <poll.h>
#include <pthread.h>
#include <pwd.h>
#include <regex.h>
#include <signal.h>
#include <spawn.h>
#include <stdarg.h>
#include <stdlib.h>
#include <string.h>
#include <strings.h>
#include <sys/cdefs.h>
#include <sys/ioctl.h>
#include <sys/param.h>
#include <sys/poll.h>
#include <sys/select.h>
#include <sys/stat.h>
#include <sys/statfs.h>
#include <sys/statvfs.h>
#include <sys/sysmacros.h>
#include <sys/time.h>
#include <sys/utsname.h>
#include <sys/vfs.h>
#include <sys/wait.h>
#include <sys/xattr.h>
#include <time.h>
#include <unistd.h>
#include <utime.h>
#include <wchar.h>
#include <wctype.h>
#include <wincrypt.h>


int main(void){return 0;}

Determining if files sys/types.h;ctype.h;dlfcn.h;errno.h;fcntl.h;grp.h;langinfo.h;limits.h;linux/types.h;linux/fiemap.h;linux/fs.h;linux/magic.h;locale.h;memory.h;paths.h;poll.h;pthread.h;pwd.h;regex.h;signal.h;spawn.h;stdarg.h;stdlib.h;string.h;strings.h;sys/cdefs.h;sys/ioctl.h;sys/param.h;sys/poll.h;sys/select.h;sys/stat.h;sys/statfs.h;sys/statvfs.h;sys/sysmacros.h;sys/time.h;sys/utsname.h;sys/vfs.h;sys/wait.h;sys/xattr.h;time.h;unistd.h;utime.h;wchar.h;wctype.h;winioctl.h exist failed with the following output:
Change Dir: /home/munyaantony/enpm702_cpp_ws/enpm702_fall2024/cmake-3.22.1/CMakeFiles/CMakeTmp

Run Build Command(s):/usr/bin/gmake -f Makefile cmTC_809ca/fast && gmake  -f CMakeFiles/cmTC_809ca.dir/build.make CMakeFiles/cmTC_809ca.dir/build
gmake[1]: Entering directory '/home/munyaantony/enpm702_cpp_ws/enpm702_fall2024/cmake-3.22.1/CMakeFiles/CMakeTmp'
Building C object CMakeFiles/cmTC_809ca.dir/HAVE_WINIOCTL_H.c.o
/usr/bin/gcc   -w  -std=gnu11 -o CMakeFiles/cmTC_809ca.dir/HAVE_WINIOCTL_H.c.o -c /home/munyaantony/enpm702_cpp_ws/enpm702_fall2024/cmake-3.22.1/CMakeFiles/CheckIncludeFiles/HAVE_WINIOCTL_H.c
/home/munyaantony/enpm702_cpp_ws/enpm702_fall2024/cmake-3.22.1/CMakeFiles/CheckIncludeFiles/HAVE_WINIOCTL_H.c:46:10: fatal error: winioctl.h: No such file or directory
   46 | #include <winioctl.h>
      |          ^~~~~~~~~~~~
compilation terminated.
gmake[1]: *** [CMakeFiles/cmTC_809ca.dir/build.make:78: CMakeFiles/cmTC_809ca.dir/HAVE_WINIOCTL_H.c.o] Error 1
gmake[1]: Leaving directory '/home/munyaantony/enpm702_cpp_ws/enpm702_fall2024/cmake-3.22.1/CMakeFiles/CMakeTmp'
gmake: *** [Makefile:127: cmTC_809ca/fast] Error 2


Source:
/* */
#include <sys/types.h>
#include <ctype.h>
#include <dlfcn.h>
#include <errno.h>
#include <fcntl.h>
#include <grp.h>
#include <langinfo.h>
#include <limits.h>
#include <linux/types.h>
#include <linux/fiemap.h>
#include <linux/fs.h>
#include <linux/magic.h>
#include <locale.h>
#include <memory.h>
#include <paths.h>
#include <poll.h>
#include <pthread.h>
#include <pwd.h>
#include <regex.h>
#include <signal.h>
#include <spawn.h>
#include <stdarg.h>
#include <stdlib.h>
#include <string.h>
#include <strings.h>
#include <sys/cdefs.h>
#include <sys/ioctl.h>
#include <sys/param.h>
#include <sys/poll.h>
#include <sys/select.h>
#include <sys/stat.h>
#include <sys/statfs.h>
#include <sys/statvfs.h>
#include <sys/sysmacros.h>
#include <sys/time.h>
#include <sys/utsname.h>
#include <sys/vfs.h>
#include <sys/wait.h>
#include <sys/xattr.h>
#include <time.h>
#include <unistd.h>
#include <utime.h>
#include <wchar.h>
#include <wctype.h>
#include <winioctl.h>


int main(void){return 0;}

Determining if the function getvfsbyname exists failed with the following output:
Change Dir: /home/munyaantony/enpm702_cpp_ws/enpm702_fall2024/cmake-3.22.1/CMakeFiles/CMakeTmp

Run Build Command(s):/usr/bin/gmake -f Makefile cmTC_9c283/fast && gmake  -f CMakeFiles/cmTC_9c283.dir/build.make CMakeFiles/cmTC_9c283.dir/build
gmake[1]: Entering directory '/home/munyaantony/enpm702_cpp_ws/enpm702_fall2024/cmake-3.22.1/CMakeFiles/CMakeTmp'
Building C object CMakeFiles/cmTC_9c283.dir/CheckFunctionExists.c.o
/usr/bin/gcc   -w -DCHECK_FUNCTION_EXISTS=getvfsbyname  -fno-builtin -std=gnu11 -o CMakeFiles/cmTC_9c283.dir/CheckFunctionExists.c.o -c /home/munyaantony/enpm702_cpp_ws/enpm702_fall2024/cmake-3.22.1/Modules/CheckFunctionExists.c
Linking C executable cmTC_9c283
/home/munyaantony/enpm702_cpp_ws/enpm702_fall2024/cmake-3.22.1/Bootstrap.cmk/cmake -E cmake_link_script CMakeFiles/cmTC_9c283.dir/link.txt --verbose=1
/usr/bin/gcc  -w -DCHECK_FUNCTION_EXISTS=getvfsbyname  -fno-builtin CMakeFiles/cmTC_9c283.dir/CheckFunctionExists.c.o -o cmTC_9c283 
/usr/bin/ld: CMakeFiles/cmTC_9c283.dir/CheckFunctionExists.c.o: in function `main':
CheckFunctionExists.c:(.text+0x14): undefined reference to `getvfsbyname'
collect2: error: ld returned 1 exit status
gmake[1]: *** [CMakeFiles/cmTC_9c283.dir/build.make:99: cmTC_9c283] Error 1
gmake[1]: Leaving directory '/home/munyaantony/enpm702_cpp_ws/enpm702_fall2024/cmake-3.22.1/CMakeFiles/CMakeTmp'
gmake: *** [Makefile:127: cmTC_9c283/fast] Error 2



Determining if the function lchflags exists failed with the following output:
Change Dir: /home/munyaantony/enpm702_cpp_ws/enpm702_fall2024/cmake-3.22.1/CMakeFiles/CMakeTmp

Run Build Command(s):/usr/bin/gmake -f Makefile cmTC_9eeb6/fast && gmake  -f CMakeFiles/cmTC_9eeb6.dir/build.make CMakeFiles/cmTC_9eeb6.dir/build
gmake[1]: Entering directory '/home/munyaantony/enpm702_cpp_ws/enpm702_fall2024/cmake-3.22.1/CMakeFiles/CMakeTmp'
Building C object CMakeFiles/cmTC_9eeb6.dir/CheckFunctionExists.c.o
/usr/bin/gcc   -w -DCHECK_FUNCTION_EXISTS=lchflags  -fno-builtin -std=gnu11 -o CMakeFiles/cmTC_9eeb6.dir/CheckFunctionExists.c.o -c /home/munyaantony/enpm702_cpp_ws/enpm702_fall2024/cmake-3.22.1/Modules/CheckFunctionExists.c
Linking C executable cmTC_9eeb6
/home/munyaantony/enpm702_cpp_ws/enpm702_fall2024/cmake-3.22.1/Bootstrap.cmk/cmake -E cmake_link_script CMakeFiles/cmTC_9eeb6.dir/link.txt --verbose=1
/usr/bin/gcc  -w -DCHECK_FUNCTION_EXISTS=lchflags  -fno-builtin CMakeFiles/cmTC_9eeb6.dir/CheckFunctionExists.c.o -o cmTC_9eeb6 
/usr/bin/ld: CMakeFiles/cmTC_9eeb6.dir/CheckFunctionExists.c.o: in function `main':
CheckFunctionExists.c:(.text+0x14): undefined reference to `lchflags'
collect2: error: ld returned 1 exit status
gmake[1]: *** [CMakeFiles/cmTC_9eeb6.dir/build.make:99: cmTC_9eeb6] Error 1
gmake[1]: Leaving directory '/home/munyaantony/enpm702_cpp_ws/enpm702_fall2024/cmake-3.22.1/CMakeFiles/CMakeTmp'
gmake: *** [Makefile:127: cmTC_9eeb6/fast] Error 2



Determining if the function readpassphrase exists failed with the following output:
Change Dir: /home/munyaantony/enpm702_cpp_ws/enpm702_fall2024/cmake-3.22.1/CMakeFiles/CMakeTmp

Run Build Command(s):/usr/bin/gmake -f Makefile cmTC_f21e8/fast && gmake  -f CMakeFiles/cmTC_f21e8.dir/build.make CMakeFiles/cmTC_f21e8.dir/build
gmake[1]: Entering directory '/home/munyaantony/enpm702_cpp_ws/enpm702_fall2024/cmake-3.22.1/CMakeFiles/CMakeTmp'
Building C object CMakeFiles/cmTC_f21e8.dir/CheckFunctionExists.c.o
/usr/bin/gcc   -w -DCHECK_FUNCTION_EXISTS=readpassphrase  -fno-builtin -std=gnu11 -o CMakeFiles/cmTC_f21e8.dir/CheckFunctionExists.c.o -c /home/munyaantony/enpm702_cpp_ws/enpm702_fall2024/cmake-3.22.1/Modules/CheckFunctionExists.c
Linking C executable cmTC_f21e8
/home/munyaantony/enpm702_cpp_ws/enpm702_fall2024/cmake-3.22.1/Bootstrap.cmk/cmake -E cmake_link_script CMakeFiles/cmTC_f21e8.dir/link.txt --verbose=1
/usr/bin/gcc  -w -DCHECK_FUNCTION_EXISTS=readpassphrase  -fno-builtin CMakeFiles/cmTC_f21e8.dir/CheckFunctionExists.c.o -o cmTC_f21e8 
/usr/bin/ld: CMakeFiles/cmTC_f21e8.dir/CheckFunctionExists.c.o: in function `main':
CheckFunctionExists.c:(.text+0x14): undefined reference to `readpassphrase'
collect2: error: ld returned 1 exit status
gmake[1]: *** [CMakeFiles/cmTC_f21e8.dir/build.make:99: cmTC_f21e8] Error 1
gmake[1]: Leaving directory '/home/munyaantony/enpm702_cpp_ws/enpm702_fall2024/cmake-3.22.1/CMakeFiles/CMakeTmp'
gmake: *** [Makefile:127: cmTC_f21e8/fast] Error 2



Determining if the function strncpy_s exists failed with the following output:
Change Dir: /home/munyaantony/enpm702_cpp_ws/enpm702_fall2024/cmake-3.22.1/CMakeFiles/CMakeTmp

Run Build Command(s):/usr/bin/gmake -f Makefile cmTC_48ac7/fast && gmake  -f CMakeFiles/cmTC_48ac7.dir/build.make CMakeFiles/cmTC_48ac7.dir/build
gmake[1]: Entering directory '/home/munyaantony/enpm702_cpp_ws/enpm702_fall2024/cmake-3.22.1/CMakeFiles/CMakeTmp'
Building C object CMakeFiles/cmTC_48ac7.dir/CheckFunctionExists.c.o
/usr/bin/gcc   -w -DCHECK_FUNCTION_EXISTS=strncpy_s  -fno-builtin -std=gnu11 -o CMakeFiles/cmTC_48ac7.dir/CheckFunctionExists.c.o -c /home/munyaantony/enpm702_cpp_ws/enpm702_fall2024/cmake-3.22.1/Modules/CheckFunctionExists.c
Linking C executable cmTC_48ac7
/home/munyaantony/enpm702_cpp_ws/enpm702_fall2024/cmake-3.22.1/Bootstrap.cmk/cmake -E cmake_link_script CMakeFiles/cmTC_48ac7.dir/link.txt --verbose=1
/usr/bin/gcc  -w -DCHECK_FUNCTION_EXISTS=strncpy_s  -fno-builtin CMakeFiles/cmTC_48ac7.dir/CheckFunctionExists.c.o -o cmTC_48ac7 
/usr/bin/ld: CMakeFiles/cmTC_48ac7.dir/CheckFunctionExists.c.o: in function `main':
CheckFunctionExists.c:(.text+0x14): undefined reference to `strncpy_s'
collect2: error: ld returned 1 exit status
gmake[1]: *** [CMakeFiles/cmTC_48ac7.dir/build.make:99: cmTC_48ac7] Error 1
gmake[1]: Leaving directory '/home/munyaantony/enpm702_cpp_ws/enpm702_fall2024/cmake-3.22.1/CMakeFiles/CMakeTmp'
gmake: *** [Makefile:127: cmTC_48ac7/fast] Error 2



Determining if the function _ctime64_s exists failed with the following output:
Change Dir: /home/munyaantony/enpm702_cpp_ws/enpm702_fall2024/cmake-3.22.1/CMakeFiles/CMakeTmp

Run Build Command(s):/usr/bin/gmake -f Makefile cmTC_abe63/fast && gmake  -f CMakeFiles/cmTC_abe63.dir/build.make CMakeFiles/cmTC_abe63.dir/build
gmake[1]: Entering directory '/home/munyaantony/enpm702_cpp_ws/enpm702_fall2024/cmake-3.22.1/CMakeFiles/CMakeTmp'
Building C object CMakeFiles/cmTC_abe63.dir/CheckFunctionExists.c.o
/usr/bin/gcc   -w -DCHECK_FUNCTION_EXISTS=_ctime64_s  -fno-builtin -std=gnu11 -o CMakeFiles/cmTC_abe63.dir/CheckFunctionExists.c.o -c /home/munyaantony/enpm702_cpp_ws/enpm702_fall2024/cmake-3.22.1/Modules/CheckFunctionExists.c
Linking C executable cmTC_abe63
/home/munyaantony/enpm702_cpp_ws/enpm702_fall2024/cmake-3.22.1/Bootstrap.cmk/cmake -E cmake_link_script CMakeFiles/cmTC_abe63.dir/link.txt --verbose=1
/usr/bin/gcc  -w -DCHECK_FUNCTION_EXISTS=_ctime64_s  -fno-builtin CMakeFiles/cmTC_abe63.dir/CheckFunctionExists.c.o -o cmTC_abe63 
/usr/bin/ld: CMakeFiles/cmTC_abe63.dir/CheckFunctionExists.c.o: in function `main':
CheckFunctionExists.c:(.text+0x14): undefined reference to `_ctime64_s'
collect2: error: ld returned 1 exit status
gmake[1]: *** [CMakeFiles/cmTC_abe63.dir/build.make:99: cmTC_abe63] Error 1
gmake[1]: Leaving directory '/home/munyaantony/enpm702_cpp_ws/enpm702_fall2024/cmake-3.22.1/CMakeFiles/CMakeTmp'
gmake: *** [Makefile:127: cmTC_abe63/fast] Error 2



Determining if the function _fseeki64 exists failed with the following output:
Change Dir: /home/munyaantony/enpm702_cpp_ws/enpm702_fall2024/cmake-3.22.1/CMakeFiles/CMakeTmp

Run Build Command(s):/usr/bin/gmake -f Makefile cmTC_ebe14/fast && gmake  -f CMakeFiles/cmTC_ebe14.dir/build.make CMakeFiles/cmTC_ebe14.dir/build
gmake[1]: Entering directory '/home/munyaantony/enpm702_cpp_ws/enpm702_fall2024/cmake-3.22.1/CMakeFiles/CMakeTmp'
Building C object CMakeFiles/cmTC_ebe14.dir/CheckFunctionExists.c.o
/usr/bin/gcc   -w -DCHECK_FUNCTION_EXISTS=_fseeki64  -fno-builtin -std=gnu11 -o CMakeFiles/cmTC_ebe14.dir/CheckFunctionExists.c.o -c /home/munyaantony/enpm702_cpp_ws/enpm702_fall2024/cmake-3.22.1/Modules/CheckFunctionExists.c
Linking C executable cmTC_ebe14
/home/munyaantony/enpm702_cpp_ws/enpm702_fall2024/cmake-3.22.1/Bootstrap.cmk/cmake -E cmake_link_script CMakeFiles/cmTC_ebe14.dir/link.txt --verbose=1
/usr/bin/gcc  -w -DCHECK_FUNCTION_EXISTS=_fseeki64  -fno-builtin CMakeFiles/cmTC_ebe14.dir/CheckFunctionExists.c.o -o cmTC_ebe14 
/usr/bin/ld: CMakeFiles/cmTC_ebe14.dir/CheckFunctionExists.c.o: in function `main':
CheckFunctionExists.c:(.text+0x14): undefined reference to `_fseeki64'
collect2: error: ld returned 1 exit status
gmake[1]: *** [CMakeFiles/cmTC_ebe14.dir/build.make:99: cmTC_ebe14] Error 1
gmake[1]: Leaving directory '/home/munyaantony/enpm702_cpp_ws/enpm702_fall2024/cmake-3.22.1/CMakeFiles/CMakeTmp'
gmake: *** [Makefile:127: cmTC_ebe14/fast] Error 2



Determining if the function _get_timezone exists failed with the following output:
Change Dir: /home/munyaantony/enpm702_cpp_ws/enpm702_fall2024/cmake-3.22.1/CMakeFiles/CMakeTmp

Run Build Command(s):/usr/bin/gmake -f Makefile cmTC_bd4da/fast && gmake  -f CMakeFiles/cmTC_bd4da.dir/build.make CMakeFiles/cmTC_bd4da.dir/build
gmake[1]: Entering directory '/home/munyaantony/enpm702_cpp_ws/enpm702_fall2024/cmake-3.22.1/CMakeFiles/CMakeTmp'
Building C object CMakeFiles/cmTC_bd4da.dir/CheckFunctionExists.c.o
/usr/bin/gcc   -w -DCHECK_FUNCTION_EXISTS=_get_timezone  -fno-builtin -std=gnu11 -o CMakeFiles/cmTC_bd4da.dir/CheckFunctionExists.c.o -c /home/munyaantony/enpm702_cpp_ws/enpm702_fall2024/cmake-3.22.1/Modules/CheckFunctionExists.c
Linking C executable cmTC_bd4da
/home/munyaantony/enpm702_cpp_ws/enpm702_fall2024/cmake-3.22.1/Bootstrap.cmk/cmake -E cmake_link_script CMakeFiles/cmTC_bd4da.dir/link.txt --verbose=1
/usr/bin/gcc  -w -DCHECK_FUNCTION_EXISTS=_get_timezone  -fno-builtin CMakeFiles/cmTC_bd4da.dir/CheckFunctionExists.c.o -o cmTC_bd4da 
/usr/bin/ld: CMakeFiles/cmTC_bd4da.dir/CheckFunctionExists.c.o: in function `main':
CheckFunctionExists.c:(.text+0x14): undefined reference to `_get_timezone'
collect2: error: ld returned 1 exit status
gmake[1]: *** [CMakeFiles/cmTC_bd4da.dir/build.make:99: cmTC_bd4da] Error 1
gmake[1]: Leaving directory '/home/munyaantony/enpm702_cpp_ws/enpm702_fall2024/cmake-3.22.1/CMakeFiles/CMakeTmp'
gmake: *** [Makefile:127: cmTC_bd4da/fast] Error 2



Determining if the function _gmtime64_s exists failed with the following output:
Change Dir: /home/munyaantony/enpm702_cpp_ws/enpm702_fall2024/cmake-3.22.1/CMakeFiles/CMakeTmp

Run Build Command(s):/usr/bin/gmake -f Makefile cmTC_f5177/fast && gmake  -f CMakeFiles/cmTC_f5177.dir/build.make CMakeFiles/cmTC_f5177.dir/build
gmake[1]: Entering directory '/home/munyaantony/enpm702_cpp_ws/enpm702_fall2024/cmake-3.22.1/CMakeFiles/CMakeTmp'
Building C object CMakeFiles/cmTC_f5177.dir/CheckFunctionExists.c.o
/usr/bin/gcc   -w -DCHECK_FUNCTION_EXISTS=_gmtime64_s  -fno-builtin -std=gnu11 -o CMakeFiles/cmTC_f5177.dir/CheckFunctionExists.c.o -c /home/munyaantony/enpm702_cpp_ws/enpm702_fall2024/cmake-3.22.1/Modules/CheckFunctionExists.c
Linking C executable cmTC_f5177
/home/munyaantony/enpm702_cpp_ws/enpm702_fall2024/cmake-3.22.1/Bootstrap.cmk/cmake -E cmake_link_script CMakeFiles/cmTC_f5177.dir/link.txt --verbose=1
/usr/bin/gcc  -w -DCHECK_FUNCTION_EXISTS=_gmtime64_s  -fno-builtin CMakeFiles/cmTC_f5177.dir/CheckFunctionExists.c.o -o cmTC_f5177 
/usr/bin/ld: CMakeFiles/cmTC_f5177.dir/CheckFunctionExists.c.o: in function `main':
CheckFunctionExists.c:(.text+0x14): undefined reference to `_gmtime64_s'
collect2: error: ld returned 1 exit status
gmake[1]: *** [CMakeFiles/cmTC_f5177.dir/build.make:99: cmTC_f5177] Error 1
gmake[1]: Leaving directory '/home/munyaantony/enpm702_cpp_ws/enpm702_fall2024/cmake-3.22.1/CMakeFiles/CMakeTmp'
gmake: *** [Makefile:127: cmTC_f5177/fast] Error 2



Determining if the function _localtime64_s exists failed with the following output:
Change Dir: /home/munyaantony/enpm702_cpp_ws/enpm702_fall2024/cmake-3.22.1/CMakeFiles/CMakeTmp

Run Build Command(s):/usr/bin/gmake -f Makefile cmTC_e24a4/fast && gmake  -f CMakeFiles/cmTC_e24a4.dir/build.make CMakeFiles/cmTC_e24a4.dir/build
gmake[1]: Entering directory '/home/munyaantony/enpm702_cpp_ws/enpm702_fall2024/cmake-3.22.1/CMakeFiles/CMakeTmp'
Building C object CMakeFiles/cmTC_e24a4.dir/CheckFunctionExists.c.o
/usr/bin/gcc   -w -DCHECK_FUNCTION_EXISTS=_localtime64_s  -fno-builtin -std=gnu11 -o CMakeFiles/cmTC_e24a4.dir/CheckFunctionExists.c.o -c /home/munyaantony/enpm702_cpp_ws/enpm702_fall2024/cmake-3.22.1/Modules/CheckFunctionExists.c
Linking C executable cmTC_e24a4
/home/munyaantony/enpm702_cpp_ws/enpm702_fall2024/cmake-3.22.1/Bootstrap.cmk/cmake -E cmake_link_script CMakeFiles/cmTC_e24a4.dir/link.txt --verbose=1
/usr/bin/gcc  -w -DCHECK_FUNCTION_EXISTS=_localtime64_s  -fno-builtin CMakeFiles/cmTC_e24a4.dir/CheckFunctionExists.c.o -o cmTC_e24a4 
/usr/bin/ld: CMakeFiles/cmTC_e24a4.dir/CheckFunctionExists.c.o: in function `main':
CheckFunctionExists.c:(.text+0x14): undefined reference to `_localtime64_s'
collect2: error: ld returned 1 exit status
gmake[1]: *** [CMakeFiles/cmTC_e24a4.dir/build.make:99: cmTC_e24a4] Error 1
gmake[1]: Leaving directory '/home/munyaantony/enpm702_cpp_ws/enpm702_fall2024/cmake-3.22.1/CMakeFiles/CMakeTmp'
gmake: *** [Makefile:127: cmTC_e24a4/fast] Error 2



Determining if the function _mkgmtime64 exists failed with the following output:
Change Dir: /home/munyaantony/enpm702_cpp_ws/enpm702_fall2024/cmake-3.22.1/CMakeFiles/CMakeTmp

Run Build Command(s):/usr/bin/gmake -f Makefile cmTC_5436c/fast && gmake  -f CMakeFiles/cmTC_5436c.dir/build.make CMakeFiles/cmTC_5436c.dir/build
gmake[1]: Entering directory '/home/munyaantony/enpm702_cpp_ws/enpm702_fall2024/cmake-3.22.1/CMakeFiles/CMakeTmp'
Building C object CMakeFiles/cmTC_5436c.dir/CheckFunctionExists.c.o
/usr/bin/gcc   -w -DCHECK_FUNCTION_EXISTS=_mkgmtime64  -fno-builtin -std=gnu11 -o CMakeFiles/cmTC_5436c.dir/CheckFunctionExists.c.o -c /home/munyaantony/enpm702_cpp_ws/enpm702_fall2024/cmake-3.22.1/Modules/CheckFunctionExists.c
Linking C executable cmTC_5436c
/home/munyaantony/enpm702_cpp_ws/enpm702_fall2024/cmake-3.22.1/Bootstrap.cmk/cmake -E cmake_link_script CMakeFiles/cmTC_5436c.dir/link.txt --verbose=1
/usr/bin/gcc  -w -DCHECK_FUNCTION_EXISTS=_mkgmtime64  -fno-builtin CMakeFiles/cmTC_5436c.dir/CheckFunctionExists.c.o -o cmTC_5436c 
/usr/bin/ld: CMakeFiles/cmTC_5436c.dir/CheckFunctionExists.c.o: in function `main':
CheckFunctionExists.c:(.text+0x14): undefined reference to `_mkgmtime64'
collect2: error: ld returned 1 exit status
gmake[1]: *** [CMakeFiles/cmTC_5436c.dir/build.make:99: cmTC_5436c] Error 1
gmake[1]: Leaving directory '/home/munyaantony/enpm702_cpp_ws/enpm702_fall2024/cmake-3.22.1/CMakeFiles/CMakeTmp'
gmake: *** [Makefile:127: cmTC_5436c/fast] Error 2



Determining if the function cygwin_conv_path exists failed with the following output:
Change Dir: /home/munyaantony/enpm702_cpp_ws/enpm702_fall2024/cmake-3.22.1/CMakeFiles/CMakeTmp

Run Build Command(s):/usr/bin/gmake -f Makefile cmTC_84891/fast && gmake  -f CMakeFiles/cmTC_84891.dir/build.make CMakeFiles/cmTC_84891.dir/build
gmake[1]: Entering directory '/home/munyaantony/enpm702_cpp_ws/enpm702_fall2024/cmake-3.22.1/CMakeFiles/CMakeTmp'
Building C object CMakeFiles/cmTC_84891.dir/CheckFunctionExists.c.o
/usr/bin/gcc   -w -DCHECK_FUNCTION_EXISTS=cygwin_conv_path  -fno-builtin -std=gnu11 -o CMakeFiles/cmTC_84891.dir/CheckFunctionExists.c.o -c /home/munyaantony/enpm702_cpp_ws/enpm702_fall2024/cmake-3.22.1/Modules/CheckFunctionExists.c
Linking C executable cmTC_84891
/home/munyaantony/enpm702_cpp_ws/enpm702_fall2024/cmake-3.22.1/Bootstrap.cmk/cmake -E cmake_link_script CMakeFiles/cmTC_84891.dir/link.txt --verbose=1
/usr/bin/gcc  -w -DCHECK_FUNCTION_EXISTS=cygwin_conv_path  -fno-builtin CMakeFiles/cmTC_84891.dir/CheckFunctionExists.c.o -o cmTC_84891 
/usr/bin/ld: CMakeFiles/cmTC_84891.dir/CheckFunctionExists.c.o: in function `main':
CheckFunctionExists.c:(.text+0x14): undefined reference to `cygwin_conv_path'
collect2: error: ld returned 1 exit status
gmake[1]: *** [CMakeFiles/cmTC_84891.dir/build.make:99: cmTC_84891] Error 1
gmake[1]: Leaving directory '/home/munyaantony/enpm702_cpp_ws/enpm702_fall2024/cmake-3.22.1/CMakeFiles/CMakeTmp'
gmake: *** [Makefile:127: cmTC_84891/fast] Error 2



Performing C SOURCE FILE Test HAVE_STRUCT_VFSCONF failed with the following output:
Change Dir: /home/munyaantony/enpm702_cpp_ws/enpm702_fall2024/cmake-3.22.1/CMakeFiles/CMakeTmp

Run Build Command(s):/usr/bin/gmake -f Makefile cmTC_ec827/fast && gmake  -f CMakeFiles/cmTC_ec827.dir/build.make CMakeFiles/cmTC_ec827.dir/build
gmake[1]: Entering directory '/home/munyaantony/enpm702_cpp_ws/enpm702_fall2024/cmake-3.22.1/CMakeFiles/CMakeTmp'
Building C object CMakeFiles/cmTC_ec827.dir/src.c.o
/usr/bin/gcc -DHAVE_STRUCT_VFSCONF  -w  -std=gnu11 -o CMakeFiles/cmTC_ec827.dir/src.c.o -c /home/munyaantony/enpm702_cpp_ws/enpm702_fall2024/cmake-3.22.1/CMakeFiles/CMakeTmp/src.c
/home/munyaantony/enpm702_cpp_ws/enpm702_fall2024/cmake-3.22.1/CMakeFiles/CMakeTmp/src.c: In function ‘main’:
/home/munyaantony/enpm702_cpp_ws/enpm702_fall2024/cmake-3.22.1/CMakeFiles/CMakeTmp/src.c:3:33: error: storage size of ‘v’ isn’t known
    3 | int main(void) { struct vfsconf v; return sizeof(v);}
      |                                 ^
gmake[1]: *** [CMakeFiles/cmTC_ec827.dir/build.make:78: CMakeFiles/cmTC_ec827.dir/src.c.o] Error 1
gmake[1]: Leaving directory '/home/munyaantony/enpm702_cpp_ws/enpm702_fall2024/cmake-3.22.1/CMakeFiles/CMakeTmp'
gmake: *** [Makefile:127: cmTC_ec827/fast] Error 2


Source file was:
#include <sys/types.h>
#include <sys/mount.h>
int main(void) { struct vfsconf v; return sizeof(v);}
Performing C SOURCE FILE Test HAVE_STRUCT_XVFSCONF failed with the following output:
Change Dir: /home/munyaantony/enpm702_cpp_ws/enpm702_fall2024/cmake-3.22.1/CMakeFiles/CMakeTmp

Run Build Command(s):/usr/bin/gmake -f Makefile cmTC_60926/fast && gmake  -f CMakeFiles/cmTC_60926.dir/build.make CMakeFiles/cmTC_60926.dir/build
gmake[1]: Entering directory '/home/munyaantony/enpm702_cpp_ws/enpm702_fall2024/cmake-3.22.1/CMakeFiles/CMakeTmp'
Building C object CMakeFiles/cmTC_60926.dir/src.c.o
/usr/bin/gcc -DHAVE_STRUCT_XVFSCONF  -w  -std=gnu11 -o CMakeFiles/cmTC_60926.dir/src.c.o -c /home/munyaantony/enpm702_cpp_ws/enpm702_fall2024/cmake-3.22.1/CMakeFiles/CMakeTmp/src.c
/home/munyaantony/enpm702_cpp_ws/enpm702_fall2024/cmake-3.22.1/CMakeFiles/CMakeTmp/src.c: In function ‘main’:
/home/munyaantony/enpm702_cpp_ws/enpm702_fall2024/cmake-3.22.1/CMakeFiles/CMakeTmp/src.c:3:34: error: storage size of ‘v’ isn’t known
    3 | int main(void) { struct xvfsconf v; return sizeof(v);}
      |                                  ^
gmake[1]: *** [CMakeFiles/cmTC_60926.dir/build.make:78: CMakeFiles/cmTC_60926.dir/src.c.o] Error 1
gmake[1]: Leaving directory '/home/munyaantony/enpm702_cpp_ws/enpm702_fall2024/cmake-3.22.1/CMakeFiles/CMakeTmp'
gmake: *** [Makefile:127: cmTC_60926/fast] Error 2


Source file was:
#include <sys/types.h>
#include <sys/mount.h>
int main(void) { struct xvfsconf v; return sizeof(v);}
Performing C SOURCE FILE Test MAJOR_IN_MKDEV failed with the following output:
Change Dir: /home/munyaantony/enpm702_cpp_ws/enpm702_fall2024/cmake-3.22.1/CMakeFiles/CMakeTmp

Run Build Command(s):/usr/bin/gmake -f Makefile cmTC_cc9b3/fast && gmake  -f CMakeFiles/cmTC_cc9b3.dir/build.make CMakeFiles/cmTC_cc9b3.dir/build
gmake[1]: Entering directory '/home/munyaantony/enpm702_cpp_ws/enpm702_fall2024/cmake-3.22.1/CMakeFiles/CMakeTmp'
Building C object CMakeFiles/cmTC_cc9b3.dir/src.c.o
/usr/bin/gcc -DMAJOR_IN_MKDEV  -w  -std=gnu11 -o CMakeFiles/cmTC_cc9b3.dir/src.c.o -c /home/munyaantony/enpm702_cpp_ws/enpm702_fall2024/cmake-3.22.1/CMakeFiles/CMakeTmp/src.c
/home/munyaantony/enpm702_cpp_ws/enpm702_fall2024/cmake-3.22.1/CMakeFiles/CMakeTmp/src.c:1:10: fatal error: sys/mkdev.h: No such file or directory
    1 | #include <sys/mkdev.h>
      |          ^~~~~~~~~~~~~
compilation terminated.
gmake[1]: *** [CMakeFiles/cmTC_cc9b3.dir/build.make:78: CMakeFiles/cmTC_cc9b3.dir/src.c.o] Error 1
gmake[1]: Leaving directory '/home/munyaantony/enpm702_cpp_ws/enpm702_fall2024/cmake-3.22.1/CMakeFiles/CMakeTmp'
gmake: *** [Makefile:127: cmTC_cc9b3/fast] Error 2


Source file was:
#include <sys/mkdev.h>
int main() { return major(256); }
Determining if the EFTYPE exist failed with the following output:
Change Dir: /home/munyaantony/enpm702_cpp_ws/enpm702_fall2024/cmake-3.22.1/CMakeFiles/CMakeTmp

Run Build Command(s):/usr/bin/gmake -f Makefile cmTC_b40dd/fast && gmake  -f CMakeFiles/cmTC_b40dd.dir/build.make CMakeFiles/cmTC_b40dd.dir/build
gmake[1]: Entering directory '/home/munyaantony/enpm702_cpp_ws/enpm702_fall2024/cmake-3.22.1/CMakeFiles/CMakeTmp'
Building C object CMakeFiles/cmTC_b40dd.dir/CheckSymbolExists.c.o
/usr/bin/gcc   -w  -std=gnu11 -o CMakeFiles/cmTC_b40dd.dir/CheckSymbolExists.c.o -c /home/munyaantony/enpm702_cpp_ws/enpm702_fall2024/cmake-3.22.1/CMakeFiles/CMakeTmp/CheckSymbolExists.c
/home/munyaantony/enpm702_cpp_ws/enpm702_fall2024/cmake-3.22.1/CMakeFiles/CMakeTmp/CheckSymbolExists.c: In function ‘main’:
/home/munyaantony/enpm702_cpp_ws/enpm702_fall2024/cmake-3.22.1/CMakeFiles/CMakeTmp/CheckSymbolExists.c:8:19: error: ‘EFTYPE’ undeclared (first use in this function)
    8 |   return ((int*)(&EFTYPE))[argc];
      |                   ^~~~~~
/home/munyaantony/enpm702_cpp_ws/enpm702_fall2024/cmake-3.22.1/CMakeFiles/CMakeTmp/CheckSymbolExists.c:8:19: note: each undeclared identifier is reported only once for each function it appears in
gmake[1]: *** [CMakeFiles/cmTC_b40dd.dir/build.make:78: CMakeFiles/cmTC_b40dd.dir/CheckSymbolExists.c.o] Error 1
gmake[1]: Leaving directory '/home/munyaantony/enpm702_cpp_ws/enpm702_fall2024/cmake-3.22.1/CMakeFiles/CMakeTmp'
gmake: *** [Makefile:127: cmTC_b40dd/fast] Error 2


File /home/munyaantony/enpm702_cpp_ws/enpm702_fall2024/cmake-3.22.1/CMakeFiles/CMakeTmp/CheckSymbolExists.c:
/* */
#include <errno.h>

int main(int argc, char** argv)
{
  (void)argv;
#ifndef EFTYPE
  return ((int*)(&EFTYPE))[argc];
#else
  (void)argc;
  return 0;
#endif
}
Determining if the D_MD_ORDER exist failed with the following output:
Change Dir: /home/munyaantony/enpm702_cpp_ws/enpm702_fall2024/cmake-3.22.1/CMakeFiles/CMakeTmp

Run Build Command(s):/usr/bin/gmake -f Makefile cmTC_33f20/fast && gmake  -f CMakeFiles/cmTC_33f20.dir/build.make CMakeFiles/cmTC_33f20.dir/build
gmake[1]: Entering directory '/home/munyaantony/enpm702_cpp_ws/enpm702_fall2024/cmake-3.22.1/CMakeFiles/CMakeTmp'
Building C object CMakeFiles/cmTC_33f20.dir/CheckSymbolExists.c.o
/usr/bin/gcc   -w  -std=gnu11 -o CMakeFiles/cmTC_33f20.dir/CheckSymbolExists.c.o -c /home/munyaantony/enpm702_cpp_ws/enpm702_fall2024/cmake-3.22.1/CMakeFiles/CMakeTmp/CheckSymbolExists.c
/home/munyaantony/enpm702_cpp_ws/enpm702_fall2024/cmake-3.22.1/CMakeFiles/CMakeTmp/CheckSymbolExists.c: In function ‘main’:
/home/munyaantony/enpm702_cpp_ws/enpm702_fall2024/cmake-3.22.1/CMakeFiles/CMakeTmp/CheckSymbolExists.c:8:19: error: ‘D_MD_ORDER’ undeclared (first use in this function)
    8 |   return ((int*)(&D_MD_ORDER))[argc];
      |                   ^~~~~~~~~~
/home/munyaantony/enpm702_cpp_ws/enpm702_fall2024/cmake-3.22.1/CMakeFiles/CMakeTmp/CheckSymbolExists.c:8:19: note: each undeclared identifier is reported only once for each function it appears in
gmake[1]: *** [CMakeFiles/cmTC_33f20.dir/build.make:78: CMakeFiles/cmTC_33f20.dir/CheckSymbolExists.c.o] Error 1
gmake[1]: Leaving directory '/home/munyaantony/enpm702_cpp_ws/enpm702_fall2024/cmake-3.22.1/CMakeFiles/CMakeTmp'
gmake: *** [Makefile:127: cmTC_33f20/fast] Error 2


File /home/munyaantony/enpm702_cpp_ws/enpm702_fall2024/cmake-3.22.1/CMakeFiles/CMakeTmp/CheckSymbolExists.c:
/* */
#include <langinfo.h>

int main(int argc, char** argv)
{
  (void)argv;
#ifndef D_MD_ORDER
  return ((int*)(&D_MD_ORDER))[argc];
#else
  (void)argc;
  return 0;
#endif
}
Performing C SOURCE FILE Test HAVE_STRUCT_TM___TM_GMTOFF failed with the following output:
Change Dir: /home/munyaantony/enpm702_cpp_ws/enpm702_fall2024/cmake-3.22.1/CMakeFiles/CMakeTmp

Run Build Command(s):/usr/bin/gmake -f Makefile cmTC_c8a54/fast && gmake  -f CMakeFiles/cmTC_c8a54.dir/build.make CMakeFiles/cmTC_c8a54.dir/build
gmake[1]: Entering directory '/home/munyaantony/enpm702_cpp_ws/enpm702_fall2024/cmake-3.22.1/CMakeFiles/CMakeTmp'
Building C object CMakeFiles/cmTC_c8a54.dir/src.c.o
/usr/bin/gcc -DHAVE_STRUCT_TM___TM_GMTOFF  -w  -std=gnu11 -o CMakeFiles/cmTC_c8a54.dir/src.c.o -c /home/munyaantony/enpm702_cpp_ws/enpm702_fall2024/cmake-3.22.1/CMakeFiles/CMakeTmp/src.c
/home/munyaantony/enpm702_cpp_ws/enpm702_fall2024/cmake-3.22.1/CMakeFiles/CMakeTmp/src.c: In function ‘main’:
/home/munyaantony/enpm702_cpp_ws/enpm702_fall2024/cmake-3.22.1/CMakeFiles/CMakeTmp/src.c:6:34: error: ‘struct tm’ has no member named ‘__tm_gmtoff’; did you mean ‘tm_gmtoff’?
    6 |   (void)sizeof(((struct tm *)0)->__tm_gmtoff);
      |                                  ^~~~~~~~~~~
      |                                  tm_gmtoff
gmake[1]: *** [CMakeFiles/cmTC_c8a54.dir/build.make:78: CMakeFiles/cmTC_c8a54.dir/src.c.o] Error 1
gmake[1]: Leaving directory '/home/munyaantony/enpm702_cpp_ws/enpm702_fall2024/cmake-3.22.1/CMakeFiles/CMakeTmp'
gmake: *** [Makefile:127: cmTC_c8a54/fast] Error 2


Source file was:

#include <time.h>

int main()
{
  (void)sizeof(((struct tm *)0)->__tm_gmtoff);
  return 0;
}

Performing C SOURCE FILE Test HAVE_STRUCT_STATFS_F_NAMEMAX failed with the following output:
Change Dir: /home/munyaantony/enpm702_cpp_ws/enpm702_fall2024/cmake-3.22.1/CMakeFiles/CMakeTmp

Run Build Command(s):/usr/bin/gmake -f Makefile cmTC_f6666/fast && gmake  -f CMakeFiles/cmTC_f6666.dir/build.make CMakeFiles/cmTC_f6666.dir/build
gmake[1]: Entering directory '/home/munyaantony/enpm702_cpp_ws/enpm702_fall2024/cmake-3.22.1/CMakeFiles/CMakeTmp'
Building C object CMakeFiles/cmTC_f6666.dir/src.c.o
/usr/bin/gcc -DHAVE_STRUCT_STATFS_F_NAMEMAX  -w  -std=gnu11 -o CMakeFiles/cmTC_f6666.dir/src.c.o -c /home/munyaantony/enpm702_cpp_ws/enpm702_fall2024/cmake-3.22.1/CMakeFiles/CMakeTmp/src.c
/home/munyaantony/enpm702_cpp_ws/enpm702_fall2024/cmake-3.22.1/CMakeFiles/CMakeTmp/src.c: In function ‘main’:
/home/munyaantony/enpm702_cpp_ws/enpm702_fall2024/cmake-3.22.1/CMakeFiles/CMakeTmp/src.c:7:36: error: invalid use of undefined type ‘struct statfs’
    7 |   (void)sizeof(((struct statfs *)0)->f_namemax);
      |                                    ^~
gmake[1]: *** [CMakeFiles/cmTC_f6666.dir/build.make:78: CMakeFiles/cmTC_f6666.dir/src.c.o] Error 1
gmake[1]: Leaving directory '/home/munyaantony/enpm702_cpp_ws/enpm702_fall2024/cmake-3.22.1/CMakeFiles/CMakeTmp'
gmake: *** [Makefile:127: cmTC_f6666/fast] Error 2


Source file was:

#include <sys/param.h>
#include <sys/mount.h>

int main()
{
  (void)sizeof(((struct statfs *)0)->f_namemax);
  return 0;
}

Performing C SOURCE FILE Test HAVE_STRUCT_STAT_ST_BIRTHTIME failed with the following output:
Change Dir: /home/munyaantony/enpm702_cpp_ws/enpm702_fall2024/cmake-3.22.1/CMakeFiles/CMakeTmp

Run Build Command(s):/usr/bin/gmake -f Makefile cmTC_c361b/fast && gmake  -f CMakeFiles/cmTC_c361b.dir/build.make CMakeFiles/cmTC_c361b.dir/build
gmake[1]: Entering directory '/home/munyaantony/enpm702_cpp_ws/enpm702_fall2024/cmake-3.22.1/CMakeFiles/CMakeTmp'
Building C object CMakeFiles/cmTC_c361b.dir/src.c.o
/usr/bin/gcc -DHAVE_STRUCT_STAT_ST_BIRTHTIME  -w  -std=gnu11 -o CMakeFiles/cmTC_c361b.dir/src.c.o -c /home/munyaantony/enpm702_cpp_ws/enpm702_fall2024/cmake-3.22.1/CMakeFiles/CMakeTmp/src.c
/home/munyaantony/enpm702_cpp_ws/enpm702_fall2024/cmake-3.22.1/CMakeFiles/CMakeTmp/src.c: In function ‘main’:
/home/munyaantony/enpm702_cpp_ws/enpm702_fall2024/cmake-3.22.1/CMakeFiles/CMakeTmp/src.c:7:34: error: ‘struct stat’ has no member named ‘st_birthtime’
    7 |   (void)sizeof(((struct stat *)0)->st_birthtime);
      |                                  ^~
gmake[1]: *** [CMakeFiles/cmTC_c361b.dir/build.make:78: CMakeFiles/cmTC_c361b.dir/src.c.o] Error 1
gmake[1]: Leaving directory '/home/munyaantony/enpm702_cpp_ws/enpm702_fall2024/cmake-3.22.1/CMakeFiles/CMakeTmp'
gmake: *** [Makefile:127: cmTC_c361b/fast] Error 2


Source file was:

#include <sys/types.h>
#include <sys/stat.h>

int main()
{
  (void)sizeof(((struct stat *)0)->st_birthtime);
  return 0;
}

Performing C SOURCE FILE Test HAVE_STRUCT_STAT_ST_BIRTHTIMESPEC_TV_NSEC failed with the following output:
Change Dir: /home/munyaantony/enpm702_cpp_ws/enpm702_fall2024/cmake-3.22.1/CMakeFiles/CMakeTmp

Run Build Command(s):/usr/bin/gmake -f Makefile cmTC_3975a/fast && gmake  -f CMakeFiles/cmTC_3975a.dir/build.make CMakeFiles/cmTC_3975a.dir/build
gmake[1]: Entering directory '/home/munyaantony/enpm702_cpp_ws/enpm702_fall2024/cmake-3.22.1/CMakeFiles/CMakeTmp'
Building C object CMakeFiles/cmTC_3975a.dir/src.c.o
/usr/bin/gcc -DHAVE_STRUCT_STAT_ST_BIRTHTIMESPEC_TV_NSEC  -w  -std=gnu11 -o CMakeFiles/cmTC_3975a.dir/src.c.o -c /home/munyaantony/enpm702_cpp_ws/enpm702_fall2024/cmake-3.22.1/CMakeFiles/CMakeTmp/src.c
/home/munyaantony/enpm702_cpp_ws/enpm702_fall2024/cmake-3.22.1/CMakeFiles/CMakeTmp/src.c: In function ‘main’:
/home/munyaantony/enpm702_cpp_ws/enpm702_fall2024/cmake-3.22.1/CMakeFiles/CMakeTmp/src.c:7:34: error: ‘struct stat’ has no member named ‘st_birthtimespec’
    7 |   (void)sizeof(((struct stat *)0)->st_birthtimespec.tv_nsec);
      |                                  ^~
gmake[1]: *** [CMakeFiles/cmTC_3975a.dir/build.make:78: CMakeFiles/cmTC_3975a.dir/src.c.o] Error 1
gmake[1]: Leaving directory '/home/munyaantony/enpm702_cpp_ws/enpm702_fall2024/cmake-3.22.1/CMakeFiles/CMakeTmp'
gmake: *** [Makefile:127: cmTC_3975a/fast] Error 2


Source file was:

#include <sys/types.h>
#include <sys/stat.h>

int main()
{
  (void)sizeof(((struct stat *)0)->st_birthtimespec.tv_nsec);
  return 0;
}

Performing C SOURCE FILE Test HAVE_STRUCT_STAT_ST_MTIMESPEC_TV_NSEC failed with the following output:
Change Dir: /home/munyaantony/enpm702_cpp_ws/enpm702_fall2024/cmake-3.22.1/CMakeFiles/CMakeTmp

Run Build Command(s):/usr/bin/gmake -f Makefile cmTC_e3e5c/fast && gmake  -f CMakeFiles/cmTC_e3e5c.dir/build.make CMakeFiles/cmTC_e3e5c.dir/build
gmake[1]: Entering directory '/home/munyaantony/enpm702_cpp_ws/enpm702_fall2024/cmake-3.22.1/CMakeFiles/CMakeTmp'
Building C object CMakeFiles/cmTC_e3e5c.dir/src.c.o
/usr/bin/gcc -DHAVE_STRUCT_STAT_ST_MTIMESPEC_TV_NSEC  -w  -std=gnu11 -o CMakeFiles/cmTC_e3e5c.dir/src.c.o -c /home/munyaantony/enpm702_cpp_ws/enpm702_fall2024/cmake-3.22.1/CMakeFiles/CMakeTmp/src.c
/home/munyaantony/enpm702_cpp_ws/enpm702_fall2024/cmake-3.22.1/CMakeFiles/CMakeTmp/src.c: In function ‘main’:
/home/munyaantony/enpm702_cpp_ws/enpm702_fall2024/cmake-3.22.1/CMakeFiles/CMakeTmp/src.c:7:34: error: ‘struct stat’ has no member named ‘st_mtimespec’
    7 |   (void)sizeof(((struct stat *)0)->st_mtimespec.tv_nsec);
      |                                  ^~
gmake[1]: *** [CMakeFiles/cmTC_e3e5c.dir/build.make:78: CMakeFiles/cmTC_e3e5c.dir/src.c.o] Error 1
gmake[1]: Leaving directory '/home/munyaantony/enpm702_cpp_ws/enpm702_fall2024/cmake-3.22.1/CMakeFiles/CMakeTmp'
gmake: *** [Makefile:127: cmTC_e3e5c/fast] Error 2


Source file was:

#include <sys/types.h>
#include <sys/stat.h>

int main()
{
  (void)sizeof(((struct stat *)0)->st_mtimespec.tv_nsec);
  return 0;
}

Performing C SOURCE FILE Test HAVE_STRUCT_STAT_ST_MTIME_N failed with the following output:
Change Dir: /home/munyaantony/enpm702_cpp_ws/enpm702_fall2024/cmake-3.22.1/CMakeFiles/CMakeTmp

Run Build Command(s):/usr/bin/gmake -f Makefile cmTC_ec8da/fast && gmake  -f CMakeFiles/cmTC_ec8da.dir/build.make CMakeFiles/cmTC_ec8da.dir/build
gmake[1]: Entering directory '/home/munyaantony/enpm702_cpp_ws/enpm702_fall2024/cmake-3.22.1/CMakeFiles/CMakeTmp'
Building C object CMakeFiles/cmTC_ec8da.dir/src.c.o
/usr/bin/gcc -DHAVE_STRUCT_STAT_ST_MTIME_N  -w  -std=gnu11 -o CMakeFiles/cmTC_ec8da.dir/src.c.o -c /home/munyaantony/enpm702_cpp_ws/enpm702_fall2024/cmake-3.22.1/CMakeFiles/CMakeTmp/src.c
/home/munyaantony/enpm702_cpp_ws/enpm702_fall2024/cmake-3.22.1/CMakeFiles/CMakeTmp/src.c: In function ‘main’:
/home/munyaantony/enpm702_cpp_ws/enpm702_fall2024/cmake-3.22.1/CMakeFiles/CMakeTmp/src.c:7:36: error: ‘struct stat’ has no member named ‘st_mtime_n’; did you mean ‘st_mtim’?
    7 |   (void)sizeof(((struct stat *)0)->st_mtime_n);
      |                                    ^~~~~~~~~~
      |                                    st_mtim
gmake[1]: *** [CMakeFiles/cmTC_ec8da.dir/build.make:78: CMakeFiles/cmTC_ec8da.dir/src.c.o] Error 1
gmake[1]: Leaving directory '/home/munyaantony/enpm702_cpp_ws/enpm702_fall2024/cmake-3.22.1/CMakeFiles/CMakeTmp'
gmake: *** [Makefile:127: cmTC_ec8da/fast] Error 2


Source file was:

#include <sys/types.h>
#include <sys/stat.h>

int main()
{
  (void)sizeof(((struct stat *)0)->st_mtime_n);
  return 0;
}

Performing C SOURCE FILE Test HAVE_STRUCT_STAT_ST_UMTIME failed with the following output:
Change Dir: /home/munyaantony/enpm702_cpp_ws/enpm702_fall2024/cmake-3.22.1/CMakeFiles/CMakeTmp

Run Build Command(s):/usr/bin/gmake -f Makefile cmTC_60b0d/fast && gmake  -f CMakeFiles/cmTC_60b0d.dir/build.make CMakeFiles/cmTC_60b0d.dir/build
gmake[1]: Entering directory '/home/munyaantony/enpm702_cpp_ws/enpm702_fall2024/cmake-3.22.1/CMakeFiles/CMakeTmp'
Building C object CMakeFiles/cmTC_60b0d.dir/src.c.o
/usr/bin/gcc -DHAVE_STRUCT_STAT_ST_UMTIME  -w  -std=gnu11 -o CMakeFiles/cmTC_60b0d.dir/src.c.o -c /home/munyaantony/enpm702_cpp_ws/enpm702_fall2024/cmake-3.22.1/CMakeFiles/CMakeTmp/src.c
/home/munyaantony/enpm702_cpp_ws/enpm702_fall2024/cmake-3.22.1/CMakeFiles/CMakeTmp/src.c: In function ‘main’:
/home/munyaantony/enpm702_cpp_ws/enpm702_fall2024/cmake-3.22.1/CMakeFiles/CMakeTmp/src.c:7:36: error: ‘struct stat’ has no member named ‘st_umtime’; did you mean ‘st_mtim’?
    7 |   (void)sizeof(((struct stat *)0)->st_umtime);
      |                                    ^~~~~~~~~
      |                                    st_mtim
gmake[1]: *** [CMakeFiles/cmTC_60b0d.dir/build.make:78: CMakeFiles/cmTC_60b0d.dir/src.c.o] Error 1
gmake[1]: Leaving directory '/home/munyaantony/enpm702_cpp_ws/enpm702_fall2024/cmake-3.22.1/CMakeFiles/CMakeTmp'
gmake: *** [Makefile:127: cmTC_60b0d/fast] Error 2


Source file was:

#include <sys/types.h>
#include <sys/stat.h>

int main()
{
  (void)sizeof(((struct stat *)0)->st_umtime);
  return 0;
}

Performing C SOURCE FILE Test HAVE_STRUCT_STAT_ST_MTIME_USEC failed with the following output:
Change Dir: /home/munyaantony/enpm702_cpp_ws/enpm702_fall2024/cmake-3.22.1/CMakeFiles/CMakeTmp

Run Build Command(s):/usr/bin/gmake -f Makefile cmTC_5cb30/fast && gmake  -f CMakeFiles/cmTC_5cb30.dir/build.make CMakeFiles/cmTC_5cb30.dir/build
gmake[1]: Entering directory '/home/munyaantony/enpm702_cpp_ws/enpm702_fall2024/cmake-3.22.1/CMakeFiles/CMakeTmp'
Building C object CMakeFiles/cmTC_5cb30.dir/src.c.o
/usr/bin/gcc -DHAVE_STRUCT_STAT_ST_MTIME_USEC  -w  -std=gnu11 -o CMakeFiles/cmTC_5cb30.dir/src.c.o -c /home/munyaantony/enpm702_cpp_ws/enpm702_fall2024/cmake-3.22.1/CMakeFiles/CMakeTmp/src.c
/home/munyaantony/enpm702_cpp_ws/enpm702_fall2024/cmake-3.22.1/CMakeFiles/CMakeTmp/src.c: In function ‘main’:
/home/munyaantony/enpm702_cpp_ws/enpm702_fall2024/cmake-3.22.1/CMakeFiles/CMakeTmp/src.c:7:34: error: ‘struct stat’ has no member named ‘st_mtime_usec’
    7 |   (void)sizeof(((struct stat *)0)->st_mtime_usec);
      |                                  ^~
gmake[1]: *** [CMakeFiles/cmTC_5cb30.dir/build.make:78: CMakeFiles/cmTC_5cb30.dir/src.c.o] Error 1
gmake[1]: Leaving directory '/home/munyaantony/enpm702_cpp_ws/enpm702_fall2024/cmake-3.22.1/CMakeFiles/CMakeTmp'
gmake: *** [Makefile:127: cmTC_5cb30/fast] Error 2


Source file was:

#include <sys/types.h>
#include <sys/stat.h>

int main()
{
  (void)sizeof(((struct stat *)0)->st_mtime_usec);
  return 0;
}

Performing C SOURCE FILE Test HAVE_STRUCT_STAT_ST_FLAGS failed with the following output:
Change Dir: /home/munyaantony/enpm702_cpp_ws/enpm702_fall2024/cmake-3.22.1/CMakeFiles/CMakeTmp

Run Build Command(s):/usr/bin/gmake -f Makefile cmTC_8ae57/fast && gmake  -f CMakeFiles/cmTC_8ae57.dir/build.make CMakeFiles/cmTC_8ae57.dir/build
gmake[1]: Entering directory '/home/munyaantony/enpm702_cpp_ws/enpm702_fall2024/cmake-3.22.1/CMakeFiles/CMakeTmp'
Building C object CMakeFiles/cmTC_8ae57.dir/src.c.o
/usr/bin/gcc -DHAVE_STRUCT_STAT_ST_FLAGS  -w  -std=gnu11 -o CMakeFiles/cmTC_8ae57.dir/src.c.o -c /home/munyaantony/enpm702_cpp_ws/enpm702_fall2024/cmake-3.22.1/CMakeFiles/CMakeTmp/src.c
/home/munyaantony/enpm702_cpp_ws/enpm702_fall2024/cmake-3.22.1/CMakeFiles/CMakeTmp/src.c: In function ‘main’:
/home/munyaantony/enpm702_cpp_ws/enpm702_fall2024/cmake-3.22.1/CMakeFiles/CMakeTmp/src.c:7:34: error: ‘struct stat’ has no member named ‘st_flags’
    7 |   (void)sizeof(((struct stat *)0)->st_flags);
      |                                  ^~
gmake[1]: *** [CMakeFiles/cmTC_8ae57.dir/build.make:78: CMakeFiles/cmTC_8ae57.dir/src.c.o] Error 1
gmake[1]: Leaving directory '/home/munyaantony/enpm702_cpp_ws/enpm702_fall2024/cmake-3.22.1/CMakeFiles/CMakeTmp'
gmake: *** [Makefile:127: cmTC_8ae57/fast] Error 2


Source file was:

#include <sys/types.h>
#include <sys/stat.h>

int main()
{
  (void)sizeof(((struct stat *)0)->st_flags);
  return 0;
}

Performing C SOURCE FILE Test HAVE_STRUCT_STATVFS_F_IOSIZE failed with the following output:
Change Dir: /home/munyaantony/enpm702_cpp_ws/enpm702_fall2024/cmake-3.22.1/CMakeFiles/CMakeTmp

Run Build Command(s):/usr/bin/gmake -f Makefile cmTC_8e81f/fast && gmake  -f CMakeFiles/cmTC_8e81f.dir/build.make CMakeFiles/cmTC_8e81f.dir/build
gmake[1]: Entering directory '/home/munyaantony/enpm702_cpp_ws/enpm702_fall2024/cmake-3.22.1/CMakeFiles/CMakeTmp'
Building C object CMakeFiles/cmTC_8e81f.dir/src.c.o
/usr/bin/gcc -DHAVE_STRUCT_STATVFS_F_IOSIZE  -w  -std=gnu11 -o CMakeFiles/cmTC_8e81f.dir/src.c.o -c /home/munyaantony/enpm702_cpp_ws/enpm702_fall2024/cmake-3.22.1/CMakeFiles/CMakeTmp/src.c
/home/munyaantony/enpm702_cpp_ws/enpm702_fall2024/cmake-3.22.1/CMakeFiles/CMakeTmp/src.c: In function ‘main’:
/home/munyaantony/enpm702_cpp_ws/enpm702_fall2024/cmake-3.22.1/CMakeFiles/CMakeTmp/src.c:7:39: error: ‘struct statvfs’ has no member named ‘f_iosize’; did you mean ‘f_bsize’?
    7 |   (void)sizeof(((struct statvfs *)0)->f_iosize);
      |                                       ^~~~~~~~
      |                                       f_bsize
gmake[1]: *** [CMakeFiles/cmTC_8e81f.dir/build.make:78: CMakeFiles/cmTC_8e81f.dir/src.c.o] Error 1
gmake[1]: Leaving directory '/home/munyaantony/enpm702_cpp_ws/enpm702_fall2024/cmake-3.22.1/CMakeFiles/CMakeTmp'
gmake: *** [Makefile:127: cmTC_8e81f/fast] Error 2


Source file was:

#include <sys/types.h>
#include <sys/statvfs.h>

int main()
{
  (void)sizeof(((struct statvfs *)0)->f_iosize);
  return 0;
}

